|t:|1765331988
|gametype|doubles
|player|p1|Bot1||
|player|p2|Bot2||
|gen|9
|tier|[Gen 9] VGC 2026 Reg F
|rule|Species Clause: Limit one of each Pokémon
|rule|Item Clause: Limit 1 of each item
|clearpoke
|poke|p1|Gyarados, L50, M|
|poke|p1|Regidrago, L50|
|poke|p1|Noivern, L50, F|
|poke|p1|Probopass, L50, F|
|poke|p1|Glaceon, L50, F|
|poke|p1|Gallade, L50, M|
|poke|p2|Cyclizar, L50, M|
|poke|p2|Ludicolo, L50, M|
|poke|p2|Infernape, L50, M|
|poke|p2|Vaporeon, L50, F|
|poke|p2|Amoonguss, L50, M|
|poke|p2|Klefki, L50, M|
|teampreview|4
|uhtml|otsrequest|<button name="send" value="/acceptopenteamsheets" class="button" style="margin-right: 10px;"><strong>Accept Open Team Sheets</strong></button><button name="send" value="/rejectopenteamsheets" class="button" style="margin-top: 10px"><strong>Deny Open Team Sheets</strong></button>
|uhtml|otsrequest|<button name="send" value="/acceptopenteamsheets" class="button" style="margin-right: 10px;"><strong>Accept Open Team Sheets</strong></button><button name="send" value="/rejectopenteamsheets" class="button" style="margin-top: 10px"><strong>Deny Open Team Sheets</strong></button>
|
|t:|1765331988
|teamsize|p1|4
|teamsize|p2|4
|start
|uhtmlchange|otsrequest|
|uhtmlchange|otsrequest|
|switch|p1a: Gyarados|Gyarados, L50, M|181/181
|switch|p1b: Regidrago|Regidrago, L50|286/286
|switch|p2a: Cyclizar|Cyclizar, L50, M|156/156
|switch|p2b: Ludicolo|Ludicolo, L50, M|166/166
|-ability|p1a: Gyarados|Intimidate|boost
|-unboost|p2a: Cyclizar|atk|1
|-unboost|p2b: Ludicolo|atk|1
|turn|1
|
|t:|1765331988
|move|p1b: Regidrago|Dragon Claw|p2b: Ludicolo
|-damage|p2b: Ludicolo|78/166
|move|p2a: Cyclizar|Draco Meteor|p1b: Regidrago
|-supereffective|p1b: Regidrago
|-damage|p1b: Regidrago|3/286
|-unboost|p2a: Cyclizar|spa|2
|-damage|p2a: Cyclizar|141/156|[from] item: Life Orb
|move|p1a: Gyarados|Waterfall|p2a: Cyclizar
|-resisted|p2a: Cyclizar
|-damage|p2a: Cyclizar|103/156
|move|p2b: Ludicolo|Icy Wind|p1a: Gyarados|[spread] p1a
|-miss|p2b: Ludicolo|p1b: Regidrago
|-damage|p1a: Gyarados|166/181
|-unboost|p1a: Gyarados|spe|1
|
|upkeep
|turn|2
|
|t:|1765331988
|move|p1a: Gyarados|Helping Hand|p1b: Regidrago
|-singleturn|p1b: Regidrago|Helping Hand|[of] p1a: Gyarados
|move|p1b: Regidrago|Dragon Claw|p2a: Cyclizar
|-supereffective|p2a: Cyclizar
|-damage|p2a: Cyclizar|0 fnt
|faint|p2a: Cyclizar
|move|p2b: Ludicolo|Icy Wind|p1a: Gyarados|[spread] p1a,p1b
|-supereffective|p1b: Regidrago
|-damage|p1a: Gyarados|149/181
|-damage|p1b: Regidrago|0 fnt
|-unboost|p1a: Gyarados|spe|1
|faint|p1b: Regidrago
|
|upkeep
|
|t:|1765331988
|switch|p2a: Infernape|Infernape, L50, M|162/162
|switch|p1b: Noivern|Noivern, L50, F|171/171
|-item|p2a: Infernape|Clear Amulet|[from] ability: Frisk|[of] p1b: Noivern
|-item|p2b: Ludicolo|Assault Vest|[from] ability: Frisk|[of] p1b: Noivern
|turn|3
|
|t:|1765331988
|move|p1a: Gyarados|Helping Hand|p1b: Noivern
|-singleturn|p1b: Noivern|Helping Hand|[of] p1a: Gyarados
|move|p2a: Infernape|Fake Out|p1b: Noivern
|-damage|p1b: Noivern|151/171
|move|p2b: Ludicolo|Fake Out||[still]
|-hint|Fake Out only works on your first turn out.
|-fail|p2b: Ludicolo
|cant|p1b: Noivern|flinch
|
|upkeep
|turn|4
|
|t:|1765331988
|move|p1a: Gyarados|Helping Hand|p1b: Noivern
|-singleturn|p1b: Noivern|Helping Hand|[of] p1a: Gyarados
|move|p1b: Noivern|Draco Meteor|p2b: Ludicolo
|-damage|p2b: Ludicolo|0 fnt
|-unboost|p1b: Noivern|spa|2
|faint|p2b: Ludicolo
|-damage|p1b: Noivern|134/171|[from] item: Life Orb
|move|p2a: Infernape|Overheat|p1b: Noivern
|-resisted|p1b: Noivern
|-damage|p1b: Noivern|87/171
|-unboost|p2a: Infernape|spa|2
|
|upkeep
|
|t:|1765331988
|switch|p2b: Vaporeon|Vaporeon, L50, F|216/216
|turn|5
|
|t:|1765331988
|move|p1a: Gyarados|Helping Hand|p1b: Noivern
|-singleturn|p1b: Noivern|Helping Hand|[of] p1a: Gyarados
|move|p1b: Noivern|Draco Meteor|p2b: Vaporeon
|-damage|p2b: Vaporeon|134/216
|-unboost|p1b: Noivern|spa|2
|-damage|p1b: Noivern|70/171|[from] item: Life Orb
|move|p2a: Infernape|Knock Off|p1b: Noivern
|-damage|p1b: Noivern|25/171
|-enditem|p1b: Noivern|Life Orb|[from] move: Knock Off|[of] p2a: Infernape
|move|p2b: Vaporeon|Icy Wind|p1a: Gyarados|[spread] p1a,p1b
|-crit|p1a: Gyarados
|-supereffective|p1b: Noivern
|-damage|p1a: Gyarados|122/181
|-damage|p1b: Noivern|0 fnt
|-unboost|p1a: Gyarados|spe|1
|faint|p1b: Noivern
|
|-heal|p2b: Vaporeon|147/216|[from] item: Leftovers
|upkeep
|
|t:|1765331988
|switch|p1b: Probopass|Probopass, L50, F|146/146
|turn|6
|
|t:|1765331988
|move|p2a: Infernape|Fake Out||[still]
|-hint|Fake Out only works on your first turn out.
|-fail|p2a: Infernape
|move|p2b: Vaporeon|Wish|p2b: Vaporeon
|move|p1b: Probopass|Iron Defense|p1b: Probopass
|-boost|p1b: Probopass|def|2
|move|p1a: Gyarados|Waterfall|p2b: Vaporeon
|-heal|p2b: Vaporeon|201/216|[from] ability: Water Absorb|[of] p1a: Gyarados
|
|-heal|p2b: Vaporeon|214/216|[from] item: Leftovers
|upkeep
|turn|7
|
|t:|1765331988
|move|p1a: Gyarados|Helping Hand|p1b: Probopass
|-singleturn|p1b: Probopass|Helping Hand|[of] p1a: Gyarados
|move|p2a: Infernape|Knock Off|p1a: Gyarados
|-damage|p1a: Gyarados|72/181
|-enditem|p1a: Gyarados|Sitrus Berry|[from] move: Knock Off|[of] p2a: Infernape
|move|p2b: Vaporeon|Wish||[still]
|-fail|p2b: Vaporeon
|move|p1b: Probopass|Thunder Wave|p2a: Infernape
|-status|p2a: Infernape|par
|
|-heal|p2b: Vaporeon|216/216|[from] move: Wish|[wisher] Vaporeon
|upkeep
|turn|8
|
|t:|1765331988
|move|p2b: Vaporeon|Wish|p2b: Vaporeon
|move|p1b: Probopass|Body Press|p2b: Vaporeon
|-damage|p2b: Vaporeon|87/216
|move|p2a: Infernape|Overheat|p1a: Gyarados
|-resisted|p1a: Gyarados
|-damage|p1a: Gyarados|51/181
|-unboost|p2a: Infernape|spa|2
|move|p1a: Gyarados|Waterfall|p2a: Infernape
|-supereffective|p2a: Infernape
|-damage|p2a: Infernape|0 fnt
|faint|p2a: Infernape
|
|-heal|p2b: Vaporeon|100/216|[from] item: Leftovers
|upkeep
|turn|9
|
|t:|1765331988
|move|p2b: Vaporeon|Wish||[still]
|-fail|p2b: Vaporeon
|move|p1b: Probopass|Thunder Wave|p2b: Vaporeon
|-status|p2b: Vaporeon|par
|move|p1a: Gyarados|Waterfall|p2b: Vaporeon
|-heal|p2b: Vaporeon|154/216 par|[from] ability: Water Absorb|[of] p1a: Gyarados
|
|-heal|p2b: Vaporeon|216/216 par|[from] move: Wish|[wisher] Vaporeon
|upkeep
|turn|10
|
|t:|1765331988
|move|p1b: Probopass|Iron Defense|p1b: Probopass
|-boost|p1b: Probopass|def|2
|move|p2b: Vaporeon|Wish|p2b: Vaporeon
|move|p1a: Gyarados|Taunt|p2b: Vaporeon
|-start|p2b: Vaporeon|move: Taunt
|
|upkeep
|turn|11
|
|t:|1765331988
|move|p1b: Probopass|Power Gem|p2b: Vaporeon
|-damage|p2b: Vaporeon|171/216 par
|cant|p2b: Vaporeon|par
|move|p1a: Gyarados|Waterfall|p2b: Vaporeon
|-heal|p2b: Vaporeon|216/216 par|[from] ability: Water Absorb|[of] p1a: Gyarados
|
|upkeep
|turn|12
|
|t:|1765331988
|move|p1b: Probopass|Power Gem|p2b: Vaporeon
|-damage|p2b: Vaporeon|177/216 par
|move|p2b: Vaporeon|Icy Wind|p1b: Probopass|[spread] p1a,p1b
|-resisted|p1b: Probopass
|-damage|p1a: Gyarados|32/181
|-damage|p1b: Probopass|140/146
|-unboost|p1a: Gyarados|spe|1
|-unboost|p1b: Probopass|spe|1
|move|p1a: Gyarados|Waterfall|p2b: Vaporeon
|-heal|p2b: Vaporeon|216/216 par|[from] ability: Water Absorb|[of] p1a: Gyarados
|
|-heal|p1b: Probopass|146/146|[from] item: Leftovers
|upkeep
|turn|13
|
|t:|1765331988
|cant|p2b: Vaporeon|par
|move|p1b: Probopass|Body Press|p2b: Vaporeon
|-damage|p2b: Vaporeon|33/216 par
|move|p1a: Gyarados|Icy Wind|p2b: Vaporeon
|-resisted|p2b: Vaporeon
|-damage|p2b: Vaporeon|25/216 par
|-unboost|p2b: Vaporeon|spe|1
|
|-heal|p2b: Vaporeon|38/216 par|[from] item: Leftovers
|-end|p2b: Vaporeon|move: Taunt
|upkeep
|turn|14
|
|t:|1765331988
|move|p1b: Probopass|Power Gem|p2b: Vaporeon
|-damage|p2b: Vaporeon|0 fnt
|faint|p2b: Vaporeon
|
|win|Bot1