|t:|1765329164
|gametype|doubles
|player|p1|Bot1||
|player|p2|Bot2||
|gen|9
|tier|[Gen 9] VGC 2026 Reg F
|rule|Species Clause: Limit one of each Pokémon
|rule|Item Clause: Limit 1 of each item
|clearpoke
|poke|p1|Spidops, L50, F|
|poke|p1|Sandy Shocks, L50|
|poke|p1|Zangoose, L50, M|
|poke|p1|Zekrom, L50|
|poke|p1|Rhyperior, L50, F|
|poke|p1|Lumineon, L50, F|
|poke|p2|Hatterene, L50, F|
|poke|p2|Rotom, L50|
|poke|p2|Azumarill, L50, M|
|poke|p2|Azelf, L50|
|poke|p2|Zangoose, L50, F|
|poke|p2|Skuntank, L50, M|
|teampreview|4
|uhtml|otsrequest|<button name="send" value="/acceptopenteamsheets" class="button" style="margin-right: 10px;"><strong>Accept Open Team Sheets</strong></button><button name="send" value="/rejectopenteamsheets" class="button" style="margin-top: 10px"><strong>Deny Open Team Sheets</strong></button>
|uhtml|otsrequest|<button name="send" value="/acceptopenteamsheets" class="button" style="margin-right: 10px;"><strong>Accept Open Team Sheets</strong></button><button name="send" value="/rejectopenteamsheets" class="button" style="margin-top: 10px"><strong>Deny Open Team Sheets</strong></button>
|
|t:|1765329164
|teamsize|p1|4
|teamsize|p2|4
|start
|uhtmlchange|otsrequest|
|uhtmlchange|otsrequest|
|switch|p1a: Spidops|Spidops, L50, F|146/146
|switch|p1b: Sandy Shocks|Sandy Shocks, L50|171/171
|switch|p2a: Hatterene|Hatterene, L50, F|143/143
|switch|p2b: Rotom|Rotom, L50|136/136
|turn|1
|
|t:|1765329164
|move|p1b: Sandy Shocks|Volt Switch|p2a: Hatterene
|-damage|p2a: Hatterene|85/143
|-damage|p1b: Sandy Shocks|154/171|[from] item: Life Orb
|
|t:|1765329164
|-end|p1b: Sandy Shocks|Protosynthesis|[silent]
|switch|p1b: Zangoose|Zangoose, L50, M|159/159|[from] Volt Switch
|move|p2b: Rotom|Thunderbolt|p1a: Spidops
|-damage|p1a: Spidops|63/146
|-enditem|p1a: Spidops|Sitrus Berry|[eat]
|-heal|p1a: Spidops|99/146|[from] item: Sitrus Berry
|-damage|p2b: Rotom|123/136|[from] item: Life Orb
|move|p1a: Spidops|Circle Throw|p2b: Rotom
|-immune|p2b: Rotom
|move|p2a: Hatterene|Trick Room|p2a: Hatterene
|-fieldstart|move: Trick Room|[of] p2a: Hatterene
|
|-status|p1b: Zangoose|tox|[from] item: Toxic Orb
|upkeep
|turn|2
|
|t:|1765329164
|move|p1a: Spidops|Sticky Web|p2a: Hatterene
|move|p2a: Hatterene|Sticky Web|p1a: Spidops|[from] ability: Magic Bounce
|-sidestart|p1: Bot1|move: Sticky Web
|move|p1b: Zangoose|Facade|p2b: Rotom
|-immune|p2b: Rotom
|move|p2b: Rotom|Volt Switch|p1b: Zangoose
|-damage|p1b: Zangoose|88/159 tox
|-damage|p2b: Rotom|110/136|[from] item: Life Orb
|
|t:|1765329164
|switch|p2b: Azelf|Azelf, L50|161/161|[from] Volt Switch
|move|p2a: Hatterene|Trick Room|p2a: Hatterene
|-fieldend|move: Trick Room
|
|-damage|p1b: Zangoose|79/159 tox|[from] psn
|upkeep
|turn|3
|
|t:|1765329164
|move|p2b: Azelf|Psychic|p1a: Spidops
|-damage|p1a: Spidops|2/146
|-damage|p2b: Azelf|145/161|[from] item: Life Orb
|move|p1b: Zangoose|Close Combat|p2b: Azelf
|-resisted|p2b: Azelf
|-damage|p2b: Azelf|94/161
|-unboost|p1b: Zangoose|def|1
|-unboost|p1b: Zangoose|spd|1
|move|p1a: Spidops|Lunge|p2a: Hatterene
|-damage|p2a: Hatterene|43/143
|-unboost|p2a: Hatterene|atk|1
|move|p2a: Hatterene|Psychic|p1a: Spidops
|-damage|p1a: Spidops|0 fnt
|faint|p1a: Spidops
|-damage|p2a: Hatterene|29/143|[from] item: Life Orb
|
|-damage|p1b: Zangoose|61/159 tox|[from] psn
|upkeep
|
|t:|1765329164
|switch|p1a: Zekrom|Zekrom, L50|186/186
|-activate|p1a: Zekrom|move: Sticky Web
|-fail|p1a: Zekrom|unboost|[from] item: Clear Amulet|[of] p1a: Zekrom
|-ability|p1a: Zekrom|Teravolt
|turn|4
|
|t:|1765329164
|move|p1b: Zangoose|Protect|p1b: Zangoose
|-singleturn|p1b: Zangoose|Protect
|move|p2b: Azelf|Fire Blast|p1a: Zekrom
|-resisted|p1a: Zekrom
|-crit|p1a: Zekrom
|-damage|p1a: Zekrom|130/186
|-damage|p2b: Azelf|78/161|[from] item: Life Orb
|move|p1a: Zekrom|Bolt Strike|p2a: Hatterene|[miss]
|-miss|p1a: Zekrom|p2a: Hatterene
|move|p2a: Hatterene|Mystical Fire|p1a: Zekrom
|-resisted|p1a: Zekrom
|-damage|p1a: Zekrom|104/186
|-damage|p2a: Hatterene|15/143|[from] item: Life Orb
|
|-damage|p1b: Zangoose|34/159 tox|[from] psn
|upkeep
|turn|5
|
|t:|1765329164
|move|p2b: Azelf|Protect|p2b: Azelf
|-singleturn|p2b: Azelf|Protect
|move|p1a: Zekrom|Protect|p1a: Zekrom
|-singleturn|p1a: Zekrom|Protect
|move|p1b: Zangoose|Facade|p2b: Azelf
|-activate|p2b: Azelf|move: Protect
|move|p2a: Hatterene|Trick Room|p2a: Hatterene
|-fieldstart|move: Trick Room|[of] p2a: Hatterene
|
|-damage|p1b: Zangoose|0 fnt|[from] psn
|faint|p1b: Zangoose
|upkeep
|
|t:|1765329164
|switch|p1b: Sandy Shocks|Sandy Shocks, L50|154/171
|-activate|p1b: Sandy Shocks|move: Sticky Web
|-unboost|p1b: Sandy Shocks|spe|1
|turn|6
|
|t:|1765329164
|move|p2b: Azelf|Protect||[still]
|-fail|p2b: Azelf
|move|p2a: Hatterene|Psychic|p1b: Sandy Shocks
|-damage|p1b: Sandy Shocks|40/171
|-damage|p2a: Hatterene|1/143|[from] item: Life Orb
|move|p1b: Sandy Shocks|Tera Blast|p2b: Azelf
|-damage|p2b: Azelf|12/161
|-damage|p1b: Sandy Shocks|23/171|[from] item: Life Orb
|move|p1a: Zekrom|Dragon Claw|p2a: Hatterene
|-immune|p2a: Hatterene
|
|upkeep
|turn|7
|
|t:|1765329164
|move|p1a: Zekrom|Protect|p1a: Zekrom
|-singleturn|p1a: Zekrom|Protect
|move|p1b: Sandy Shocks|Tera Blast|p2b: Azelf
|-damage|p2b: Azelf|0 fnt
|faint|p2b: Azelf
|-damage|p1b: Sandy Shocks|6/171|[from] item: Life Orb
|move|p2a: Hatterene|Trick Room|p2a: Hatterene
|-fieldend|move: Trick Room
|
|upkeep
|
|t:|1765329164
|switch|p2b: Rotom|Rotom, L50|110/136
|turn|8
|
|t:|1765329164
|move|p1a: Zekrom|Protect||[still]
|-fail|p1a: Zekrom
|move|p2b: Rotom|Thunderbolt|p1b: Sandy Shocks
|-immune|p1b: Sandy Shocks
|move|p1b: Sandy Shocks|Tera Blast|p2b: Rotom
|-immune|p2b: Rotom
|move|p2a: Hatterene|Trick Room|p2a: Hatterene
|-fieldstart|move: Trick Room|[of] p2a: Hatterene
|
|upkeep
|turn|9
|
|t:|1765329164
|move|p2a: Hatterene|Psychic|p1a: Zekrom
|-damage|p1a: Zekrom|5/186
|-damage|p2a: Hatterene|0 fnt|[from] item: Life Orb
|faint|p2a: Hatterene
|move|p1b: Sandy Shocks|Volt Switch|p2b: Rotom
|-resisted|p2b: Rotom
|-damage|p2b: Rotom|70/136
|-damage|p1b: Sandy Shocks|0 fnt|[from] item: Life Orb
|faint|p1b: Sandy Shocks
|-end|p1b: Sandy Shocks|Protosynthesis|[silent]
|move|p1a: Zekrom|Dragon Dance|p1a: Zekrom
|-boost|p1a: Zekrom|atk|1
|-boost|p1a: Zekrom|spe|1
|move|p2b: Rotom|Thunderbolt|p1a: Zekrom
|-resisted|p1a: Zekrom
|-damage|p1a: Zekrom|0 fnt
|faint|p1a: Zekrom
|-damage|p2b: Rotom|57/136|[from] item: Life Orb
|
|win|Bot2