|t:|1765334683
|gametype|doubles
|player|p1|Bot1||
|player|p2|Bot2||
|gen|9
|tier|[Gen 9] VGC 2026 Reg F
|rule|Species Clause: Limit one of each Pokémon
|rule|Item Clause: Limit 1 of each item
|clearpoke
|poke|p1|Scream Tail, L50|
|poke|p1|Hitmonchan, L50, M|
|poke|p1|Sneasler, L50, M|
|poke|p1|Snorlax, L50, M|
|poke|p1|Galvantula, L50, F|
|poke|p1|Torterra, L50, M|
|poke|p2|Lumineon, L50, M|
|poke|p2|Cetitan, L50, F|
|poke|p2|Golem, L50, M|
|poke|p2|Palafin, L50, F|
|poke|p2|Salazzle, L50, F|
|poke|p2|Raichu-Alola, L50, F|
|teampreview|4
|uhtml|otsrequest|<button name="send" value="/acceptopenteamsheets" class="button" style="margin-right: 10px;"><strong>Accept Open Team Sheets</strong></button><button name="send" value="/rejectopenteamsheets" class="button" style="margin-top: 10px"><strong>Deny Open Team Sheets</strong></button>
|uhtml|otsrequest|<button name="send" value="/acceptopenteamsheets" class="button" style="margin-right: 10px;"><strong>Accept Open Team Sheets</strong></button><button name="send" value="/rejectopenteamsheets" class="button" style="margin-top: 10px"><strong>Deny Open Team Sheets</strong></button>
|
|t:|1765334683
|teamsize|p1|4
|teamsize|p2|4
|start
|uhtmlchange|otsrequest|
|uhtmlchange|otsrequest|
|switch|p1a: Scream Tail|Scream Tail, L50|201/201
|switch|p1b: Hitmonchan|Hitmonchan, L50, M|136/136
|switch|p2a: Lumineon|Lumineon, L50, M|155/155
|switch|p2b: Cetitan|Cetitan, L50, F|256/256
|turn|1
|
|t:|1765334683
|move|p1a: Scream Tail|Play Rough|p2a: Lumineon
|-damage|p2a: Lumineon|109/155
|move|p2a: Lumineon|Encore|p1a: Scream Tail
|-start|p1a: Scream Tail|Encore
|move|p1b: Hitmonchan|Poison Jab|p2b: Cetitan
|-damage|p2b: Cetitan|208/256
|move|p2b: Cetitan|Liquidation|p2a: Lumineon
|-activate|p2a: Lumineon|ability: Storm Drain
|-ability|p2a: Lumineon|Storm Drain|boost
|-boost|p2a: Lumineon|spa|1
|
|upkeep
|turn|2
|
|t:|1765334683
|move|p1a: Scream Tail|Play Rough|p2b: Cetitan
|-damage|p2b: Cetitan|150/256
|move|p2a: Lumineon|Tickle|p1a: Scream Tail
|-unboost|p1a: Scream Tail|atk|1
|-unboost|p1a: Scream Tail|def|1
|move|p1b: Hitmonchan|Poison Jab|p2b: Cetitan
|-damage|p2b: Cetitan|101/256
|move|p2b: Cetitan|High Horsepower|p1b: Hitmonchan
|-damage|p1b: Hitmonchan|63/136
|-enditem|p1b: Hitmonchan|Sitrus Berry|[eat]
|-heal|p1b: Hitmonchan|97/136|[from] item: Sitrus Berry
|-damage|p2b: Cetitan|76/256|[from] item: Life Orb
|
|upkeep
|turn|3
|
|t:|1765334683
|move|p1a: Scream Tail|Play Rough|p2b: Cetitan
|-damage|p2b: Cetitan|36/256
|move|p2a: Lumineon|Icy Wind|p1a: Scream Tail|[spread] p1a,p1b
|-damage|p1a: Scream Tail|184/201
|-damage|p1b: Hitmonchan|78/136
|-unboost|p1a: Scream Tail|spe|1
|-unboost|p1b: Hitmonchan|spe|1
|move|p2b: Cetitan|High Horsepower|p1b: Hitmonchan
|-damage|p1b: Hitmonchan|9/136
|-damage|p2b: Cetitan|11/256|[from] item: Life Orb
|move|p1b: Hitmonchan|Coaching|p1a: Scream Tail
|-boost|p1a: Scream Tail|atk|1
|-boost|p1a: Scream Tail|def|1
|
|upkeep
|turn|4
|
|t:|1765334683
|move|p2a: Lumineon|Icy Wind|p1a: Scream Tail|[spread] p1a,p1b
|-damage|p1a: Scream Tail|168/201
|-damage|p1b: Hitmonchan|0 fnt
|-unboost|p1a: Scream Tail|spe|1
|faint|p1b: Hitmonchan
|move|p2b: Cetitan|High Horsepower|p1a: Scream Tail
|-damage|p1a: Scream Tail|111/201
|-damage|p2b: Cetitan|0 fnt|[from] item: Life Orb
|faint|p2b: Cetitan
|move|p1a: Scream Tail|Play Rough|p2a: Lumineon
|-damage|p2a: Lumineon|63/155
|-enditem|p2a: Lumineon|Sitrus Berry|[eat]
|-heal|p2a: Lumineon|101/155|[from] item: Sitrus Berry
|
|-end|p1a: Scream Tail|Encore
|upkeep
|
|t:|1765334683
|switch|p1b: Snorlax|Snorlax, L50, M|246/246
|switch|p2b: Golem|Golem, L50, M|166/166
|turn|5
|
|t:|1765334683
|move|p2a: Lumineon|Tickle|p1b: Snorlax
|-unboost|p1b: Snorlax|atk|1
|-unboost|p1b: Snorlax|def|1
|move|p2b: Golem|Rock Slide|p1b: Snorlax|[spread] p1b
|-miss|p2b: Golem|p1a: Scream Tail
|-damage|p1b: Snorlax|164/246
|move|p1a: Scream Tail|Thunder Wave|p2a: Lumineon
|-status|p2a: Lumineon|par
|move|p1b: Snorlax|Crunch|p2a: Lumineon
|-damage|p2a: Lumineon|54/155 par
|
|upkeep
|turn|6
|
|t:|1765334683
|move|p2b: Golem|Rock Polish|p2b: Golem
|-boost|p2b: Golem|spe|2
|move|p1a: Scream Tail|Stealth Rock|p2a: Lumineon
|-sidestart|p2: Bot2|move: Stealth Rock
|move|p2a: Lumineon|Encore|p1a: Scream Tail
|-start|p1a: Scream Tail|Encore
|move|p1b: Snorlax|Crunch|p2a: Lumineon
|-damage|p2a: Lumineon|14/155 par
|
|upkeep
|turn|7
|
|t:|1765334683
|move|p2b: Golem|Rock Slide|p1b: Snorlax|[spread] p1a,p1b
|-damage|p1a: Scream Tail|68/201
|-damage|p1b: Snorlax|88/246
|-enditem|p1a: Scream Tail|Sitrus Berry|[eat]
|-heal|p1a: Scream Tail|118/201|[from] item: Sitrus Berry
|cant|p1a: Scream Tail|flinch
|cant|p2a: Lumineon|par
|cant|p1b: Snorlax|flinch
|
|upkeep
|turn|8
|
|t:|1765334683
|move|p2b: Golem|High Horsepower|p1a: Scream Tail
|-damage|p1a: Scream Tail|48/201
|move|p1a: Scream Tail|Stealth Rock||[still]
|-fail|p1a: Scream Tail
|move|p2a: Lumineon|Hydro Pump|p1b: Snorlax
|-damage|p1b: Snorlax|21/246
|move|p1b: Snorlax|Crunch|p2a: Lumineon
|-damage|p2a: Lumineon|0 fnt
|faint|p2a: Lumineon
|
|upkeep
|
|t:|1765334683
|switch|p2a: Palafin|Palafin, L50, F|186/186
|-damage|p2a: Palafin|163/186|[from] Stealth Rock
|turn|9
|
|t:|1765334683
|move|p2b: Golem|Rock Polish|p2b: Golem
|-boost|p2b: Golem|spe|2
|move|p2a: Palafin|Flip Turn|p1a: Scream Tail
|-damage|p1a: Scream Tail|14/201
|move|p1a: Scream Tail|Stealth Rock||[still]
|-fail|p1a: Scream Tail
|move|p1b: Snorlax|Crunch|p2a: Palafin
|-damage|p2a: Palafin|114/186
|
|-end|p1a: Scream Tail|Encore
|upkeep
|turn|10
|
|t:|1765334683
|move|p2b: Golem|High Horsepower|p1b: Snorlax
|-damage|p1b: Snorlax|0 fnt
|faint|p1b: Snorlax
|move|p2a: Palafin|Wave Crash|p1a: Scream Tail
|-damage|p1a: Scream Tail|0 fnt
|faint|p1a: Scream Tail
|-end|p1a: Scream Tail|Protosynthesis|[silent]
|-damage|p2a: Palafin|109/186|[from] Recoil
|
|upkeep
|
|t:|1765334683
|switch|p1a: Sneasler|Sneasler, L50, M|166/166
|turn|11
|
|t:|1765334683
|move|p2a: Palafin|Protect|p2a: Palafin
|-singleturn|p2a: Palafin|Protect
|move|p1a: Sneasler|Fake Out|p2a: Palafin
|-activate|p2a: Palafin|move: Protect
|move|p2b: Golem|Rock Polish|p2b: Golem
|-boost|p2b: Golem|spe|2
|
|upkeep
|turn|12
|
|t:|1765334683
|move|p2b: Golem|Protect|p2b: Golem
|-singleturn|p2b: Golem|Protect
|move|p2a: Palafin|Protect|p2a: Palafin
|-singleturn|p2a: Palafin|Protect
|move|p1a: Sneasler|Throat Chop|p2b: Golem
|-activate|p2b: Golem|move: Protect
|
|upkeep
|turn|13
|
|t:|1765334683
|move|p2b: Golem|Rock Slide|p1a: Sneasler
|-resisted|p1a: Sneasler
|-damage|p1a: Sneasler|130/166
|cant|p1a: Sneasler|flinch
|move|p2a: Palafin|Flip Turn|p1a: Sneasler
|-damage|p1a: Sneasler|78/166
|
|upkeep
|turn|14
|
|t:|1765334683
|move|p2b: Golem|Protect|p2b: Golem
|-singleturn|p2b: Golem|Protect
|move|p2a: Palafin|Jet Punch|p1a: Sneasler
|-damage|p1a: Sneasler|29/166
|move|p1a: Sneasler|Dire Claw|p2b: Golem
|-activate|p2b: Golem|move: Protect
|
|upkeep
|turn|15
|
|t:|1765334683
|move|p2a: Palafin|Protect|p2a: Palafin
|-singleturn|p2a: Palafin|Protect
|move|p1a: Sneasler|Fake Out||[still]
|-hint|Fake Out only works on your first turn out.
|-fail|p1a: Sneasler
|move|p2b: Golem|High Horsepower|p1a: Sneasler
|-supereffective|p1a: Sneasler
|-damage|p1a: Sneasler|0 fnt
|faint|p1a: Sneasler
|
|win|Bot2