|t:|1765338586
|gametype|doubles
|player|p1|Bot1||
|player|p2|Bot2||
|gen|9
|tier|[Gen 9] VGC 2026 Reg F
|rule|Species Clause: Limit one of each Pokémon
|rule|Item Clause: Limit 1 of each item
|clearpoke
|poke|p1|Whiscash, L50, F|
|poke|p1|Dragalge, L50, M|
|poke|p1|Brambleghast, L50, M|
|poke|p1|Stonjourner, L50, F|
|poke|p1|Infernape, L50, M|
|poke|p1|Necrozma-Dawn-Wings, L50|
|poke|p2|Samurott-Hisui, L50, M|
|poke|p2|Vikavolt, L50, F|
|poke|p2|Palkia, L50|
|poke|p2|Zacian-*, L50|
|poke|p2|Honchkrow, L50, F|
|poke|p2|Alcremie-Ruby-Cream, L50, F|
|teampreview|4
|uhtml|otsrequest|<button name="send" value="/acceptopenteamsheets" class="button" style="margin-right: 10px;"><strong>Accept Open Team Sheets</strong></button><button name="send" value="/rejectopenteamsheets" class="button" style="margin-top: 10px"><strong>Deny Open Team Sheets</strong></button>
|uhtml|otsrequest|<button name="send" value="/acceptopenteamsheets" class="button" style="margin-right: 10px;"><strong>Accept Open Team Sheets</strong></button><button name="send" value="/rejectopenteamsheets" class="button" style="margin-top: 10px"><strong>Deny Open Team Sheets</strong></button>
|
|t:|1765338586
|teamsize|p1|4
|teamsize|p2|4
|start
|uhtmlchange|otsrequest|
|uhtmlchange|otsrequest|
|switch|p1a: Whiscash|Whiscash, L50, F|196/196
|switch|p1b: Dragalge|Dragalge, L50, M|151/151
|switch|p2a: Samurott|Samurott-Hisui, L50, M|176/176
|switch|p2b: Vikavolt|Vikavolt, L50, F|163/163
|turn|1
|
|t:|1765338586
|move|p2a: Samurott|Ceaseless Edge|p1a: Whiscash|[miss]
|-miss|p2a: Samurott|p1a: Whiscash
|move|p1a: Whiscash|Muddy Water|p2a: Samurott|[spread] p2b
|-miss|p1a: Whiscash|p2a: Samurott
|-damage|p2b: Vikavolt|123/163
|move|p1b: Dragalge|Draco Meteor|p2b: Vikavolt
|-damage|p2b: Vikavolt|0 fnt
|-unboost|p1b: Dragalge|spa|2
|faint|p2b: Vikavolt
|-damage|p1b: Dragalge|136/151|[from] item: Life Orb
|
|upkeep
|
|t:|1765338586
|switch|p2b: Zacian|Zacian, L50|178/178
|-ability|p2b: Zacian|Intrepid Sword|boost
|-boost|p2b: Zacian|atk|1
|turn|2
|
|t:|1765338586
|move|p2b: Zacian|Play Rough|p1b: Dragalge
|-damage|p1b: Dragalge|14/151
|-damage|p2b: Zacian|161/178|[from] item: Life Orb
|move|p2a: Samurott|Razor Shell|p1a: Whiscash
|-damage|p1a: Whiscash|71/196
|-unboost|p1a: Whiscash|def|1
|-enditem|p1a: Whiscash|Sitrus Berry|[eat]
|-heal|p1a: Whiscash|120/196|[from] item: Sitrus Berry
|-damage|p2a: Samurott|159/176|[from] item: Life Orb
|move|p1a: Whiscash|Icy Wind|p2b: Zacian|[spread] p2a,p2b
|-resisted|p2a: Samurott
|-damage|p2a: Samurott|149/176
|-damage|p2b: Zacian|149/178
|-unboost|p2a: Samurott|spe|1
|-unboost|p2b: Zacian|spe|1
|move|p1b: Dragalge|Hydro Pump|p2a: Samurott
|-resisted|p2a: Samurott
|-damage|p2a: Samurott|128/176
|-damage|p1b: Dragalge|0 fnt|[from] item: Life Orb
|faint|p1b: Dragalge
|
|upkeep
|
|t:|1765338586
|switch|p1b: Brambleghast|Brambleghast, L50, M|141/141
|turn|3
|
|t:|1765338586
|move|p2b: Zacian|Protect|p2b: Zacian
|-singleturn|p2b: Zacian|Protect
|move|p2a: Samurott|Protect|p2a: Samurott
|-singleturn|p2a: Samurott|Protect
|move|p1b: Brambleghast|Power Whip|p2a: Samurott
|-activate|p2a: Samurott|move: Protect
|move|p1a: Whiscash|Muddy Water|p2a: Samurott|[spread] 
|-activate|p2a: Samurott|move: Protect
|-activate|p2b: Zacian|move: Protect
|
|upkeep
|turn|4
|
|t:|1765338586
|move|p2b: Zacian|Protect||[still]
|-fail|p2b: Zacian
|move|p2a: Samurott|Protect||[still]
|-fail|p2a: Samurott
|move|p1b: Brambleghast|Shadow Sneak|p2a: Samurott
|-resisted|p2a: Samurott
|-damage|p2a: Samurott|107/176
|-damage|p1b: Brambleghast|127/141|[from] item: Life Orb
|move|p1a: Whiscash|Muddy Water|p2b: Zacian|[spread] p2a
|-miss|p1a: Whiscash|p2b: Zacian
|-resisted|p2a: Samurott
|-damage|p2a: Samurott|86/176
|
|upkeep
|turn|5
|
|t:|1765338586
|move|p1a: Whiscash|Helping Hand|p1b: Brambleghast
|-singleturn|p1b: Brambleghast|Helping Hand|[of] p1a: Whiscash
|move|p1b: Brambleghast|Power Whip|p2b: Zacian
|-damage|p2b: Zacian|0 fnt
|faint|p2b: Zacian
|-damage|p1b: Brambleghast|113/141|[from] item: Life Orb
|move|p2a: Samurott|Sacred Sword|p1a: Whiscash
|-damage|p1a: Whiscash|23/196
|-damage|p2a: Samurott|69/176|[from] item: Life Orb
|
|upkeep
|
|t:|1765338587
|switch|p2b: Palkia|Palkia, L50|176/176
|turn|6
|
|t:|1765338587
|move|p2b: Palkia|Protect|p2b: Palkia
|-singleturn|p2b: Palkia|Protect
|move|p1b: Brambleghast|Poltergeist|p2a: Samurott
|-activate|p2a: Samurott|move: Poltergeist|Life Orb
|-resisted|p2a: Samurott
|-damage|p2a: Samurott|11/176
|-damage|p1b: Brambleghast|99/141|[from] item: Life Orb
|move|p1a: Whiscash|Muddy Water|p2a: Samurott|[spread] p2a
|-activate|p2b: Palkia|move: Protect
|-resisted|p2a: Samurott
|-damage|p2a: Samurott|0 fnt
|faint|p2a: Samurott
|
|upkeep
|turn|7
|
|t:|1765338587
|move|p1b: Brambleghast|Protect|p1b: Brambleghast
|-singleturn|p1b: Brambleghast|Protect
|move|p2b: Palkia|Hydro Pump|p1b: Brambleghast
|-activate|p1b: Brambleghast|move: Protect
|move|p1a: Whiscash|High Horsepower|p2b: Palkia
|-damage|p2b: Palkia|127/176
|
|upkeep
|turn|8
|
|t:|1765338587
|move|p1a: Whiscash|Helping Hand|p1b: Brambleghast
|-singleturn|p1b: Brambleghast|Helping Hand|[of] p1a: Whiscash
|move|p1b: Brambleghast|Shadow Sneak|p2b: Palkia
|-damage|p2b: Palkia|75/176
|-damage|p1b: Brambleghast|85/141|[from] item: Life Orb
|move|p2b: Palkia|Spacial Rend|p1a: Whiscash
|-damage|p1a: Whiscash|0 fnt
|faint|p1a: Whiscash
|
|upkeep
|
|t:|1765338587
|switch|p1a: Stonjourner|Stonjourner, L50, F|186/186
|turn|9
|
|t:|1765338587
|move|p2b: Palkia|Hydro Pump|p1b: Brambleghast|[miss]
|-miss|p2b: Palkia|p1b: Brambleghast
|move|p1b: Brambleghast|Poltergeist|p2b: Palkia
|-activate|p2b: Palkia|move: Poltergeist|Lustrous Orb
|-damage|p2b: Palkia|0 fnt
|faint|p2b: Palkia
|-damage|p1b: Brambleghast|71/141|[from] item: Life Orb
|
|win|Bot1