|t:|1765335667
|gametype|doubles
|player|p1|Bot1||
|player|p2|Bot2||
|gen|9
|tier|[Gen 9] VGC 2026 Reg F
|rule|Species Clause: Limit one of each Pokémon
|rule|Item Clause: Limit 1 of each item
|clearpoke
|poke|p1|Hawlucha, L50, M|
|poke|p1|Latias, L50, F|
|poke|p1|Qwilfish-Hisui, L50, F|
|poke|p1|Toxtricity, L50, M|
|poke|p1|Charizard, L50, M|
|poke|p1|Grumpig, L50, M|
|poke|p2|Blaziken, L50, F|
|poke|p2|Comfey, L50, F|
|poke|p2|Forretress, L50, M|
|poke|p2|Palkia-Origin, L50|
|poke|p2|Bruxish, L50, M|
|poke|p2|Dachsbun, L50, F|
|teampreview|4
|uhtml|otsrequest|<button name="send" value="/acceptopenteamsheets" class="button" style="margin-right: 10px;"><strong>Accept Open Team Sheets</strong></button><button name="send" value="/rejectopenteamsheets" class="button" style="margin-top: 10px"><strong>Deny Open Team Sheets</strong></button>
|uhtml|otsrequest|<button name="send" value="/acceptopenteamsheets" class="button" style="margin-right: 10px;"><strong>Accept Open Team Sheets</strong></button><button name="send" value="/rejectopenteamsheets" class="button" style="margin-top: 10px"><strong>Deny Open Team Sheets</strong></button>
|
|t:|1765335667
|teamsize|p1|4
|teamsize|p2|4
|start
|uhtmlchange|otsrequest|
|uhtmlchange|otsrequest|
|switch|p1a: Hawlucha|Hawlucha, L50, M|164/164
|switch|p1b: Latias|Latias, L50, F|166/166
|switch|p2a: Blaziken|Blaziken, L50, F|166/166
|switch|p2b: Comfey|Comfey, L50, F|137/137
|turn|1
|
|t:|1765335667
|move|p1b: Latias|Protect|p1b: Latias
|-singleturn|p1b: Latias|Protect
|move|p1a: Hawlucha|Close Combat|p2a: Blaziken
|-damage|p2a: Blaziken|69/166
|-unboost|p1a: Hawlucha|def|1
|-unboost|p1a: Hawlucha|spd|1
|-enditem|p1a: Hawlucha|White Herb
|-clearnegativeboost|p1a: Hawlucha|[silent]
|move|p2b: Comfey|Tailwind|p2b: Comfey
|-sidestart|p2: Bot2|move: Tailwind
|move|p2a: Blaziken|Close Combat|p1b: Latias
|-activate|p1b: Latias|move: Protect
|
|-ability|p2a: Blaziken|Speed Boost|boost
|-boost|p2a: Blaziken|spe|1
|upkeep
|turn|2
|
|t:|1765335667
|move|p1b: Latias|Protect|p1b: Latias
|-singleturn|p1b: Latias|Protect
|move|p2b: Comfey|Draining Kiss|p1a: Hawlucha
|-supereffective|p1a: Hawlucha
|-damage|p1a: Hawlucha|92/164
|move|p2a: Blaziken|Close Combat|p1b: Latias
|-activate|p1b: Latias|move: Protect
|move|p1a: Hawlucha|Brave Bird|p2b: Comfey
|-damage|p2b: Comfey|62/137
|-enditem|p2b: Comfey|Sitrus Berry|[eat]
|-heal|p2b: Comfey|96/137|[from] item: Sitrus Berry
|-damage|p1a: Hawlucha|67/164|[from] Recoil
|
|-ability|p2a: Blaziken|Speed Boost|boost
|-boost|p2a: Blaziken|spe|1
|upkeep
|turn|3
|
|t:|1765335667
|move|p2a: Blaziken|Protect|p2a: Blaziken
|-singleturn|p2a: Blaziken|Protect
|move|p2b: Comfey|Floral Healing|p1b: Latias
|-fail|p1b: Latias|heal
|move|p1a: Hawlucha|Close Combat|p2a: Blaziken
|-activate|p2a: Blaziken|move: Protect
|move|p1b: Latias|Calm Mind|p1b: Latias
|-boost|p1b: Latias|spa|1
|-boost|p1b: Latias|spd|1
|
|-ability|p2a: Blaziken|Speed Boost|boost
|-boost|p2a: Blaziken|spe|1
|upkeep
|turn|4
|
|t:|1765335667
|move|p2b: Comfey|Helping Hand|p2a: Blaziken
|-singleturn|p2a: Blaziken|Helping Hand|[of] p2b: Comfey
|move|p1a: Hawlucha|Protect|p1a: Hawlucha
|-singleturn|p1a: Hawlucha|Protect
|move|p2a: Blaziken|Heat Wave|p1a: Hawlucha|[spread] p1b
|-activate|p1a: Hawlucha|move: Protect
|-resisted|p1b: Latias
|-damage|p1b: Latias|140/166
|-damage|p2a: Blaziken|53/166|[from] item: Life Orb
|move|p1b: Latias|Dragon Pulse|p2a: Blaziken
|-damage|p2a: Blaziken|0 fnt
|faint|p2a: Blaziken
|
|-sideend|p2: Bot2|move: Tailwind
|upkeep
|
|t:|1765335667
|switch|p2a: Palkia|Palkia-Origin, L50|176/176
|turn|5
|
|t:|1765335667
|move|p2b: Comfey|Draining Kiss|p1b: Latias
|-supereffective|p1b: Latias
|-damage|p1b: Latias|108/166
|-heal|p2b: Comfey|120/137|[from] drain|[of] p1b: Latias
|move|p1a: Hawlucha|Swords Dance|p1a: Hawlucha
|-boost|p1a: Hawlucha|atk|2
|move|p2a: Palkia|Thunder Wave|p1a: Hawlucha
|-status|p1a: Hawlucha|par
|move|p1b: Latias|Dragon Pulse|p2a: Palkia
|-supereffective|p2a: Palkia
|-damage|p2a: Palkia|8/176
|
|upkeep
|turn|6
|
|t:|1765335667
|move|p2b: Comfey|Helping Hand|p2a: Palkia
|-singleturn|p2a: Palkia|Helping Hand|[of] p2b: Comfey
|move|p2a: Palkia|Thunder Wave|p1b: Latias
|-status|p1b: Latias|par
|move|p1a: Hawlucha|Swords Dance|p1a: Hawlucha
|-boost|p1a: Hawlucha|atk|2
|move|p1b: Latias|Mist Ball|p2b: Comfey
|-damage|p2b: Comfey|21/137
|-unboost|p2b: Comfey|spa|1
|
|upkeep
|turn|7
|
|t:|1765335667
|move|p2b: Comfey|Helping Hand|p2a: Palkia
|-singleturn|p2a: Palkia|Helping Hand|[of] p2b: Comfey
|cant|p1b: Latias|par
|move|p2a: Palkia|Hydro Pump|p1b: Latias|[miss]
|-miss|p2a: Palkia|p1b: Latias
|move|p1a: Hawlucha|Close Combat|p2b: Comfey
|-resisted|p2b: Comfey
|-damage|p2b: Comfey|0 fnt
|-unboost|p1a: Hawlucha|def|1
|-unboost|p1a: Hawlucha|spd|1
|faint|p2b: Comfey
|
|upkeep
|
|t:|1765335667
|switch|p2b: Forretress|Forretress, L50, M|161/161
|turn|8
|
|t:|1765335667
|move|p2a: Palkia|Fire Blast|p1b: Latias
|-resisted|p1b: Latias
|-damage|p1b: Latias|90/166 par
|cant|p1a: Hawlucha|par
|move|p2b: Forretress|Iron Head|p1b: Latias
|-damage|p1b: Latias|36/166 par
|cant|p1b: Latias|par
|
|upkeep
|turn|9
|
|t:|1765335667
|move|p1a: Hawlucha|Protect|p1a: Hawlucha
|-singleturn|p1a: Hawlucha|Protect
|move|p2a: Palkia|Fire Blast|p1a: Hawlucha
|-activate|p1a: Hawlucha|move: Protect
|move|p2b: Forretress|Body Press|p1b: Latias
|-resisted|p1b: Latias
|-damage|p1b: Latias|13/166 par
|cant|p1b: Latias|par
|
|upkeep
|turn|10
|
|t:|1765335667
|move|p2a: Palkia|Spacial Rend|p1b: Latias
|-supereffective|p1b: Latias
|-damage|p1b: Latias|0 fnt
|faint|p1b: Latias
|cant|p1a: Hawlucha|par
|move|p2b: Forretress|Rest|p2b: Forretress
|-fail|p2b: Forretress|heal
|
|upkeep
|
|t:|1765335667
|switch|p1b: Toxtricity|Toxtricity, L50, M|161/161
|turn|11
|
|t:|1765335667
|move|p2a: Palkia|Spacial Rend|p1a: Hawlucha
|-damage|p1a: Hawlucha|0 fnt
|faint|p1a: Hawlucha
|move|p1b: Toxtricity|Overdrive|p2a: Palkia|[spread] p2a,p2b
|-damage|p2a: Palkia|0 fnt
|-damage|p2b: Forretress|41/161
|faint|p2a: Palkia
|move|p2b: Forretress|Body Press|p1b: Toxtricity
|-resisted|p1b: Toxtricity
|-damage|p1b: Toxtricity|131/161
|
|upkeep
|
|t:|1765335667
|switch|p1a: Qwilfish|Qwilfish-Hisui, L50, F|151/151
|-ability|p1a: Qwilfish|Intimidate|boost
|-unboost|p2b: Forretress|atk|1
|turn|12
|
|t:|1765335667
|move|p1a: Qwilfish|Icy Wind|p2b: Forretress
|-resisted|p2b: Forretress
|-damage|p2b: Forretress|31/161
|-unboost|p2b: Forretress|spe|1
|move|p1b: Toxtricity|Overdrive|p2b: Forretress
|-damage|p2b: Forretress|0 fnt
|faint|p2b: Forretress
|
|win|Bot1