|t:|1765334684
|gametype|doubles
|player|p1|Bot1||
|player|p2|Bot2||
|gen|9
|tier|[Gen 9] VGC 2026 Reg F
|rule|Species Clause: Limit one of each Pokémon
|rule|Item Clause: Limit 1 of each item
|clearpoke
|poke|p1|Pelipper, L50, M|
|poke|p1|Gogoat, L50, M|
|poke|p1|Minun, L50, F|
|poke|p1|Scyther, L50, M|
|poke|p1|Cacturne, L50, M|
|poke|p1|Klawf, L50, F|
|poke|p2|Shaymin-Sky, L50|
|poke|p2|Volbeat, L50, M|
|poke|p2|Munkidori, L50, M|
|poke|p2|Clefairy, L50, M|
|poke|p2|Hoopa, L50|
|poke|p2|Volcarona, L50, M|
|teampreview|4
|uhtml|otsrequest|<button name="send" value="/acceptopenteamsheets" class="button" style="margin-right: 10px;"><strong>Accept Open Team Sheets</strong></button><button name="send" value="/rejectopenteamsheets" class="button" style="margin-top: 10px"><strong>Deny Open Team Sheets</strong></button>
|uhtml|otsrequest|<button name="send" value="/acceptopenteamsheets" class="button" style="margin-right: 10px;"><strong>Accept Open Team Sheets</strong></button><button name="send" value="/rejectopenteamsheets" class="button" style="margin-top: 10px"><strong>Deny Open Team Sheets</strong></button>
|
|t:|1765334684
|teamsize|p1|4
|teamsize|p2|4
|start
|uhtmlchange|otsrequest|
|uhtmlchange|otsrequest|
|switch|p1a: Pelipper|Pelipper, L50, M|146/146
|switch|p1b: Gogoat|Gogoat, L50, M|209/209
|switch|p2a: Shaymin|Shaymin-Sky, L50|186/186
|switch|p2b: Volbeat|Volbeat, L50, M|151/151
|-weather|RainDance|[from] ability: Drizzle|[of] p1a: Pelipper
|turn|1
|
|t:|1765334684
|move|p2b: Volbeat|Encore||[still]
|-fail|p2b: Volbeat
|move|p2a: Shaymin|Earth Power|p1a: Pelipper
|-immune|p1a: Pelipper
|move|p1b: Gogoat|Horn Leech|p2b: Volbeat
|-resisted|p2b: Volbeat
|-damage|p2b: Volbeat|121/151
|move|p1a: Pelipper|Hydro Pump|p2a: Shaymin
|-resisted|p2a: Shaymin
|-damage|p2a: Shaymin|126/186
|
|-weather|RainDance|[upkeep]
|upkeep
|turn|2
|
|t:|1765334684
|move|p2b: Volbeat|Encore|p1a: Pelipper
|-start|p1a: Pelipper|Encore
|move|p2a: Shaymin|Earth Power|p1a: Pelipper
|-immune|p1a: Pelipper
|move|p1b: Gogoat|High Horsepower|p2a: Shaymin
|-immune|p2a: Shaymin
|move|p1a: Pelipper|Hydro Pump|p2b: Volbeat
|-crit|p2b: Volbeat
|-damage|p2b: Volbeat|0 fnt
|faint|p2b: Volbeat
|
|-weather|RainDance|[upkeep]
|upkeep
|
|t:|1765334684
|switch|p2b: Munkidori|Munkidori, L50, M|174/174
|turn|3
|
|t:|1765334684
|move|p2a: Shaymin|Seed Flare|p1a: Pelipper
|-damage|p1a: Pelipper|0 fnt
|faint|p1a: Pelipper
|-damage|p2a: Shaymin|108/186|[from] item: Life Orb
|move|p2b: Munkidori|Sludge Bomb|p1b: Gogoat
|-supereffective|p1b: Gogoat
|-damage|p1b: Gogoat|61/209
|-status|p1b: Gogoat|tox|[from] ability: Toxic Chain|[of] p2b: Munkidori
|-damage|p2b: Munkidori|157/174|[from] item: Life Orb
|move|p1b: Gogoat|Leaf Storm|p2b: Munkidori
|-resisted|p2b: Munkidori
|-damage|p2b: Munkidori|117/174
|-unboost|p1b: Gogoat|spa|2
|
|-weather|RainDance|[upkeep]
|-damage|p1b: Gogoat|48/209 tox|[from] psn
|upkeep
|
|t:|1765334684
|switch|p1a: Scyther|Scyther, L50, M|156/156
|turn|4
|
|t:|1765334684
|move|p2a: Shaymin|Protect|p2a: Shaymin
|-singleturn|p2a: Shaymin|Protect
|move|p2b: Munkidori|Sludge Bomb|p1a: Scyther
|-damage|p1a: Scyther|85/156
|-status|p1a: Scyther|tox|[from] ability: Toxic Chain|[of] p2b: Munkidori
|-damage|p2b: Munkidori|100/174|[from] item: Life Orb
|move|p1a: Scyther|Dual Wingbeat|p2a: Shaymin
|-activate|p2a: Shaymin|move: Protect
|move|p1b: Gogoat|Double-Edge|p2b: Munkidori
|-damage|p2b: Munkidori|28/174
|-damage|p1b: Gogoat|24/209 tox|[from] Recoil
|
|-weather|RainDance|[upkeep]
|-damage|p1a: Scyther|76/156 tox|[from] psn
|-damage|p1b: Gogoat|0 fnt|[from] psn
|faint|p1b: Gogoat
|upkeep
|
|t:|1765334684
|switch|p1b: Minun|Minun, L50, F|146/146
|turn|5
|
|t:|1765334684
|move|p2a: Shaymin|Seed Flare|p1b: Minun
|-damage|p1b: Minun|12/146
|-unboost|p1b: Minun|spd|2
|-enditem|p1b: Minun|Sitrus Berry|[eat]
|-heal|p1b: Minun|48/146|[from] item: Sitrus Berry
|-damage|p2a: Shaymin|90/186|[from] item: Life Orb
|move|p2b: Munkidori|Psychic|p1b: Minun
|-damage|p1b: Minun|0 fnt
|faint|p1b: Minun
|-damage|p2b: Munkidori|11/174|[from] item: Life Orb
|move|p1a: Scyther|Dual Wingbeat|p2b: Munkidori
|-damage|p2b: Munkidori|0 fnt
|faint|p2b: Munkidori
|-hitcount|p2: Munkidori|1
|
|-weather|none
|-damage|p1a: Scyther|58/156 tox|[from] psn
|upkeep
|
|t:|1765334684
|switch|p2b: Clefairy|Clefairy, L50, M|156/156
|turn|6
|
|t:|1765334684
|move|p2a: Shaymin|Protect|p2a: Shaymin
|-singleturn|p2a: Shaymin|Protect
|move|p1a: Scyther|Tailwind|p1a: Scyther
|-sidestart|p1: Bot1|move: Tailwind
|move|p2b: Clefairy|Moonblast|p1a: Scyther
|-damage|p1a: Scyther|28/156 tox
|
|-damage|p1a: Scyther|1/156 tox|[from] psn
|upkeep
|turn|7
|
|t:|1765334684
|move|p2b: Clefairy|Helping Hand|p2a: Shaymin
|-singleturn|p2a: Shaymin|Helping Hand|[of] p2b: Clefairy
|move|p1a: Scyther|Dual Wingbeat|p2b: Clefairy
|-damage|p2b: Clefairy|114/156
|-damage|p2b: Clefairy|66/156
|-hitcount|p2b: Clefairy|2
|move|p2a: Shaymin|Air Slash|p1a: Scyther
|-supereffective|p1a: Scyther
|-damage|p1a: Scyther|0 fnt
|faint|p1a: Scyther
|-damage|p2a: Shaymin|72/186|[from] item: Life Orb
|
|win|Bot2