update
|t:|1765324663
|gametype|doubles
|player|p1|Bot1||
|player|p2|Bot2||
|gen|9
|tier|[Gen 9] VGC 2026 Reg F
|rule|Species Clause: Limit one of each Pokémon
|rule|Item Clause: Limit 1 of each item
|clearpoke
|poke|p1|Furret, L50, M|
|poke|p1|Hitmonchan, L50, M|
|poke|p1|Gholdengo, L50|
|poke|p1|Plusle, L50, F|
|poke|p1|Sawsbuck-Summer, L50, M|
|poke|p1|Mimikyu, L50, M|
|poke|p2|Drednaw, L50, M|
|poke|p2|Heatran, L50, M|
|poke|p2|Uxie, L50|
|poke|p2|Cobalion, L50|
|poke|p2|Lokix, L50, M|
|poke|p2|Haxorus, L50, F|
|teampreview|4
|split|p1
|uhtml|otsrequest|<button name="send" value="/acceptopenteamsheets" class="button" style="margin-right: 10px;"><strong>Accept Open Team Sheets</strong></button><button name="send" value="/rejectopenteamsheets" class="button" style="margin-top: 10px"><strong>Deny Open Team Sheets</strong></button>

|split|p2
|uhtml|otsrequest|<button name="send" value="/acceptopenteamsheets" class="button" style="margin-right: 10px;"><strong>Accept Open Team Sheets</strong></button><button name="send" value="/rejectopenteamsheets" class="button" style="margin-top: 10px"><strong>Deny Open Team Sheets</strong></button>

sideupdate
p1
|request|{"teamPreview":true,"maxChosenTeamSize":4,"side":{"name":"Bot1","id":"p1","pokemon":[{"ident":"p1: Furret","details":"Furret, L50, M","condition":"171/171","active":true,"stats":{"atk":107,"def":95,"spa":76,"spd":86,"spe":121},"moves":["doubleedge","protect","tidyup","knockoff"],"baseAbility":"frisk","item":"lifeorb","pokeball":"pokeball","ability":"frisk","commanding":false,"reviving":false,"teraType":"Normal","terastallized":""},{"ident":"p1: Hitmonchan","details":"Hitmonchan, L50, M","condition":"136/136","active":true,"stats":{"atk":136,"def":110,"spa":66,"spd":141,"spe":107},"moves":["knockoff","closecombat","coaching","poisonjab"],"baseAbility":"innerfocus","item":"sitrusberry","pokeball":"pokeball","ability":"innerfocus","commanding":false,"reviving":false,"teraType":"Dark","terastallized":""},{"ident":"p1: Gholdengo","details":"Gholdengo, L50","condition":"173/173","active":false,"stats":{"atk":65,"def":126,"spa":164,"spd":122,"spe":115},"moves":["protect","shadowball","makeitrain","focusblast"],"baseAbility":"goodasgold","item":"lifeorb","pokeball":"pokeball","ability":"goodasgold","commanding":false,"reviving":false,"teraType":"Steel","terastallized":""},{"ident":"p1: Plusle","details":"Plusle, L50, F","condition":"146/146","active":false,"stats":{"atk":55,"def":71,"spa":116,"spd":106,"spe":126},"moves":["thunderbolt","protect","alluringvoice","nastyplot"],"baseAbility":"lightningrod","item":"lifeorb","pokeball":"pokeball","ability":"lightningrod","commanding":false,"reviving":false,"teraType":"Flying","terastallized":""},{"ident":"p1: Sawsbuck","details":"Sawsbuck-Summer, L50, M","condition":"166/166","active":false,"stats":{"atk":131,"def":101,"spa":91,"spd":101,"spe":126},"moves":["swordsdance","hornleech","highhorsepower","doubleedge"],"baseAbility":"sapsipper","item":"lifeorb","pokeball":"pokeball","ability":"sapsipper","commanding":false,"reviving":false,"teraType":"Normal","terastallized":""},{"ident":"p1: Mimikyu","details":"Mimikyu, L50, M","condition":"141/141","active":false,"stats":{"atk":121,"def":111,"spa":81,"spd":136,"spe":127},"moves":["protect","swordsdance","shadowsneak","playrough"],"baseAbility":"disguise","item":"lifeorb","pokeball":"pokeball","ability":"disguise","commanding":false,"reviving":false,"teraType":"Ghost","terastallized":""}]}}

sideupdate
p2
|request|{"teamPreview":true,"maxChosenTeamSize":4,"side":{"name":"Bot2","id":"p2","pokemon":[{"ident":"p2: Drednaw","details":"Drednaw, L50, M","condition":"176/176","active":true,"stats":{"atk":146,"def":121,"spa":79,"spd":99,"spe":105},"moves":["shellsmash","protect","rockslide","liquidation"],"baseAbility":"shellarmor","item":"whiteherb","pokeball":"pokeball","ability":"shellarmor","commanding":false,"reviving":false,"teraType":"Water","terastallized":""},{"ident":"p2: Heatran","details":"Heatran, L50, M","condition":"177/177","active":true,"stats":{"atk":95,"def":137,"spa":161,"spd":137,"spe":108},"moves":["heatwave","protect","flashcannon","terablast"],"baseAbility":"flashfire","item":"sitrusberry","pokeball":"pokeball","ability":"flashfire","commanding":false,"reviving":false,"teraType":"Grass","terastallized":""},{"ident":"p2: Uxie","details":"Uxie, L50","condition":"161/161","active":false,"stats":{"atk":80,"def":161,"spa":106,"spd":161,"spe":126},"moves":["helpinghand","stealthrock","mysticalpower","thunderwave"],"baseAbility":"levitate","item":"sitrusberry","pokeball":"pokeball","ability":"levitate","commanding":false,"reviving":false,"teraType":"Steel","terastallized":""},{"ident":"p2: Cobalion","details":"Cobalion, L50","condition":"177/177","active":false,"stats":{"atk":121,"def":160,"spa":121,"spd":103,"spe":139},"moves":["bodypress","ironhead","coaching","thunderwave"],"baseAbility":"justified","item":"sitrusberry","pokeball":"pokeball","ability":"justified","commanding":false,"reviving":false,"teraType":"Water","terastallized":""},{"ident":"p2: Lokix","details":"Lokix, L50, M","condition":"157/157","active":false,"stats":{"atk":133,"def":109,"spa":83,"spd":86,"spe":123},"moves":["suckerpunch","firstimpression","protect","uturn"],"baseAbility":"tintedlens","item":"lifeorb","pokeball":"pokeball","ability":"tintedlens","commanding":false,"reviving":false,"teraType":"Bug","terastallized":""},{"ident":"p2: Haxorus","details":"Haxorus, L50, F","condition":"162/162","active":false,"stats":{"atk":178,"def":121,"spa":91,"spd":101,"spe":128},"moves":["protect","ironhead","closecombat","dragonclaw"],"baseAbility":"unnerve","item":"lifeorb","pokeball":"pokeball","ability":"unnerve","commanding":false,"reviving":false,"teraType":"Steel","terastallized":""}]}}