update
|t:|1765326277
|gametype|doubles
|player|p1|Bot1||
|player|p2|Bot2||
|gen|9
|tier|[Gen 9] VGC 2026 Reg F
|rule|Species Clause: Limit one of each Pokémon
|rule|Item Clause: Limit 1 of each item
|clearpoke
|poke|p1|Iron Boulder, L50|
|poke|p1|Magmar, L50, M|
|poke|p1|Roaring Moon, L50|
|poke|p1|Armarouge, L50, M|
|poke|p1|Blissey, L50, F|
|poke|p1|Rayquaza, L50|
|poke|p2|Incineroar, L50, M|
|poke|p2|Gouging Fire, L50|
|poke|p2|Necrozma-Dawn-Wings, L50|
|poke|p2|Rhydon, L50, F|
|poke|p2|Persian, L50, M|
|poke|p2|Tornadus-Therian, L50, M|
|teampreview|4
|split|p1
|uhtml|otsrequest|<button name="send" value="/acceptopenteamsheets" class="button" style="margin-right: 10px;"><strong>Accept Open Team Sheets</strong></button><button name="send" value="/rejectopenteamsheets" class="button" style="margin-top: 10px"><strong>Deny Open Team Sheets</strong></button>

|split|p2
|uhtml|otsrequest|<button name="send" value="/acceptopenteamsheets" class="button" style="margin-right: 10px;"><strong>Accept Open Team Sheets</strong></button><button name="send" value="/rejectopenteamsheets" class="button" style="margin-top: 10px"><strong>Deny Open Team Sheets</strong></button>

sideupdate
p1
|request|{"teamPreview":true,"maxChosenTeamSize":4,"side":{"name":"Bot1","id":"p1","pokemon":[{"ident":"p1: Iron Boulder","details":"Iron Boulder, L50","condition":"176/176","active":true,"stats":{"atk":151,"def":111,"spa":99,"spd":139,"spe":155},"moves":["swordsdance","protect","closecombat","mightycleave"],"baseAbility":"quarkdrive","item":"lifeorb","pokeball":"pokeball","ability":"quarkdrive","commanding":false,"reviving":false,"teraType":"Fighting","terastallized":""},{"ident":"p1: Magmar","details":"Magmar, L50, M","condition":"151/151","active":true,"stats":{"atk":126,"def":88,"spa":131,"spd":116,"spe":124},"moves":["heatwave","followme","knockoff","willowisp"],"baseAbility":"flamebody","item":"eviolite","pokeball":"pokeball","ability":"flamebody","commanding":false,"reviving":false,"teraType":"Grass","terastallized":""},{"ident":"p1: Roaring Moon","details":"Roaring Moon, L50","condition":"191/191","active":false,"stats":{"atk":170,"def":102,"spa":86,"spd":132,"spe":150},"moves":["dragondance","protect","dragonclaw","knockoff"],"baseAbility":"protosynthesis","item":"clearamulet","pokeball":"pokeball","ability":"protosynthesis","commanding":false,"reviving":false,"teraType":"Fire","terastallized":""},{"ident":"p1: Armarouge","details":"Armarouge, L50, M","condition":"171/171","active":false,"stats":{"atk":65,"def":131,"spa":156,"spd":111,"spe":80},"moves":["heatwave","trickroom","protect","psychic"],"baseAbility":"flashfire","item":"lifeorb","pokeball":"pokeball","ability":"flashfire","commanding":false,"reviving":false,"teraType":"Grass","terastallized":""},{"ident":"p1: Blissey","details":"Blissey, L50, F","condition":"341/341","active":false,"stats":{"atk":15,"def":41,"spa":106,"spd":166,"spe":86},"moves":["hypervoice","seismictoss","protect","thunderwave"],"baseAbility":"healer","item":"sitrusberry","pokeball":"pokeball","ability":"healer","commanding":false,"reviving":false,"teraType":"Poison","terastallized":""},{"ident":"p1: Rayquaza","details":"Rayquaza, L50","condition":"191/191","active":false,"stats":{"atk":181,"def":121,"spa":181,"spd":121,"spe":126},"moves":["extremespeed","earthquake","swordsdance","dragonascent"],"baseAbility":"airlock","item":"lifeorb","pokeball":"pokeball","ability":"airlock","commanding":false,"reviving":false,"teraType":"Normal","terastallized":""}]}}

sideupdate
p2
|request|{"teamPreview":true,"maxChosenTeamSize":4,"side":{"name":"Bot2","id":"p2","pokemon":[{"ident":"p2: Incineroar","details":"Incineroar, L50, M","condition":"181/181","active":true,"stats":{"atk":146,"def":121,"spa":111,"spd":121,"spe":91},"moves":["flareblitz","partingshot","knockoff","fakeout"],"baseAbility":"intimidate","item":"heavydutyboots","pokeball":"pokeball","ability":"intimidate","commanding":false,"reviving":false,"teraType":"Water","terastallized":""},{"ident":"p2: Gouging Fire","details":"Gouging Fire, L50","condition":"191/191","active":true,"stats":{"atk":146,"def":152,"spa":96,"spd":124,"spe":122},"moves":["burningbulwark","heatcrash","dragondance","dragonclaw"],"baseAbility":"protosynthesis","item":"clearamulet","pokeball":"pokeball","ability":"protosynthesis","commanding":false,"reviving":false,"teraType":"Fire","terastallized":""},{"ident":"p2: Necrozma","details":"Necrozma-Dawn-Wings, L50","condition":"183/183","active":false,"stats":{"atk":118,"def":140,"spa":188,"spd":158,"spe":82},"moves":["photongeyser","trickroom","moongeistbeam","terablast"],"baseAbility":"prismarmor","item":"lifeorb","pokeball":"pokeball","ability":"prismarmor","commanding":false,"reviving":false,"teraType":"Fighting","terastallized":""},{"ident":"p2: Rhydon","details":"Rhydon, L50, F","condition":"191/191","active":false,"stats":{"atk":161,"def":151,"spa":76,"spd":76,"spe":71},"moves":["stoneedge","stealthrock","highhorsepower","protect"],"baseAbility":"lightningrod","item":"eviolite","pokeball":"pokeball","ability":"lightningrod","commanding":false,"reviving":false,"teraType":"Grass","terastallized":""},{"ident":"p2: Persian","details":"Persian, L50, M","condition":"151/151","active":false,"stats":{"atk":101,"def":91,"spa":96,"spd":96,"spe":146},"moves":["fakeout","uturn","icywind","doubleedge"],"baseAbility":"technician","item":"silkscarf","pokeball":"pokeball","ability":"technician","commanding":false,"reviving":false,"teraType":"Ghost","terastallized":""},{"ident":"p2: Tornadus","details":"Tornadus-Therian, L50, M","condition":"165/165","active":false,"stats":{"atk":131,"def":111,"spa":141,"spd":121,"spe":152},"moves":["grassknot","uturn","bleakwindstorm","heatwave"],"baseAbility":"regenerator","item":"choicespecs","pokeball":"pokeball","ability":"regenerator","commanding":false,"reviving":false,"teraType":"Fire","terastallized":""}]}}