|t:|1765336020
|gametype|doubles
|player|p1|Bot1||
|player|p2|Bot2||
|gen|9
|tier|[Gen 9] VGC 2026 Reg F
|rule|Species Clause: Limit one of each Pokémon
|rule|Item Clause: Limit 1 of each item
|clearpoke
|poke|p1|Hydreigon, L50, F|
|poke|p1|Hoopa, L50|
|poke|p1|Carbink, L50|
|poke|p1|Noctowl, L50, M|
|poke|p1|Reshiram, L50|
|poke|p1|Raikou, L50|
|poke|p2|Vivillon-Icy Snow, L50, M|
|poke|p2|Thundurus, L50, M|
|poke|p2|Magearna, L50|
|poke|p2|Hippowdon, L50, F|
|poke|p2|Sableye, L50, F|
|poke|p2|Pincurchin, L50, F|
|teampreview|4
|uhtml|otsrequest|<button name="send" value="/acceptopenteamsheets" class="button" style="margin-right: 10px;"><strong>Accept Open Team Sheets</strong></button><button name="send" value="/rejectopenteamsheets" class="button" style="margin-top: 10px"><strong>Deny Open Team Sheets</strong></button>
|uhtml|otsrequest|<button name="send" value="/acceptopenteamsheets" class="button" style="margin-right: 10px;"><strong>Accept Open Team Sheets</strong></button><button name="send" value="/rejectopenteamsheets" class="button" style="margin-top: 10px"><strong>Deny Open Team Sheets</strong></button>
|
|t:|1765336020
|teamsize|p1|4
|teamsize|p2|4
|start
|uhtmlchange|otsrequest|
|uhtmlchange|otsrequest|
|switch|p1a: Hydreigon|Hydreigon, L50, F|178/178
|switch|p1b: Hoopa|Hoopa, L50|166/166
|switch|p2a: Vivillon|Vivillon-Icy Snow, L50, M|166/166
|switch|p2b: Thundurus|Thundurus, L50, M|165/165
|turn|1
|
|t:|1765336020
|move|p1b: Hoopa|Protect|p1b: Hoopa
|-singleturn|p1b: Hoopa|Protect
|move|p2b: Thundurus|Wildbolt Storm|p1b: Hoopa|[spread] p1a
|-activate|p1b: Hoopa|move: Protect
|-resisted|p1a: Hydreigon
|-damage|p1a: Hydreigon|146/178
|move|p1a: Hydreigon|Snarl|p2a: Vivillon|[spread] p2a,p2b
|-damage|p2a: Vivillon|96/166
|-damage|p2b: Thundurus|114/165
|-unboost|p2a: Vivillon|spa|1
|-unboost|p2b: Thundurus|spa|1
|-ability|p2b: Thundurus|Defiant|boost
|-boost|p2b: Thundurus|atk|2
|-damage|p1a: Hydreigon|129/178|[from] item: Life Orb
|move|p2a: Vivillon|Pollen Puff|p1a: Hydreigon
|-supereffective|p1a: Hydreigon
|-damage|p1a: Hydreigon|51/178
|
|upkeep
|turn|2
|
|t:|1765336020
|move|p2a: Vivillon|Protect|p2a: Vivillon
|-singleturn|p2a: Vivillon|Protect
|move|p2b: Thundurus|Grass Knot|p1a: Hydreigon
|-resisted|p1a: Hydreigon
|-damage|p1a: Hydreigon|34/178
|move|p1a: Hydreigon|Dark Pulse|p2b: Thundurus
|-damage|p2b: Thundurus|31/165
|-damage|p1a: Hydreigon|17/178|[from] item: Life Orb
|move|p1b: Hoopa|Shadow Ball|p2b: Thundurus
|-damage|p2b: Thundurus|0 fnt
|faint|p2b: Thundurus
|-damage|p1b: Hoopa|150/166|[from] item: Life Orb
|
|upkeep
|
|t:|1765336020
|switch|p2b: Hippowdon|Hippowdon, L50, F|194/194
|-weather|Sandstorm|[from] ability: Sand Stream|[of] p2b: Hippowdon
|turn|3
|
|t:|1765336020
|move|p1a: Hydreigon|Protect|p1a: Hydreigon
|-singleturn|p1a: Hydreigon|Protect
|move|p2a: Vivillon|Pollen Puff|p1b: Hoopa
|-crit|p1b: Hoopa
|-damage|p1b: Hoopa|90/166
|move|p1b: Hoopa|Hyperspace Hole|p2b: Hippowdon
|-damage|p2b: Hippowdon|84/194
|-damage|p1b: Hoopa|74/166|[from] item: Life Orb
|move|p2b: Hippowdon|Stone Edge|p1a: Hydreigon
|-activate|p1a: Hydreigon|move: Protect
|
|-weather|Sandstorm|[upkeep]
|-damage|p1a: Hydreigon|6/178|[from] Sandstorm
|-damage|p2a: Vivillon|86/166|[from] Sandstorm
|-damage|p1b: Hoopa|64/166|[from] Sandstorm
|-heal|p2b: Hippowdon|96/194|[from] item: Leftovers
|upkeep
|turn|4
|
|t:|1765336020
|move|p2a: Vivillon|Protect|p2a: Vivillon
|-singleturn|p2a: Vivillon|Protect
|move|p1a: Hydreigon|Dark Pulse|p2b: Hippowdon
|-damage|p2b: Hippowdon|2/194
|-damage|p1a: Hydreigon|0 fnt|[from] item: Life Orb
|faint|p1a: Hydreigon
|move|p1b: Hoopa|Hyperspace Hole|p2a: Vivillon
|-activate|p2a: Vivillon|move: Hyperspace Hole|[broken]
|-damage|p2a: Vivillon|0 fnt
|faint|p2a: Vivillon
|-damage|p1b: Hoopa|48/166|[from] item: Life Orb
|cant|p2b: Hippowdon|flinch
|
|-weather|Sandstorm|[upkeep]
|-damage|p1b: Hoopa|38/166|[from] Sandstorm
|-heal|p2b: Hippowdon|14/194|[from] item: Leftovers
|upkeep
|
|t:|1765336020
|switch|p1a: Noctowl|Noctowl, L50, M|186/186
|switch|p2a: Magearna|Magearna, L50|166/166
|turn|5
|
|t:|1765336020
|move|p1b: Hoopa|Hyperspace Hole|p2b: Hippowdon
|-damage|p2b: Hippowdon|0 fnt
|faint|p2b: Hippowdon
|-ability|p2a: Magearna|Soul-Heart|boost
|-boost|p2a: Magearna|spa|1
|-damage|p1b: Hoopa|22/166|[from] item: Life Orb
|move|p1a: Noctowl|Hyper Voice|p2a: Magearna
|-resisted|p2a: Magearna
|-damage|p2a: Magearna|127/166
|-damage|p1a: Noctowl|168/186|[from] item: Life Orb
|move|p2a: Magearna|Dazzling Gleam|p1b: Hoopa|[spread] p1a,p1b
|-damage|p1a: Noctowl|92/186
|-damage|p1b: Hoopa|0 fnt
|faint|p1b: Hoopa
|-ability|p2a: Magearna|Soul-Heart|boost
|-boost|p2a: Magearna|spa|1
|
|-weather|Sandstorm|[upkeep]
|-damage|p1a: Noctowl|81/186|[from] Sandstorm
|upkeep
|
|t:|1765336020
|switch|p1b: Carbink|Carbink, L50|136/136
|turn|6
|
|t:|1765336020
|move|p1a: Noctowl|Hurricane|p2a: Magearna
|-resisted|p2a: Magearna
|-damage|p2a: Magearna|78/166
|-start|p2a: Magearna|confusion
|-damage|p1a: Noctowl|63/186|[from] item: Life Orb
|-activate|p2a: Magearna|confusion
|move|p2a: Magearna|Dazzling Gleam|p1b: Carbink|[spread] p1a,p1b
|-damage|p1a: Noctowl|0 fnt
|-damage|p1b: Carbink|93/136
|faint|p1a: Noctowl
|-ability|p2a: Magearna|Soul-Heart|boost
|-boost|p2a: Magearna|spa|1
|move|p1b: Carbink|Iron Defense|p1b: Carbink
|-boost|p1b: Carbink|def|2
|
|-weather|Sandstorm|[upkeep]
|-heal|p1b: Carbink|101/136|[from] item: Leftovers
|upkeep
|turn|7
|
|t:|1765336020
|-activate|p2a: Magearna|confusion
|move|p2a: Magearna|Flash Cannon|p1b: Carbink
|-supereffective|p1b: Carbink
|-damage|p1b: Carbink|0 fnt
|faint|p1b: Carbink
|
|win|Bot2