|t:|1765329165
|gametype|doubles
|player|p1|Bot1||
|player|p2|Bot2||
|gen|9
|tier|[Gen 9] VGC 2026 Reg F
|rule|Species Clause: Limit one of each Pokémon
|rule|Item Clause: Limit 1 of each item
|clearpoke
|poke|p1|Archaludon, L50, M|
|poke|p1|Scrafty, L50, M|
|poke|p1|Arceus-Steel, L50|
|poke|p1|Palkia-Origin, L50|
|poke|p1|Tauros-Paldea-Aqua, L50, M|
|poke|p1|Toxtricity, L50, F|
|poke|p2|Magearna-Original, L50|
|poke|p2|Shaymin, L50|
|poke|p2|Mimikyu, L50, M|
|poke|p2|Arcanine, L50, F|
|poke|p2|Rotom-Fan, L50|
|poke|p2|Blastoise, L50, M|
|teampreview|4
|uhtml|otsrequest|<button name="send" value="/acceptopenteamsheets" class="button" style="margin-right: 10px;"><strong>Accept Open Team Sheets</strong></button><button name="send" value="/rejectopenteamsheets" class="button" style="margin-top: 10px"><strong>Deny Open Team Sheets</strong></button>
|uhtml|otsrequest|<button name="send" value="/acceptopenteamsheets" class="button" style="margin-right: 10px;"><strong>Accept Open Team Sheets</strong></button><button name="send" value="/rejectopenteamsheets" class="button" style="margin-top: 10px"><strong>Deny Open Team Sheets</strong></button>
|
|t:|1765329165
|teamsize|p1|4
|teamsize|p2|4
|start
|uhtmlchange|otsrequest|
|uhtmlchange|otsrequest|
|switch|p1a: Archaludon|Archaludon, L50, M|176/176
|switch|p1b: Scrafty|Scrafty, L50, M|151/151
|switch|p2a: Magearna|Magearna-Original, L50|166/166
|switch|p2b: Shaymin|Shaymin, L50|186/186
|-ability|p1b: Scrafty|Intimidate|boost
|-unboost|p2a: Magearna|atk|1
|-unboost|p2b: Shaymin|atk|1
|turn|1
|
|t:|1765329165
|move|p2b: Shaymin|Seed Flare|p1a: Archaludon
|-resisted|p1a: Archaludon
|-damage|p1a: Archaludon|159/176
|-ability|p1a: Archaludon|Stamina|boost
|-boost|p1a: Archaludon|def|1
|move|p1a: Archaludon|Body Press|p2b: Shaymin
|-damage|p2b: Shaymin|120/186
|move|p2a: Magearna|Aura Sphere|p1a: Archaludon
|-supereffective|p1a: Archaludon
|-damage|p1a: Archaludon|83/176
|-ability|p1a: Archaludon|Stamina|boost
|-boost|p1a: Archaludon|def|1
|move|p1b: Scrafty|Close Combat|p2a: Magearna
|-damage|p2a: Magearna|103/166
|-unboost|p1b: Scrafty|def|1
|-unboost|p1b: Scrafty|spd|1
|
|upkeep
|turn|2
|
|t:|1765329165
|move|p2b: Shaymin|Protect|p2b: Shaymin
|-singleturn|p2b: Shaymin|Protect
|move|p1a: Archaludon|Snarl|p2a: Magearna|[spread] p2a
|-activate|p2b: Shaymin|move: Protect
|-resisted|p2a: Magearna
|-damage|p2a: Magearna|97/166
|-unboost|p2a: Magearna|spa|1
|move|p2a: Magearna|Flash Cannon|p1b: Scrafty
|-damage|p1b: Scrafty|117/151
|move|p1b: Scrafty|Close Combat|p2a: Magearna
|-damage|p2a: Magearna|36/166
|-unboost|p1b: Scrafty|def|1
|-unboost|p1b: Scrafty|spd|1
|
|upkeep
|turn|3
|
|t:|1765329165
|move|p2b: Shaymin|Protect||[still]
|-fail|p2b: Shaymin
|move|p1a: Archaludon|Snarl|p2b: Shaymin|[spread] p2a,p2b
|-resisted|p2a: Magearna
|-damage|p2a: Magearna|31/166
|-damage|p2b: Shaymin|101/186
|-unboost|p2a: Magearna|spa|1
|-unboost|p2b: Shaymin|spa|1
|move|p2a: Magearna|Fleur Cannon|p1a: Archaludon
|-damage|p1a: Archaludon|34/176
|-unboost|p2a: Magearna|spa|2
|-ability|p1a: Archaludon|Stamina|boost
|-boost|p1a: Archaludon|def|1
|move|p1b: Scrafty|Close Combat|p2a: Magearna
|-damage|p2a: Magearna|0 fnt
|-unboost|p1b: Scrafty|def|1
|-unboost|p1b: Scrafty|spd|1
|faint|p2a: Magearna
|
|upkeep
|
|t:|1765329165
|switch|p2a: Mimikyu|Mimikyu, L50, M|141/141
|turn|4
|
|t:|1765329165
|move|p2a: Mimikyu|Protect|p2a: Mimikyu
|-singleturn|p2a: Mimikyu|Protect
|move|p1b: Scrafty|Fake Out||[still]
|-hint|Fake Out only works on your first turn out.
|-fail|p1b: Scrafty
|move|p2b: Shaymin|Earth Power|p1a: Archaludon
|-supereffective|p1a: Archaludon
|-damage|p1a: Archaludon|0 fnt
|faint|p1a: Archaludon
|
|upkeep
|
|t:|1765329165
|switch|p1a: Palkia|Palkia-Origin, L50|176/176
|turn|5
|
|t:|1765329165
|move|p1a: Palkia|Hydro Pump|p2b: Shaymin
|-resisted|p2b: Shaymin
|-damage|p2b: Shaymin|48/186
|-enditem|p2b: Shaymin|Sitrus Berry|[eat]
|-heal|p2b: Shaymin|94/186|[from] item: Sitrus Berry
|move|p2b: Shaymin|Seed Flare|p1b: Scrafty
|-damage|p1b: Scrafty|42/151
|move|p2a: Mimikyu|Play Rough|p1b: Scrafty|[miss]
|-miss|p2a: Mimikyu|p1b: Scrafty
|move|p1b: Scrafty|Knock Off|p2b: Shaymin
|-damage|p2b: Shaymin|54/186
|
|upkeep
|turn|6
|
|t:|1765329165
|move|p2a: Mimikyu|Protect|p2a: Mimikyu
|-singleturn|p2a: Mimikyu|Protect
|move|p1b: Scrafty|Fake Out||[still]
|-hint|Fake Out only works on your first turn out.
|-fail|p1b: Scrafty
|move|p1a: Palkia|Hydro Pump|p2a: Mimikyu
|-activate|p2a: Mimikyu|move: Protect
|move|p2b: Shaymin|Seed Flare|p1b: Scrafty|[miss]
|-miss|p2b: Shaymin|p1b: Scrafty
|
|upkeep
|turn|7
|
|t:|1765329165
|move|p1a: Palkia|Hydro Pump|p2b: Shaymin|[miss]
|-miss|p1a: Palkia|p2b: Shaymin
|move|p2b: Shaymin|Earth Power|p1b: Scrafty
|-damage|p1b: Scrafty|3/151
|move|p2a: Mimikyu|Swords Dance|p2a: Mimikyu
|-boost|p2a: Mimikyu|atk|2
|move|p1b: Scrafty|Snarl|p2a: Mimikyu|[spread] p2a,p2b
|-activate|p2a: Mimikyu|ability: Disguise
|-damage|p2a: Mimikyu|141/141
|-damage|p2b: Shaymin|38/186
|-unboost|p2a: Mimikyu|spa|1
|-unboost|p2b: Shaymin|spa|1
|detailschange|p2a: Mimikyu|Mimikyu-Busted, L50, M
|-damage|p2a: Mimikyu|124/141|[from] pokemon: Mimikyu-Busted
|
|upkeep
|turn|8
|
|t:|1765329165
|move|p2b: Shaymin|Protect|p2b: Shaymin
|-singleturn|p2b: Shaymin|Protect
|move|p1a: Palkia|Fire Blast|p2b: Shaymin
|-activate|p2b: Shaymin|move: Protect
|move|p2a: Mimikyu|Play Rough|p1b: Scrafty
|-supereffective|p1b: Scrafty
|-damage|p1b: Scrafty|0 fnt
|faint|p1b: Scrafty
|-damage|p2a: Mimikyu|110/141|[from] item: Life Orb
|
|upkeep
|
|t:|1765329165
|switch|p1b: Arceus|Arceus-Steel, L50|206/206
|turn|9
|
|t:|1765329165
|move|p2a: Mimikyu|Protect|p2a: Mimikyu
|-singleturn|p2a: Mimikyu|Protect
|move|p1b: Arceus|Will-O-Wisp|p2b: Shaymin
|-status|p2b: Shaymin|brn
|move|p1a: Palkia|Hydro Pump|p2b: Shaymin
|-resisted|p2b: Shaymin
|-damage|p2b: Shaymin|0 fnt
|faint|p2b: Shaymin
|
|upkeep
|
|t:|1765329165
|switch|p2b: Arcanine|Arcanine, L50, F|176/176
|-ability|p2b: Arcanine|Intimidate|boost
|-unboost|p1a: Palkia|atk|1
|-unboost|p1b: Arceus|atk|1
|turn|10
|
|t:|1765329165
|move|p2a: Mimikyu|Shadow Sneak|p1b: Arceus
|-damage|p1b: Arceus|154/206
|-damage|p2a: Mimikyu|96/141|[from] item: Life Orb
|move|p1a: Palkia|Thunder Wave|p2b: Arcanine|[miss]
|-miss|p1a: Palkia|p2b: Arcanine
|move|p1b: Arceus|Judgment|p2b: Arcanine
|-resisted|p2b: Arcanine
|-damage|p2b: Arcanine|126/176
|move|p2b: Arcanine|Morning Sun|p2b: Arcanine
|-heal|p2b: Arcanine|176/176
|
|upkeep
|turn|11
|
|t:|1765329165
|move|p2a: Mimikyu|Protect|p2a: Mimikyu
|-singleturn|p2a: Mimikyu|Protect
|move|p1b: Arceus|Judgment|p2b: Arcanine
|-resisted|p2b: Arcanine
|-damage|p2b: Arcanine|128/176
|move|p1a: Palkia|Thunder Wave|p2b: Arcanine
|-status|p2b: Arcanine|par
|cant|p2b: Arcanine|par
|
|upkeep
|turn|12
|
|t:|1765329165
|move|p1a: Palkia|Fire Blast|p2a: Mimikyu
|-damage|p2a: Mimikyu|34/141
|move|p1b: Arceus|Snarl|p2b: Arcanine|[spread] p2a,p2b
|-damage|p2a: Mimikyu|17/141
|-damage|p2b: Arcanine|107/176 par
|-unboost|p2a: Mimikyu|spa|1
|-unboost|p2b: Arcanine|spa|1
|move|p2a: Mimikyu|Play Rough|p1a: Palkia
|-supereffective|p1a: Palkia
|-damage|p1a: Palkia|0 fnt
|faint|p1a: Palkia
|-damage|p2a: Mimikyu|3/141|[from] item: Life Orb
|move|p2b: Arcanine|Howl|p2b: Arcanine|[spread] p2a,p2b
|-boost|p2a: Mimikyu|atk|1
|-boost|p2b: Arcanine|atk|1
|
|upkeep
|turn|13
|
|t:|1765329165
|move|p1b: Arceus|Judgment|p2a: Mimikyu
|-supereffective|p2a: Mimikyu
|-damage|p2a: Mimikyu|0 fnt
|faint|p2a: Mimikyu
|move|p2b: Arcanine|Morning Sun|p2b: Arcanine
|-heal|p2b: Arcanine|176/176 par
|
|upkeep
|turn|14
|
|t:|1765329165
|move|p1b: Arceus|Will-O-Wisp||[still]
|-fail|p1b: Arceus
|move|p2b: Arcanine|Morning Sun|p2b: Arcanine
|-fail|p2b: Arcanine|heal
|
|upkeep
|turn|15
|
|t:|1765329165
|move|p1b: Arceus|Judgment|p2b: Arcanine
|-resisted|p2b: Arcanine
|-damage|p2b: Arcanine|124/176 par
|cant|p2b: Arcanine|par
|
|upkeep
|turn|16
|
|t:|1765329165
|cant|p2b: Arcanine|par
|move|p1b: Arceus|Snarl|p2b: Arcanine
|-damage|p2b: Arcanine|96/176 par
|-unboost|p2b: Arcanine|spa|1
|
|upkeep
|turn|17
|
|t:|1765329165
|move|p2b: Arcanine|Extreme Speed|p1b: Arceus
|-resisted|p1b: Arceus
|-damage|p1b: Arceus|129/206
|move|p1b: Arceus|Snarl|p2b: Arcanine
|-damage|p2b: Arcanine|67/176 par
|-unboost|p2b: Arcanine|spa|1
|
|upkeep
|turn|18
|
|t:|1765329165
|move|p1b: Arceus|Tailwind|p1b: Arceus
|-sidestart|p1: Bot1|move: Tailwind
|move|p2b: Arcanine|Howl|p2b: Arcanine
|-boost|p2b: Arcanine|atk|1
|
|upkeep
|turn|19
|
|t:|1765329165
|move|p1b: Arceus|Tailwind||[still]
|-fail|p1b: Arceus
|cant|p2b: Arcanine|par
|
|upkeep
|turn|20
|
|t:|1765329165
|move|p1b: Arceus|Snarl|p2b: Arcanine
|-damage|p2b: Arcanine|37/176 par
|-unboost|p2b: Arcanine|spa|1
|move|p2b: Arcanine|Howl|p2b: Arcanine
|-boost|p2b: Arcanine|atk|1
|
|upkeep
|turn|21
|
|t:|1765329165
|move|p1b: Arceus|Snarl|p2b: Arcanine
|-damage|p2b: Arcanine|6/176 par
|-unboost|p2b: Arcanine|spa|1
|move|p2b: Arcanine|Flare Blitz|p1b: Arceus
|-supereffective|p1b: Arceus
|-damage|p1b: Arceus|0 fnt
|faint|p1b: Arceus
|-damage|p2b: Arcanine|0 fnt|[from] Recoil
|faint|p2b: Arcanine
|
|win|Bot2