update
|t:|1765324707
|gametype|doubles
|player|p1|Bot1||
|player|p2|Bot2||
|gen|9
|tier|[Gen 9] VGC 2026 Reg F
|rule|Species Clause: Limit one of each Pokémon
|rule|Item Clause: Limit 1 of each item
|clearpoke
|poke|p1|Dialga-Origin, L50|
|poke|p1|Arceus-Fire, L50|
|poke|p1|Vaporeon, L50, F|
|poke|p1|Espathra, L50, M|
|poke|p1|Malamar, L50, F|
|poke|p1|Lurantis, L50, F|
|poke|p2|Rhyperior, L50, F|
|poke|p2|Ceruledge, L50, F|
|poke|p2|Infernape, L50, F|
|poke|p2|Forretress, L50, F|
|poke|p2|Regice, L50|
|poke|p2|Persian-Alola, L50, M|
|teampreview|4
|split|p1
|uhtml|otsrequest|<button name="send" value="/acceptopenteamsheets" class="button" style="margin-right: 10px;"><strong>Accept Open Team Sheets</strong></button><button name="send" value="/rejectopenteamsheets" class="button" style="margin-top: 10px"><strong>Deny Open Team Sheets</strong></button>

|split|p2
|uhtml|otsrequest|<button name="send" value="/acceptopenteamsheets" class="button" style="margin-right: 10px;"><strong>Accept Open Team Sheets</strong></button><button name="send" value="/rejectopenteamsheets" class="button" style="margin-top: 10px"><strong>Deny Open Team Sheets</strong></button>

sideupdate
p1
|request|{"teamPreview":true,"maxChosenTeamSize":4,"side":{"name":"Bot1","id":"p1","pokemon":[{"ident":"p1: Dialga","details":"Dialga-Origin, L50","condition":"186/186","active":true,"stats":{"atk":105,"def":151,"spa":181,"spd":151,"spe":121},"moves":["fireblast","flashcannon","dracometeor","protect"],"baseAbility":"telepathy","item":"adamantcrystal","pokeball":"pokeball","ability":"telepathy","commanding":false,"reviving":false,"teraType":"Fire","terastallized":""},{"ident":"p1: Arceus","details":"Arceus-Fire, L50","condition":"206/206","active":true,"stats":{"atk":151,"def":151,"spa":151,"spd":151,"spe":151},"moves":["swordsdance","liquidation","flareblitz","protect"],"baseAbility":"multitype","item":"flameplate","pokeball":"pokeball","ability":"multitype","commanding":false,"reviving":false,"teraType":"Water","terastallized":""},{"ident":"p1: Vaporeon","details":"Vaporeon, L50, F","condition":"216/216","active":false,"stats":{"atk":70,"def":91,"spa":141,"spd":126,"spe":96},"moves":["yawn","muddywater","protect","wish"],"baseAbility":"waterabsorb","item":"leftovers","pokeball":"pokeball","ability":"waterabsorb","commanding":false,"reviving":false,"teraType":"Ground","terastallized":""},{"ident":"p1: Espathra","details":"Espathra, L50, M","condition":"181/181","active":false,"stats":{"atk":65,"def":91,"spa":132,"spd":91,"spe":136},"moves":["protect","luminacrash","batonpass","dazzlinggleam"],"baseAbility":"speedboost","item":"lifeorb","pokeball":"pokeball","ability":"speedboost","commanding":false,"reviving":false,"teraType":"Fairy","terastallized":""},{"ident":"p1: Malamar","details":"Malamar, L50, F","condition":"172/172","active":false,"stats":{"atk":123,"def":119,"spa":99,"spd":106,"spe":104},"moves":["protect","knockoff","superpower","psychocut"],"baseAbility":"contrary","item":"sitrusberry","pokeball":"pokeball","ability":"contrary","commanding":false,"reviving":false,"teraType":"Fighting","terastallized":""},{"ident":"p1: Lurantis","details":"Lurantis, L50, F","condition":"156/156","active":false,"stats":{"atk":136,"def":121,"spa":111,"spd":121,"spe":76},"moves":["knockoff","leafblade","protect","superpower"],"baseAbility":"contrary","item":"sitrusberry","pokeball":"pokeball","ability":"contrary","commanding":false,"reviving":false,"teraType":"Fighting","terastallized":""}]}}

sideupdate
p2
|request|{"teamPreview":true,"maxChosenTeamSize":4,"side":{"name":"Bot2","id":"p2","pokemon":[{"ident":"p2: Rhyperior","details":"Rhyperior, L50, F","condition":"201/201","active":true,"stats":{"atk":171,"def":161,"spa":86,"spd":86,"spe":71},"moves":["rockslide","highhorsepower","protect","rockpolish"],"baseAbility":"solidrock","item":"weaknesspolicy","pokeball":"pokeball","ability":"solidrock","commanding":false,"reviving":false,"teraType":"Ghost","terastallized":""},{"ident":"p2: Ceruledge","details":"Ceruledge, L50, F","condition":"161/161","active":true,"stats":{"atk":156,"def":111,"spa":91,"spd":131,"spe":116},"moves":["bitterblade","swordsdance","poltergeist","shadowsneak"],"baseAbility":"weakarmor","item":"lifeorb","pokeball":"pokeball","ability":"weakarmor","commanding":false,"reviving":false,"teraType":"Ghost","terastallized":""},{"ident":"p2: Infernape","details":"Infernape, L50, F","condition":"162/162","active":false,"stats":{"atk":135,"def":102,"spa":135,"spd":102,"spe":139},"moves":["closecombat","protect","overheat","knockoff"],"baseAbility":"blaze","item":"lifeorb","pokeball":"pokeball","ability":"blaze","commanding":false,"reviving":false,"teraType":"Dark","terastallized":""},{"ident":"p2: Forretress","details":"Forretress, L50, F","condition":"161/161","active":false,"stats":{"atk":121,"def":171,"spa":91,"spd":91,"spe":71},"moves":["ironhead","bodypress","explosion","lunge"],"baseAbility":"sturdy","item":"choiceband","pokeball":"pokeball","ability":"sturdy","commanding":false,"reviving":false,"teraType":"Fire","terastallized":""},{"ident":"p2: Regice","details":"Regice, L50","condition":"166/166","active":false,"stats":{"atk":55,"def":131,"spa":131,"spd":231,"spe":81},"moves":["icywind","thunderbolt","blizzard","protect"],"baseAbility":"clearbody","item":"blunderpolicy","pokeball":"pokeball","ability":"clearbody","commanding":false,"reviving":false,"teraType":"Electric","terastallized":""},{"ident":"p2: Persian","details":"Persian-Alola, L50, M","condition":"151/151","active":false,"stats":{"atk":91,"def":91,"spa":106,"spd":96,"spe":146},"moves":["icywind","taunt","fakeout","knockoff"],"baseAbility":"furcoat","item":"sitrusberry","pokeball":"pokeball","ability":"furcoat","commanding":false,"reviving":false,"teraType":"Poison","terastallized":""}]}}