|t:|1765329703
|gametype|doubles
|player|p1|Bot1||
|player|p2|Bot2||
|gen|9
|tier|[Gen 9] VGC 2026 Reg F
|rule|Species Clause: Limit one of each Pokémon
|rule|Item Clause: Limit 1 of each item
|clearpoke
|poke|p1|Jirachi, L50|
|poke|p1|Palkia, L50|
|poke|p1|Clefairy, L50, M|
|poke|p1|Entei, L50|
|poke|p1|Gyarados, L50, M|
|poke|p1|Sudowoodo, L50, F|
|poke|p2|Rillaboom, L50, M|
|poke|p2|Regidrago, L50|
|poke|p2|Solgaleo, L50|
|poke|p2|Toxicroak, L50, M|
|poke|p2|Snorlax, L50, F|
|poke|p2|Scrafty, L50, M|
|teampreview|4
|uhtml|otsrequest|<button name="send" value="/acceptopenteamsheets" class="button" style="margin-right: 10px;"><strong>Accept Open Team Sheets</strong></button><button name="send" value="/rejectopenteamsheets" class="button" style="margin-top: 10px"><strong>Deny Open Team Sheets</strong></button>
|uhtml|otsrequest|<button name="send" value="/acceptopenteamsheets" class="button" style="margin-right: 10px;"><strong>Accept Open Team Sheets</strong></button><button name="send" value="/rejectopenteamsheets" class="button" style="margin-top: 10px"><strong>Deny Open Team Sheets</strong></button>
|
|t:|1765329703
|teamsize|p1|4
|teamsize|p2|4
|start
|uhtmlchange|otsrequest|
|uhtmlchange|otsrequest|
|switch|p1a: Jirachi|Jirachi, L50|186/186
|switch|p1b: Palkia|Palkia, L50|176/176
|switch|p2a: Rillaboom|Rillaboom, L50, M|186/186
|switch|p2b: Regidrago|Regidrago, L50|286/286
|-fieldstart|move: Grassy Terrain|[from] ability: Grassy Surge|[of] p2a: Rillaboom
|turn|1
|
|t:|1765329703
|move|p1a: Jirachi|Protect|p1a: Jirachi
|-singleturn|p1a: Jirachi|Protect
|move|p2a: Rillaboom|Fake Out|p1a: Jirachi
|-activate|p1a: Jirachi|move: Protect
|move|p2b: Regidrago|Earth Power|p1a: Jirachi
|-activate|p1a: Jirachi|move: Protect
|move|p1b: Palkia|Fire Blast|p2a: Rillaboom
|-supereffective|p2a: Rillaboom
|-damage|p2a: Rillaboom|78/186
|
|-heal|p2a: Rillaboom|89/186|[from] Grassy Terrain
|upkeep
|turn|2
|
|t:|1765329703
|move|p1b: Palkia|Protect|p1b: Palkia
|-singleturn|p1b: Palkia|Protect
|move|p2a: Rillaboom|Fake Out||[still]
|-hint|Fake Out only works on your first turn out.
|-fail|p2a: Rillaboom
|move|p2b: Regidrago|Earth Power|p1a: Jirachi
|-supereffective|p1a: Jirachi
|-crit|p1a: Jirachi
|-damage|p1a: Jirachi|72/186
|-enditem|p1a: Jirachi|Sitrus Berry|[eat]
|-heal|p1a: Jirachi|118/186|[from] item: Sitrus Berry
|move|p1a: Jirachi|Thunder Wave|p2a: Rillaboom
|-status|p2a: Rillaboom|par
|
|-heal|p1a: Jirachi|129/186|[from] Grassy Terrain
|-heal|p2a: Rillaboom|100/186 par|[from] Grassy Terrain
|upkeep
|turn|3
|
|t:|1765329703
|move|p2b: Regidrago|Earth Power|p1a: Jirachi
|-supereffective|p1a: Jirachi
|-damage|p1a: Jirachi|61/186
|move|p1a: Jirachi|Iron Head|p2a: Rillaboom
|-damage|p2a: Rillaboom|49/186 par
|move|p1b: Palkia|Spacial Rend|p2b: Regidrago
|-supereffective|p2b: Regidrago
|-damage|p2b: Regidrago|0 fnt
|faint|p2b: Regidrago
|move|p2a: Rillaboom|Wood Hammer|p1b: Palkia
|-damage|p1b: Palkia|59/176
|-damage|p2a: Rillaboom|10/186 par|[from] Recoil
|
|-heal|p1b: Palkia|70/176|[from] Grassy Terrain
|-heal|p1a: Jirachi|72/186|[from] Grassy Terrain
|-heal|p2a: Rillaboom|21/186 par|[from] Grassy Terrain
|upkeep
|
|t:|1765329703
|switch|p2b: Solgaleo|Solgaleo, L50|223/223
|turn|4
|
|t:|1765329703
|move|p1b: Palkia|Hydro Pump|p2a: Rillaboom
|-resisted|p2a: Rillaboom
|-crit|p2a: Rillaboom
|-damage|p2a: Rillaboom|0 fnt
|faint|p2a: Rillaboom
|move|p1a: Jirachi|Iron Head|p2b: Solgaleo
|-resisted|p2b: Solgaleo
|-damage|p2b: Solgaleo|198/223
|cant|p2b: Solgaleo|flinch
|
|-heal|p1b: Palkia|81/176|[from] Grassy Terrain
|-heal|p1a: Jirachi|83/186|[from] Grassy Terrain
|-heal|p2b: Solgaleo|211/223|[from] Grassy Terrain
|upkeep
|
|t:|1765329703
|switch|p2a: Toxicroak|Toxicroak, L50, M|169/169
|turn|5
|
|t:|1765329703
|move|p1a: Jirachi|Thunder Wave|p2a: Toxicroak
|-status|p2a: Toxicroak|par
|move|p1b: Palkia|Spacial Rend|p2b: Solgaleo
|-resisted|p2b: Solgaleo
|-damage|p2b: Solgaleo|172/223
|move|p2b: Solgaleo|Sunsteel Strike|p1b: Palkia
|-resisted|p1b: Palkia
|-crit|p1b: Palkia
|-damage|p1b: Palkia|24/176
|move|p2a: Toxicroak|Gunk Shot|p1a: Jirachi
|-immune|p1a: Jirachi
|
|-heal|p1b: Palkia|35/176|[from] Grassy Terrain
|-heal|p1a: Jirachi|94/186|[from] Grassy Terrain
|-heal|p2b: Solgaleo|185/223|[from] Grassy Terrain
|-fieldend|move: Grassy Terrain
|upkeep
|turn|6
|
|t:|1765329703
|move|p1b: Palkia|Fire Blast|p2a: Toxicroak|[miss]
|-miss|p1b: Palkia|p2a: Toxicroak
|move|p1a: Jirachi|Iron Head|p2a: Toxicroak
|-damage|p2a: Toxicroak|97/169 par
|move|p2b: Solgaleo|Flare Blitz|p1b: Palkia
|-resisted|p1b: Palkia
|-damage|p1b: Palkia|21/176
|-damage|p2b: Solgaleo|180/223|[from] Recoil
|cant|p2a: Toxicroak|flinch
|
|upkeep
|turn|7
|
|t:|1765329703
|move|p1a: Jirachi|Protect|p1a: Jirachi
|-singleturn|p1a: Jirachi|Protect
|move|p2a: Toxicroak|Sucker Punch||[still]
|-fail|p2a: Toxicroak
|move|p1b: Palkia|Spacial Rend|p2a: Toxicroak
|-damage|p2a: Toxicroak|0 fnt
|faint|p2a: Toxicroak
|move|p2b: Solgaleo|Flare Blitz|p1b: Palkia
|-resisted|p1b: Palkia
|-damage|p1b: Palkia|6/176
|-damage|p2b: Solgaleo|175/223|[from] Recoil
|
|upkeep
|turn|8
|
|t:|1765329703
|move|p1a: Jirachi|Life Dew|p1a: Jirachi|[spread] p1a,p1b
|-heal|p1a: Jirachi|141/186
|-heal|p1b: Palkia|50/176
|move|p1b: Palkia|Spacial Rend|p2b: Solgaleo
|-resisted|p2b: Solgaleo
|-damage|p2b: Solgaleo|135/223
|move|p2b: Solgaleo|Flare Blitz|p1a: Jirachi
|-supereffective|p1a: Jirachi
|-damage|p1a: Jirachi|7/186
|-damage|p2b: Solgaleo|91/223|[from] Recoil
|
|upkeep
|turn|9
|
|t:|1765329703
|move|p1b: Palkia|Protect|p1b: Palkia
|-singleturn|p1b: Palkia|Protect
|move|p1a: Jirachi|Protect|p1a: Jirachi
|-singleturn|p1a: Jirachi|Protect
|move|p2b: Solgaleo|Knock Off|p1b: Palkia
|-activate|p1b: Palkia|move: Protect
|
|upkeep
|turn|10
|
|t:|1765329703
|move|p1a: Jirachi|Protect|p1a: Jirachi
|-singleturn|p1a: Jirachi|Protect
|move|p1b: Palkia|Fire Blast|p2b: Solgaleo
|-supereffective|p2b: Solgaleo
|-damage|p2b: Solgaleo|5/223
|move|p2b: Solgaleo|Flare Blitz|p1b: Palkia
|-resisted|p1b: Palkia
|-damage|p1b: Palkia|35/176
|-damage|p2b: Solgaleo|0 fnt|[from] Recoil
|faint|p2b: Solgaleo
|
|win|Bot1