|t:|1765338587
|gametype|doubles
|player|p1|Bot1||
|player|p2|Bot2||
|gen|9
|tier|[Gen 9] VGC 2026 Reg F
|rule|Species Clause: Limit one of each Pokémon
|rule|Item Clause: Limit 1 of each item
|clearpoke
|poke|p1|Swalot, L50, M|
|poke|p1|Sawsbuck-Autumn, L50, F|
|poke|p1|Arbok, L50, M|
|poke|p1|Terrakion, L50|
|poke|p1|Ditto, L50|
|poke|p1|Alomomola, L50, F|
|poke|p2|Reshiram, L50|
|poke|p2|Muk, L50, M|
|poke|p2|Indeedee, L50, M|
|poke|p2|Farigiraf, L50, M|
|poke|p2|Appletun, L50, F|
|poke|p2|Araquanid, L50, F|
|teampreview|4
|uhtml|otsrequest|<button name="send" value="/acceptopenteamsheets" class="button" style="margin-right: 10px;"><strong>Accept Open Team Sheets</strong></button><button name="send" value="/rejectopenteamsheets" class="button" style="margin-top: 10px"><strong>Deny Open Team Sheets</strong></button>
|uhtml|otsrequest|<button name="send" value="/acceptopenteamsheets" class="button" style="margin-right: 10px;"><strong>Accept Open Team Sheets</strong></button><button name="send" value="/rejectopenteamsheets" class="button" style="margin-top: 10px"><strong>Deny Open Team Sheets</strong></button>
|
|t:|1765338587
|teamsize|p1|4
|teamsize|p2|4
|start
|uhtmlchange|otsrequest|
|uhtmlchange|otsrequest|
|switch|p1a: Swalot|Swalot, L50, M|186/186
|switch|p1b: Sawsbuck|Sawsbuck-Autumn, L50, F|166/166
|switch|p2a: Reshiram|Reshiram, L50|186/186
|switch|p2b: Muk|Muk, L50, M|191/191
|-ability|p2a: Reshiram|Turboblaze
|turn|1
|
|t:|1765338587
|move|p1a: Swalot|Helping Hand|p1b: Sawsbuck
|-singleturn|p1b: Sawsbuck|Helping Hand|[of] p1a: Swalot
|move|p1b: Sawsbuck|Protect|p1b: Sawsbuck
|-singleturn|p1b: Sawsbuck|Protect
|move|p2a: Reshiram|Protect|p2a: Reshiram
|-singleturn|p2a: Reshiram|Protect
|move|p2b: Muk|Knock Off|p1a: Swalot
|-damage|p1a: Swalot|135/186
|-enditem|p1a: Swalot|Aguav Berry|[from] move: Knock Off|[of] p2b: Muk
|
|upkeep
|turn|2
|
|t:|1765338587
|move|p1b: Sawsbuck|Swords Dance|p1b: Sawsbuck
|-boost|p1b: Sawsbuck|atk|2
|move|p2a: Reshiram|Heat Wave|p1a: Swalot|[spread] p1a,p1b
|-supereffective|p1b: Sawsbuck
|-damage|p1a: Swalot|38/186
|-damage|p1b: Sawsbuck|0 fnt
|faint|p1b: Sawsbuck
|-damage|p2a: Reshiram|168/186|[from] item: Life Orb
|move|p1a: Swalot|Knock Off|p2a: Reshiram
|-damage|p2a: Reshiram|135/186
|-enditem|p2a: Reshiram|Life Orb|[from] move: Knock Off|[of] p1a: Swalot
|move|p2b: Muk|Knock Off|p1a: Swalot
|-crit|p1a: Swalot
|-damage|p1a: Swalot|0 fnt
|faint|p1a: Swalot
|
|upkeep
|
|t:|1765338587
|switch|p1b: Terrakion|Terrakion, L50|177/177
|switch|p1a: Arbok|Arbok, L50, M|146/146
|-ability|p1a: Arbok|Intimidate|boost
|-unboost|p2a: Reshiram|atk|1
|-unboost|p2b: Muk|atk|1
|turn|3
|
|t:|1765338587
|move|p1b: Terrakion|High Horsepower|p2b: Muk
|-supereffective|p2b: Muk
|-damage|p2b: Muk|15/191
|-enditem|p2b: Muk|Sitrus Berry|[eat]
|-heal|p2b: Muk|62/191|[from] item: Sitrus Berry
|move|p2a: Reshiram|Draco Meteor|p1b: Terrakion
|-damage|p1b: Terrakion|48/177
|-unboost|p2a: Reshiram|spa|2
|move|p1a: Arbok|Glare|p2b: Muk
|-status|p2b: Muk|par
|move|p2b: Muk|Poison Jab|p1b: Terrakion
|-resisted|p1b: Terrakion
|-damage|p1b: Terrakion|30/177
|-status|p1b: Terrakion|psn|[from] ability: Poison Touch|[of] p2b: Muk
|
|-damage|p1b: Terrakion|8/177 psn|[from] psn
|upkeep
|turn|4
|
|t:|1765338587
|move|p1b: Terrakion|High Horsepower|p2a: Reshiram
|-supereffective|p2a: Reshiram
|-damage|p2a: Reshiram|1/186
|move|p2a: Reshiram|Heat Wave|p1a: Arbok|[spread] p1a,p1b
|-resisted|p1b: Terrakion
|-damage|p1a: Arbok|113/146
|-damage|p1b: Terrakion|0 fnt
|-status|p1a: Arbok|brn
|faint|p1b: Terrakion
|move|p1a: Arbok|Gunk Shot|p2b: Muk
|-resisted|p2b: Muk
|-damage|p2b: Muk|42/191 par
|move|p2b: Muk|Poison Gas||[still]
|-fail|p2b: Muk
|
|-damage|p1a: Arbok|104/146 brn|[from] brn
|upkeep
|turn|5
|
|t:|1765338587
|move|p2a: Reshiram|Tailwind|p2a: Reshiram
|-sidestart|p2: Bot2|move: Tailwind
|move|p1a: Arbok|Gunk Shot|p2b: Muk
|-resisted|p2b: Muk
|-damage|p2b: Muk|21/191 par
|cant|p2b: Muk|par
|
|-damage|p1a: Arbok|95/146 brn|[from] brn
|upkeep
|turn|6
|
|t:|1765338587
|move|p2a: Reshiram|Draco Meteor|p1a: Arbok
|-damage|p1a: Arbok|32/146 brn
|-unboost|p2a: Reshiram|spa|2
|-enditem|p1a: Arbok|Sitrus Berry|[eat]
|-heal|p1a: Arbok|68/146 brn|[from] item: Sitrus Berry
|move|p1a: Arbok|Toxic Spikes|p2a: Reshiram
|-sidestart|p2: Bot2|move: Toxic Spikes
|move|p2b: Muk|Poison Jab|p1a: Arbok
|-resisted|p1a: Arbok
|-damage|p1a: Arbok|44/146 brn
|
|-damage|p1a: Arbok|35/146 brn|[from] brn
|upkeep
|turn|7
|
|t:|1765338587
|move|p2a: Reshiram|Protect|p2a: Reshiram
|-singleturn|p2a: Reshiram|Protect
|cant|p2b: Muk|par
|move|p1a: Arbok|Toxic Spikes|p2b: Muk
|-sidestart|p2: Bot2|move: Toxic Spikes
|
|-damage|p1a: Arbok|26/146 brn|[from] brn
|upkeep
|turn|8
|
|t:|1765338587
|cant|p2b: Muk|par
|move|p2a: Reshiram|Tailwind||[still]
|-fail|p2a: Reshiram
|move|p1a: Arbok|Gunk Shot|p2a: Reshiram
|-damage|p2a: Reshiram|0 fnt
|faint|p2a: Reshiram
|
|-damage|p1a: Arbok|17/146 brn|[from] brn
|-sideend|p2: Bot2|move: Tailwind
|upkeep
|
|t:|1765338587
|switch|p2a: Farigiraf|Farigiraf, L50, M|206/206
|-status|p2a: Farigiraf|tox
|turn|9
|
|t:|1765338587
|move|p2a: Farigiraf|Protect|p2a: Farigiraf
|-singleturn|p2a: Farigiraf|Protect
|move|p1a: Arbok|Knock Off|p2a: Farigiraf
|-activate|p2a: Farigiraf|move: Protect
|move|p2b: Muk|Knock Off|p1a: Arbok
|-damage|p1a: Arbok|0 fnt
|faint|p1a: Arbok
|
|win|Bot2