|t:|1765334685
|gametype|doubles
|player|p1|Bot1||
|player|p2|Bot2||
|gen|9
|tier|[Gen 9] VGC 2026 Reg F
|rule|Species Clause: Limit one of each Pokémon
|rule|Item Clause: Limit 1 of each item
|clearpoke
|poke|p1|Glastrier, L50|
|poke|p1|Veluza, L50, M|
|poke|p1|Mismagius, L50, M|
|poke|p1|Muk-Alola, L50, M|
|poke|p1|Hawlucha, L50, M|
|poke|p1|Volcarona, L50, M|
|poke|p2|Sudowoodo, L50, F|
|poke|p2|Dewgong, L50, F|
|poke|p2|Clefable, L50, F|
|poke|p2|Mudsdale, L50, M|
|poke|p2|Zapdos, L50|
|poke|p2|Ludicolo, L50, F|
|teampreview|4
|uhtml|otsrequest|<button name="send" value="/acceptopenteamsheets" class="button" style="margin-right: 10px;"><strong>Accept Open Team Sheets</strong></button><button name="send" value="/rejectopenteamsheets" class="button" style="margin-top: 10px"><strong>Deny Open Team Sheets</strong></button>
|uhtml|otsrequest|<button name="send" value="/acceptopenteamsheets" class="button" style="margin-right: 10px;"><strong>Accept Open Team Sheets</strong></button><button name="send" value="/rejectopenteamsheets" class="button" style="margin-top: 10px"><strong>Deny Open Team Sheets</strong></button>
|
|t:|1765334685
|teamsize|p1|4
|teamsize|p2|4
|start
|uhtmlchange|otsrequest|
|uhtmlchange|otsrequest|
|switch|p1a: Glastrier|Glastrier, L50|186/186
|switch|p1b: Veluza|Veluza, L50, M|176/176
|switch|p2a: Sudowoodo|Sudowoodo, L50, F|156/156
|switch|p2b: Dewgong|Dewgong, L50, F|176/176
|turn|1
|
|t:|1765334685
|move|p1b: Veluza|Aqua Jet|p2a: Sudowoodo
|-supereffective|p2a: Sudowoodo
|-damage|p2a: Sudowoodo|88/156
|move|p2b: Dewgong|Icy Wind|p1a: Glastrier|[spread] p1a,p1b
|-resisted|p1a: Glastrier
|-resisted|p1b: Veluza
|-damage|p1a: Glastrier|180/186
|-damage|p1b: Veluza|161/176
|-unboost|p1a: Glastrier|spe|1
|-unboost|p1b: Veluza|spe|1
|move|p2a: Sudowoodo|Wood Hammer|p1a: Glastrier
|-damage|p1a: Glastrier|131/186
|-damage|p2a: Sudowoodo|73/156|[from] item: Life Orb
|move|p1a: Glastrier|Close Combat|p2b: Dewgong
|-supereffective|p2b: Dewgong
|-damage|p2b: Dewgong|16/176
|-unboost|p1a: Glastrier|def|1
|-unboost|p1a: Glastrier|spd|1
|-enditem|p2b: Dewgong|Sitrus Berry|[eat]
|-heal|p2b: Dewgong|60/176|[from] item: Sitrus Berry
|
|upkeep
|turn|2
|
|t:|1765334685
|move|p1b: Veluza|Aqua Jet|p2a: Sudowoodo
|-supereffective|p2a: Sudowoodo
|-damage|p2a: Sudowoodo|7/156
|move|p2b: Dewgong|Encore|p1a: Glastrier
|-start|p1a: Glastrier|Encore
|move|p2a: Sudowoodo|High Horsepower|p1a: Glastrier
|-damage|p1a: Glastrier|70/186
|-damage|p2a: Sudowoodo|0 fnt|[from] item: Life Orb
|faint|p2a: Sudowoodo
|move|p1a: Glastrier|Close Combat|p2b: Dewgong
|-supereffective|p2b: Dewgong
|-damage|p2b: Dewgong|0 fnt
|-unboost|p1a: Glastrier|def|1
|-unboost|p1a: Glastrier|spd|1
|faint|p2b: Dewgong
|-ability|p1a: Glastrier|Chilling Neigh|boost
|-boost|p1a: Glastrier|atk|1
|
|upkeep
|
|t:|1765334685
|switch|p2b: Clefable|Clefable, L50, F|181/181
|switch|p2a: Mudsdale|Mudsdale, L50, M|186/186
|turn|3
|
|t:|1765334685
|move|p1b: Veluza|Aqua Jet|p2a: Mudsdale
|-supereffective|p2a: Mudsdale
|-damage|p2a: Mudsdale|114/186
|-ability|p2a: Mudsdale|Stamina|boost
|-boost|p2a: Mudsdale|def|1
|move|p2b: Clefable|Moonblast|p1b: Veluza
|-damage|p1b: Veluza|80/176
|-unboost|p1b: Veluza|spa|1
|move|p2a: Mudsdale|High Horsepower|p1a: Glastrier
|-damage|p1a: Glastrier|0 fnt
|faint|p1a: Glastrier
|
|upkeep
|
|t:|1765334685
|switch|p1a: Mismagius|Mismagius, L50, M|146/146
|turn|4
|
|t:|1765334685
|move|p1b: Veluza|Aqua Jet|p2b: Clefable
|-damage|p2b: Clefable|136/181
|-damage|p1b: Veluza|51/176|[from] item: Rocky Helmet|[of] p2b: Clefable
|move|p1a: Mismagius|Thunderbolt|p2b: Clefable
|-damage|p2b: Clefable|71/181
|move|p2b: Clefable|Fire Blast|p1b: Veluza
|-resisted|p1b: Veluza
|-damage|p1b: Veluza|22/176
|move|p2a: Mudsdale|Body Press|p1b: Veluza
|-resisted|p1b: Veluza
|-damage|p1b: Veluza|0 fnt
|faint|p1b: Veluza
|
|upkeep
|
|t:|1765334685
|switch|p1b: Muk|Muk-Alola, L50, M|191/191
|turn|5
|
|t:|1765334685
|move|p1a: Mismagius|Thunderbolt|p2a: Mudsdale
|-immune|p2a: Mudsdale
|move|p2b: Clefable|Fire Blast|p1b: Muk
|-damage|p1b: Muk|145/191
|move|p1b: Muk|Knock Off|p2b: Clefable
|-resisted|p2b: Clefable
|-damage|p2b: Clefable|29/181
|-damage|p1b: Muk|114/191|[from] item: Rocky Helmet|[of] p2b: Clefable
|-enditem|p2b: Clefable|Rocky Helmet|[from] move: Knock Off|[of] p1b: Muk
|move|p2a: Mudsdale|Body Press|p1b: Muk
|-damage|p1b: Muk|54/191
|-enditem|p1b: Muk|Sitrus Berry|[eat]
|-heal|p1b: Muk|101/191|[from] item: Sitrus Berry
|
|upkeep
|turn|6
|
|t:|1765334685
|move|p1a: Mismagius|Thunderbolt|p2b: Clefable
|-damage|p2b: Clefable|0 fnt
|faint|p2b: Clefable
|move|p1b: Muk|Poison Jab|p2a: Mudsdale
|-resisted|p2a: Mudsdale
|-damage|p2a: Mudsdale|96/186
|-ability|p2a: Mudsdale|Stamina|boost
|-boost|p2a: Mudsdale|def|1
|move|p2a: Mudsdale|Rest|p2a: Mudsdale
|-status|p2a: Mudsdale|slp|[from] move: Rest
|-heal|p2a: Mudsdale|186/186 slp|[silent]
|-enditem|p2a: Mudsdale|Chesto Berry|[eat]
|-curestatus|p2a: Mudsdale|slp|[msg]
|
|upkeep
|turn|7
|
|t:|1765334685
|move|p1a: Mismagius|Thunderbolt|p2a: Mudsdale
|-immune|p2a: Mudsdale
|move|p1b: Muk|Poison Jab|p2a: Mudsdale
|-resisted|p2a: Mudsdale
|-damage|p2a: Mudsdale|173/186
|-ability|p2a: Mudsdale|Stamina|boost
|-boost|p2a: Mudsdale|def|1
|move|p2a: Mudsdale|Body Press|p1a: Mismagius
|-immune|p1a: Mismagius
|
|upkeep
|turn|8
|
|t:|1765334685
|move|p1a: Mismagius|Thunderbolt|p2a: Mudsdale
|-immune|p2a: Mudsdale
|move|p1b: Muk|Poison Jab|p2a: Mudsdale
|-resisted|p2a: Mudsdale
|-damage|p2a: Mudsdale|164/186
|-ability|p2a: Mudsdale|Stamina|boost
|-boost|p2a: Mudsdale|def|1
|move|p2a: Mudsdale|Rest|p2a: Mudsdale
|-status|p2a: Mudsdale|slp|[from] move: Rest
|-heal|p2a: Mudsdale|186/186 slp|[silent]
|
|upkeep
|turn|9
|
|t:|1765334685
|move|p1a: Mismagius|Thunderbolt|p2a: Mudsdale
|-immune|p2a: Mudsdale
|move|p1b: Muk|Ice Punch|p2a: Mudsdale
|-supereffective|p2a: Mudsdale
|-damage|p2a: Mudsdale|164/186 slp
|-ability|p2a: Mudsdale|Stamina|boost
|-boost|p2a: Mudsdale|def|1
|cant|p2a: Mudsdale|slp
|
|upkeep
|turn|10
|
|t:|1765334685
|move|p1a: Mismagius|Thunderbolt|p2a: Mudsdale
|-immune|p2a: Mudsdale
|move|p1b: Muk|Poison Jab|p2a: Mudsdale
|-resisted|p2a: Mudsdale
|-damage|p2a: Mudsdale|157/186 slp
|-ability|p2a: Mudsdale|Stamina|boost
|-boost|p2a: Mudsdale|def|1
|cant|p2a: Mudsdale|slp
|
|upkeep
|turn|11
|
|t:|1765334685
|move|p1a: Mismagius|Thunderbolt|p2a: Mudsdale
|-immune|p2a: Mudsdale
|move|p1b: Muk|Ice Punch|p2a: Mudsdale
|-supereffective|p2a: Mudsdale
|-damage|p2a: Mudsdale|139/186 slp
|-curestatus|p2a: Mudsdale|slp|[msg]
|move|p2a: Mudsdale|High Horsepower|p1a: Mismagius
|-immune|p1a: Mismagius|[from] ability: Levitate
|
|upkeep
|turn|12
|
|t:|1765334685
|move|p1a: Mismagius|Thunderbolt|p2a: Mudsdale
|-immune|p2a: Mudsdale
|move|p1b: Muk|Ice Punch|p2a: Mudsdale
|-supereffective|p2a: Mudsdale
|-damage|p2a: Mudsdale|121/186
|move|p2a: Mudsdale|Rest|p2a: Mudsdale
|-status|p2a: Mudsdale|slp|[from] move: Rest
|-heal|p2a: Mudsdale|186/186 slp|[silent]
|
|upkeep
|turn|13
|
|t:|1765334685
|move|p1b: Muk|Protect|p1b: Muk
|-singleturn|p1b: Muk|Protect
|move|p1a: Mismagius|Thunderbolt|p2a: Mudsdale
|-immune|p2a: Mudsdale
|cant|p2a: Mudsdale|slp
|
|upkeep
|turn|14
|
|t:|1765334685
|move|p1a: Mismagius|Thunderbolt|p2a: Mudsdale
|-immune|p2a: Mudsdale
|move|p1b: Muk|Poison Jab|p2a: Mudsdale
|-resisted|p2a: Mudsdale
|-damage|p2a: Mudsdale|179/186 slp
|cant|p2a: Mudsdale|slp
|
|upkeep
|turn|15
|
|t:|1765334685
|move|p1a: Mismagius|Thunderbolt|p2a: Mudsdale
|-immune|p2a: Mudsdale
|move|p1b: Muk|Ice Punch|p2a: Mudsdale
|-supereffective|p2a: Mudsdale
|-damage|p2a: Mudsdale|161/186 slp
|-curestatus|p2a: Mudsdale|slp|[msg]
|move|p2a: Mudsdale|High Horsepower|p1a: Mismagius
|-immune|p1a: Mismagius|[from] ability: Levitate
|
|upkeep
|turn|16
|
|t:|1765334685
|move|p1a: Mismagius|Thunderbolt|p2a: Mudsdale
|-immune|p2a: Mudsdale
|move|p1b: Muk|Knock Off|p2a: Mudsdale
|-damage|p2a: Mudsdale|149/186
|move|p2a: Mudsdale|Rest|p2a: Mudsdale
|-status|p2a: Mudsdale|slp|[from] move: Rest
|-heal|p2a: Mudsdale|186/186 slp|[silent]
|
|upkeep
|turn|17
|
|t:|1765334685
|move|p1a: Mismagius|Thunderbolt|p2a: Mudsdale
|-immune|p2a: Mudsdale
|move|p1b: Muk|Poison Jab|p2a: Mudsdale
|-resisted|p2a: Mudsdale
|-damage|p2a: Mudsdale|179/186 slp
|cant|p2a: Mudsdale|slp
|
|upkeep
|turn|18
|
|t:|1765334685
|move|p1b: Muk|Protect|p1b: Muk
|-singleturn|p1b: Muk|Protect
|move|p1a: Mismagius|Thunderbolt|p2a: Mudsdale
|-immune|p2a: Mudsdale
|cant|p2a: Mudsdale|slp
|
|upkeep
|turn|19
|
|t:|1765334685
|move|p1b: Muk|Protect|p1b: Muk
|-singleturn|p1b: Muk|Protect
|move|p1a: Mismagius|Thunderbolt|p2a: Mudsdale
|-immune|p2a: Mudsdale
|-curestatus|p2a: Mudsdale|slp|[msg]
|move|p2a: Mudsdale|High Horsepower|p1a: Mismagius
|-immune|p1a: Mismagius|[from] ability: Levitate
|
|upkeep
|turn|20
|
|t:|1765334685
|move|p1a: Mismagius|Thunderbolt|p2a: Mudsdale
|-immune|p2a: Mudsdale
|move|p1b: Muk|Ice Punch|p2a: Mudsdale
|-supereffective|p2a: Mudsdale
|-damage|p2a: Mudsdale|163/186
|move|p2a: Mudsdale|Body Press|p1b: Muk
|-damage|p1b: Muk|0 fnt
|faint|p1b: Muk
|
|upkeep
|turn|21
|
|t:|1765334685
|move|p1a: Mismagius|Thunderbolt|p2a: Mudsdale
|-immune|p2a: Mudsdale
|move|p2a: Mudsdale|Body Press|p1a: Mismagius
|-immune|p1a: Mismagius
|
|upkeep
|turn|22
|
|t:|1765334685
|move|p1a: Mismagius|Thunderbolt|p2a: Mudsdale
|-immune|p2a: Mudsdale
|move|p2a: Mudsdale|Rest|p2a: Mudsdale
|-status|p2a: Mudsdale|slp|[from] move: Rest
|-heal|p2a: Mudsdale|186/186 slp|[silent]
|
|upkeep
|turn|23
|
|t:|1765334685
|move|p1a: Mismagius|Thunderbolt|p2a: Mudsdale
|-immune|p2a: Mudsdale
|cant|p2a: Mudsdale|slp
|
|upkeep
|turn|24
|
|t:|1765334685
|move|p1a: Mismagius|Thunderbolt|p2a: Mudsdale
|-immune|p2a: Mudsdale
|cant|p2a: Mudsdale|slp
|
|upkeep
|turn|25
|
|t:|1765334685
|move|p1a: Mismagius|Thunderbolt|p2a: Mudsdale
|-immune|p2a: Mudsdale
|-curestatus|p2a: Mudsdale|slp|[msg]
|move|p2a: Mudsdale|Stone Edge|p1a: Mismagius
|-damage|p1a: Mismagius|77/146
|
|upkeep
|turn|26
|
|t:|1765334685
|move|p1a: Mismagius|Thunderbolt|p2a: Mudsdale
|-immune|p2a: Mudsdale
|move|p2a: Mudsdale|High Horsepower|p1a: Mismagius
|-immune|p1a: Mismagius|[from] ability: Levitate
|
|upkeep
|turn|27
|
|t:|1765334685
|move|p1a: Mismagius|Thunderbolt|p2a: Mudsdale
|-immune|p2a: Mudsdale
|move|p2a: Mudsdale|High Horsepower|p1a: Mismagius
|-immune|p1a: Mismagius|[from] ability: Levitate
|
|upkeep
|turn|28
|
|t:|1765334685
|-activate|p1a: Mismagius|move: Struggle
|move|p1a: Mismagius|Struggle|p2a: Mudsdale
|-damage|p2a: Mudsdale|183/186
|-damage|p1a: Mismagius|40/146|[from] recoil
|move|p2a: Mudsdale|Rest|p2a: Mudsdale
|-status|p2a: Mudsdale|slp|[from] move: Rest
|-heal|p2a: Mudsdale|186/186 slp|[silent]
|
|upkeep
|turn|29
|
|t:|1765334685
|-activate|p1a: Mismagius|move: Struggle
|move|p1a: Mismagius|Struggle|p2a: Mudsdale
|-damage|p2a: Mudsdale|183/186 slp
|-damage|p1a: Mismagius|3/146|[from] recoil
|cant|p2a: Mudsdale|slp
|
|upkeep
|turn|30
|
|t:|1765334685
|-activate|p1a: Mismagius|move: Struggle
|move|p1a: Mismagius|Struggle|p2a: Mudsdale
|-damage|p2a: Mudsdale|180/186 slp
|-damage|p1a: Mismagius|0 fnt|[from] recoil
|faint|p1a: Mismagius
|
|win|Bot2