update
|t:|1765326202
|gametype|doubles
|player|p1|Bot1||
|player|p2|Bot2||
|gen|9
|tier|[Gen 9] VGC 2026 Reg F
|rule|Species Clause: Limit one of each Pokémon
|rule|Item Clause: Limit 1 of each item
|clearpoke
|poke|p1|Cacturne, L50, M|
|poke|p1|Weavile, L50, F|
|poke|p1|Reshiram, L50|
|poke|p1|Iron Crown, L50|
|poke|p1|Wigglytuff, L50, F|
|poke|p1|Luxray, L50, F|
|poke|p2|Vileplume, L50, M|
|poke|p2|Empoleon, L50, F|
|poke|p2|Hitmonchan, L50, M|
|poke|p2|Hydreigon, L50, M|
|poke|p2|Gastrodon-East, L50, M|
|poke|p2|Magearna-Original, L50|
|teampreview|4
|split|p1
|uhtml|otsrequest|<button name="send" value="/acceptopenteamsheets" class="button" style="margin-right: 10px;"><strong>Accept Open Team Sheets</strong></button><button name="send" value="/rejectopenteamsheets" class="button" style="margin-top: 10px"><strong>Deny Open Team Sheets</strong></button>

|split|p2
|uhtml|otsrequest|<button name="send" value="/acceptopenteamsheets" class="button" style="margin-right: 10px;"><strong>Accept Open Team Sheets</strong></button><button name="send" value="/rejectopenteamsheets" class="button" style="margin-top: 10px"><strong>Deny Open Team Sheets</strong></button>

sideupdate
p1
|request|{"teamPreview":true,"maxChosenTeamSize":4,"side":{"name":"Bot1","id":"p1","pokemon":[{"ident":"p1: Cacturne","details":"Cacturne, L50, M","condition":"156/156","active":true,"stats":{"atk":146,"def":91,"spa":146,"spd":91,"spe":86},"moves":["suckerpunch","leafstorm","knockoff","spikyshield"],"baseAbility":"waterabsorb","item":"lifeorb","pokeball":"pokeball","ability":"waterabsorb","commanding":false,"reviving":false,"teraType":"Poison","terastallized":""},{"ident":"p1: Weavile","details":"Weavile, L50, F","condition":"156/156","active":true,"stats":{"atk":151,"def":96,"spa":76,"spd":116,"spe":156},"moves":["knockoff","tripleaxel","iceshard","lowkick"],"baseAbility":"pickpocket","item":"choiceband","pokeball":"pokeball","ability":"pickpocket","commanding":false,"reviving":false,"teraType":"Dark","terastallized":""},{"ident":"p1: Reshiram","details":"Reshiram, L50","condition":"186/186","active":false,"stats":{"atk":125,"def":131,"spa":181,"spd":151,"spe":121},"moves":["tailwind","blueflare","heatwave","dracometeor"],"baseAbility":"turboblaze","item":"lifeorb","pokeball":"pokeball","ability":"turboblaze","commanding":false,"reviving":false,"teraType":"Fire","terastallized":""},{"ident":"p1: Iron Crown","details":"Iron Crown, L50","condition":"176/176","active":false,"stats":{"atk":77,"def":131,"spa":153,"spd":139,"spe":129},"moves":["focusblast","agility","protect","tachyoncutter"],"baseAbility":"quarkdrive","item":"weaknesspolicy","pokeball":"pokeball","ability":"quarkdrive","commanding":false,"reviving":false,"teraType":"Fighting","terastallized":""},{"ident":"p1: Wigglytuff","details":"Wigglytuff, L50, F","condition":"226/226","active":false,"stats":{"atk":75,"def":76,"spa":116,"spd":81,"spe":76},"moves":["thunderwave","healpulse","dazzlinggleam","disable"],"baseAbility":"competitive","item":"sitrusberry","pokeball":"pokeball","ability":"competitive","commanding":false,"reviving":false,"teraType":"Fire","terastallized":""},{"ident":"p1: Luxray","details":"Luxray, L50, F","condition":"166/166","active":false,"stats":{"atk":151,"def":110,"spa":126,"spd":110,"spe":101},"moves":["wildcharge","playrough","crunch","snarl"],"baseAbility":"intimidate","item":"assaultvest","pokeball":"pokeball","ability":"intimidate","commanding":false,"reviving":false,"teraType":"Flying","terastallized":""}]}}

sideupdate
p2
|request|{"teamPreview":true,"maxChosenTeamSize":4,"side":{"name":"Bot2","id":"p2","pokemon":[{"ident":"p2: Vileplume","details":"Vileplume, L50, M","condition":"161/161","active":true,"stats":{"atk":85,"def":116,"spa":141,"spd":121,"spe":81},"moves":["stunspore","strengthsap","pollenpuff","sludgebomb"],"baseAbility":"effectspore","item":"sitrusberry","pokeball":"pokeball","ability":"effectspore","commanding":false,"reviving":false,"teraType":"Steel","terastallized":""},{"ident":"p2: Empoleon","details":"Empoleon, L50, F","condition":"170/170","active":true,"stats":{"atk":117,"def":119,"spa":142,"spd":132,"spe":91},"moves":["hydropump","flashcannon","knockoff","icebeam"],"baseAbility":"competitive","item":"assaultvest","pokeball":"pokeball","ability":"competitive","commanding":false,"reviving":false,"teraType":"Grass","terastallized":""},{"ident":"p2: Hitmonchan","details":"Hitmonchan, L50, M","condition":"136/136","active":false,"stats":{"atk":136,"def":110,"spa":66,"spd":141,"spe":107},"moves":["poisonjab","closecombat","knockoff","coaching"],"baseAbility":"innerfocus","item":"sitrusberry","pokeball":"pokeball","ability":"innerfocus","commanding":false,"reviving":false,"teraType":"Dark","terastallized":""},{"ident":"p2: Hydreigon","details":"Hydreigon, L50, M","condition":"178/178","active":false,"stats":{"atk":110,"def":121,"spa":156,"spd":121,"spe":129},"moves":["darkpulse","protect","tailwind","dracometeor"],"baseAbility":"levitate","item":"lifeorb","pokeball":"pokeball","ability":"levitate","commanding":false,"reviving":false,"teraType":"Dragon","terastallized":""},{"ident":"p2: Gastrodon","details":"Gastrodon-East, L50, M","condition":"197/197","active":false,"stats":{"atk":88,"def":99,"spa":123,"spd":113,"spe":70},"moves":["earthpower","clearsmog","helpinghand","muddywater"],"baseAbility":"stormdrain","item":"sitrusberry","pokeball":"pokeball","ability":"stormdrain","commanding":false,"reviving":false,"teraType":"Fire","terastallized":""},{"ident":"p2: Magearna","details":"Magearna-Original, L50","condition":"166/166","active":false,"stats":{"atk":100,"def":146,"spa":161,"spd":146,"spe":70},"moves":["trickroom","protect","dazzlinggleam","flashcannon"],"baseAbility":"soulheart","item":"lifeorb","pokeball":"pokeball","ability":"soulheart","commanding":false,"reviving":false,"teraType":"Fairy","terastallized":""}]}}