|t:|1765335666
|gametype|doubles
|player|p1|Bot1||
|player|p2|Bot2||
|gen|9
|tier|[Gen 9] VGC 2026 Reg F
|rule|Species Clause: Limit one of each Pokémon
|rule|Item Clause: Limit 1 of each item
|clearpoke
|poke|p1|Lucario, L50, M|
|poke|p1|Annihilape, L50, M|
|poke|p1|Milotic, L50, F|
|poke|p1|Polteageist, L50|
|poke|p1|Blastoise, L50, F|
|poke|p1|Snorlax, L50, M|
|poke|p2|Salamence, L50, F|
|poke|p2|Tyranitar, L50, F|
|poke|p2|Swanna, L50, M|
|poke|p2|Keldeo-Resolute, L50|
|poke|p2|Granbull, L50, F|
|poke|p2|Copperajah, L50, M|
|teampreview|4
|uhtml|otsrequest|<button name="send" value="/acceptopenteamsheets" class="button" style="margin-right: 10px;"><strong>Accept Open Team Sheets</strong></button><button name="send" value="/rejectopenteamsheets" class="button" style="margin-top: 10px"><strong>Deny Open Team Sheets</strong></button>
|uhtml|otsrequest|<button name="send" value="/acceptopenteamsheets" class="button" style="margin-right: 10px;"><strong>Accept Open Team Sheets</strong></button><button name="send" value="/rejectopenteamsheets" class="button" style="margin-top: 10px"><strong>Deny Open Team Sheets</strong></button>
|
|t:|1765335666
|teamsize|p1|4
|teamsize|p2|4
|start
|uhtmlchange|otsrequest|
|uhtmlchange|otsrequest|
|switch|p1a: Lucario|Lucario, L50, M|156/156
|switch|p1b: Annihilape|Annihilape, L50, M|196/196
|switch|p2a: Salamence|Salamence, L50, F|181/181
|switch|p2b: Tyranitar|Tyranitar, L50, F|186/186
|-ability|p2a: Salamence|Intimidate|boost
|-fail|p1a: Lucario|unboost|Attack|[from] ability: Inner Focus|[of] p1a: Lucario
|-unboost|p1b: Annihilape|atk|1
|-ability|p1b: Annihilape|Defiant|boost
|-boost|p1b: Annihilape|atk|2
|-weather|Sandstorm|[from] ability: Sand Stream|[of] p2b: Tyranitar
|turn|1
|
|t:|1765335666
|move|p1b: Annihilape|Final Gambit|p2a: Salamence
|-damage|p2a: Salamence|0 fnt
|faint|p1b: Annihilape
|faint|p2a: Salamence
|move|p1a: Lucario|Flash Cannon|p2b: Tyranitar
|-supereffective|p2b: Tyranitar
|-damage|p2b: Tyranitar|116/186
|-damage|p1a: Lucario|141/156|[from] item: Life Orb
|move|p2b: Tyranitar|Icy Wind|p1a: Lucario
|-resisted|p1a: Lucario
|-damage|p1a: Lucario|127/156
|-unboost|p1a: Lucario|spe|1
|
|-weather|Sandstorm|[upkeep]
|upkeep
|
|t:|1765335666
|switch|p2a: Swanna|Swanna, L50, M|161/161
|switch|p1b: Polteageist|Polteageist, L50|146/146
|turn|2
|
|t:|1765335666
|move|p2a: Swanna|Brave Bird|p1a: Lucario
|-damage|p1a: Lucario|37/156
|-damage|p2a: Swanna|131/161|[from] Recoil
|move|p1b: Polteageist|Shell Smash|p1b: Polteageist
|-unboost|p1b: Polteageist|def|1
|-unboost|p1b: Polteageist|spd|1
|-boost|p1b: Polteageist|atk|2
|-boost|p1b: Polteageist|spa|2
|-boost|p1b: Polteageist|spe|2
|-enditem|p1b: Polteageist|White Herb
|-clearnegativeboost|p1b: Polteageist|[silent]
|move|p2b: Tyranitar|Fire Blast|p1a: Lucario
|-supereffective|p1a: Lucario
|-damage|p1a: Lucario|0 fnt
|faint|p1a: Lucario
|
|-weather|Sandstorm|[upkeep]
|-damage|p1b: Polteageist|137/146|[from] Sandstorm
|-damage|p2a: Swanna|121/161|[from] Sandstorm
|upkeep
|
|t:|1765335666
|switch|p1a: Milotic|Milotic, L50, F|181/181
|turn|3
|
|t:|1765335666
|move|p1b: Polteageist|Protect|p1b: Polteageist
|-singleturn|p1b: Polteageist|Protect
|move|p2a: Swanna|Hydro Pump|p1b: Polteageist
|-activate|p1b: Polteageist|move: Protect
|move|p1a: Milotic|Scald|p2a: Swanna
|-resisted|p2a: Swanna
|-damage|p2a: Swanna|87/161
|move|p2b: Tyranitar|Icy Wind|p1a: Milotic|[spread] p1a
|-activate|p1b: Polteageist|move: Protect
|-resisted|p1a: Milotic
|-damage|p1a: Milotic|174/181
|-unboost|p1a: Milotic|spe|1
|-ability|p1a: Milotic|Competitive|boost
|-boost|p1a: Milotic|spa|2
|
|-weather|Sandstorm|[upkeep]
|-damage|p1b: Polteageist|128/146|[from] Sandstorm
|-damage|p2a: Swanna|77/161|[from] Sandstorm
|-damage|p1a: Milotic|163/181|[from] Sandstorm
|-enditem|p2a: Swanna|Sitrus Berry|[eat]
|-heal|p2a: Swanna|117/161|[from] item: Sitrus Berry
|upkeep
|turn|4
|
|t:|1765335666
|move|p1b: Polteageist|Shadow Ball|p2a: Swanna
|-damage|p2a: Swanna|0 fnt
|faint|p2a: Swanna
|move|p2b: Tyranitar|Rock Slide|p1a: Milotic|[spread] p1a,p1b
|-damage|p1a: Milotic|108/181
|-damage|p1b: Polteageist|71/146
|move|p1a: Milotic|Icy Wind|p2b: Tyranitar
|-damage|p2b: Tyranitar|96/186
|-unboost|p2b: Tyranitar|spe|1
|
|-weather|Sandstorm|[upkeep]
|-damage|p1b: Polteageist|62/146|[from] Sandstorm
|-damage|p1a: Milotic|97/181|[from] Sandstorm
|upkeep
|
|t:|1765335666
|switch|p2a: Keldeo|Keldeo-Resolute, L50|177/177
|turn|5
|
|t:|1765335666
|move|p1b: Polteageist|Baton Pass||[still]
|-fail|p1b: Polteageist
|move|p2a: Keldeo|Hydro Pump|p1b: Polteageist
|-damage|p1b: Polteageist|0 fnt
|faint|p1b: Polteageist
|move|p1a: Milotic|Scald|p2b: Tyranitar
|-supereffective|p2b: Tyranitar
|-damage|p2b: Tyranitar|6/186
|move|p2b: Tyranitar|Knock Off|p1a: Milotic
|-damage|p1a: Milotic|13/181
|-enditem|p1a: Milotic|Sitrus Berry|[from] move: Knock Off|[of] p2b: Tyranitar
|
|-weather|none
|upkeep
|turn|6
|
|t:|1765335666
|move|p2a: Keldeo|Hydro Pump|p1a: Milotic
|-resisted|p1a: Milotic
|-damage|p1a: Milotic|0 fnt
|faint|p1a: Milotic
|
|win|Bot2