|t:|1765329163
|gametype|doubles
|player|p1|Bot1||
|player|p2|Bot2||
|gen|9
|tier|[Gen 9] VGC 2026 Reg F
|rule|Species Clause: Limit one of each Pokémon
|rule|Item Clause: Limit 1 of each item
|clearpoke
|poke|p1|Umbreon, L50, M|
|poke|p1|Lucario, L50, F|
|poke|p1|Trevenant, L50, F|
|poke|p1|Sylveon, L50, F|
|poke|p1|Regice, L50|
|poke|p1|Magmar, L50, F|
|poke|p2|Clefable, L50, F|
|poke|p2|Plusle, L50, F|
|poke|p2|Comfey, L50, F|
|poke|p2|Dudunsparce-*, L50, F|
|poke|p2|Charizard, L50, M|
|poke|p2|Grumpig, L50, M|
|teampreview|4
|uhtml|otsrequest|<button name="send" value="/acceptopenteamsheets" class="button" style="margin-right: 10px;"><strong>Accept Open Team Sheets</strong></button><button name="send" value="/rejectopenteamsheets" class="button" style="margin-top: 10px"><strong>Deny Open Team Sheets</strong></button>
|uhtml|otsrequest|<button name="send" value="/acceptopenteamsheets" class="button" style="margin-right: 10px;"><strong>Accept Open Team Sheets</strong></button><button name="send" value="/rejectopenteamsheets" class="button" style="margin-top: 10px"><strong>Deny Open Team Sheets</strong></button>
|
|t:|1765329163
|teamsize|p1|4
|teamsize|p2|4
|start
|uhtmlchange|otsrequest|
|uhtmlchange|otsrequest|
|switch|p1a: Umbreon|Umbreon, L50, M|181/181
|switch|p1b: Lucario|Lucario, L50, F|156/156
|switch|p2a: Clefable|Clefable, L50, F|181/181
|switch|p2b: Plusle|Plusle, L50, F|146/146
|turn|1
|
|t:|1765329163
|move|p2b: Plusle|Super Fang|p1a: Umbreon
|-damage|p1a: Umbreon|91/181
|move|p1b: Lucario|Close Combat|p2b: Plusle
|-damage|p2b: Plusle|0 fnt
|-unboost|p1b: Lucario|def|1
|-unboost|p1b: Lucario|spd|1
|faint|p2b: Plusle
|move|p1a: Umbreon|Thunder Wave|p2a: Clefable
|-status|p2a: Clefable|par
|move|p2a: Clefable|Icy Wind|p1a: Umbreon|[spread] p1a,p1b
|-resisted|p1b: Lucario
|-damage|p1a: Umbreon|74/181
|-damage|p1b: Lucario|137/156
|-unboost|p1a: Umbreon|spe|1
|-unboost|p1b: Lucario|spe|1
|-enditem|p1a: Umbreon|Sitrus Berry|[eat]
|-heal|p1a: Umbreon|119/181|[from] item: Sitrus Berry
|
|upkeep
|
|t:|1765329163
|switch|p2b: Comfey|Comfey, L50, F|137/137
|turn|2
|
|t:|1765329163
|move|p2b: Comfey|Draining Kiss|p1a: Umbreon
|-supereffective|p1a: Umbreon
|-damage|p1a: Umbreon|69/181
|move|p1b: Lucario|Close Combat|p2a: Clefable
|-resisted|p2a: Clefable
|-damage|p2a: Clefable|112/181 par
|-unboost|p1b: Lucario|def|1
|-unboost|p1b: Lucario|spd|1
|move|p1a: Umbreon|Moonlight|p1a: Umbreon
|-heal|p1a: Umbreon|159/181
|move|p2a: Clefable|Heal Pulse|p1b: Lucario
|-heal|p1b: Lucario|156/156
|
|upkeep
|turn|3
|
|t:|1765329163
|move|p2b: Comfey|Tailwind|p2b: Comfey
|-sidestart|p2: Bot2|move: Tailwind
|cant|p2a: Clefable|par
|move|p1b: Lucario|Close Combat|p2b: Comfey
|-resisted|p2b: Comfey
|-damage|p2b: Comfey|77/137
|-unboost|p1b: Lucario|def|1
|-unboost|p1b: Lucario|spd|1
|move|p1a: Umbreon|Moonlight|p1a: Umbreon
|-heal|p1a: Umbreon|181/181
|
|upkeep
|turn|4
|
|t:|1765329163
|move|p1a: Umbreon|Helping Hand|p1b: Lucario
|-singleturn|p1b: Lucario|Helping Hand|[of] p1a: Umbreon
|move|p2b: Comfey|Draining Kiss|p1b: Lucario
|-damage|p1b: Lucario|63/156
|-heal|p2b: Comfey|137/137|[from] drain|[of] p1b: Lucario
|cant|p2a: Clefable|par
|move|p1b: Lucario|Close Combat|p2b: Comfey
|-resisted|p2b: Comfey
|-damage|p2b: Comfey|47/137
|-unboost|p1b: Lucario|def|1
|-unboost|p1b: Lucario|spd|1
|-enditem|p2b: Comfey|Sitrus Berry|[eat]
|-heal|p2b: Comfey|81/137|[from] item: Sitrus Berry
|
|upkeep
|turn|5
|
|t:|1765329163
|move|p2b: Comfey|Helping Hand|p2a: Clefable
|-singleturn|p2a: Clefable|Helping Hand|[of] p2b: Comfey
|move|p2a: Clefable|Knock Off|p1a: Umbreon
|-resisted|p1a: Umbreon
|-damage|p1a: Umbreon|164/181
|move|p1b: Lucario|Close Combat|p2b: Comfey
|-resisted|p2b: Comfey
|-damage|p2b: Comfey|12/137
|-unboost|p1b: Lucario|def|1
|-unboost|p1b: Lucario|spd|1
|move|p1a: Umbreon|Foul Play|p2a: Clefable
|-resisted|p2a: Clefable
|-damage|p2a: Clefable|85/181 par
|
|upkeep
|turn|6
|
|t:|1765329163
|move|p2b: Comfey|Tailwind||[still]
|-fail|p2b: Comfey
|move|p2a: Clefable|Icy Wind|p1a: Umbreon|[spread] p1a,p1b
|-resisted|p1b: Lucario
|-damage|p1a: Umbreon|147/181
|-damage|p1b: Lucario|14/156
|-unboost|p1a: Umbreon|spe|1
|-unboost|p1b: Lucario|spe|1
|move|p1b: Lucario|Close Combat|p2b: Comfey
|-resisted|p2b: Comfey
|-damage|p2b: Comfey|0 fnt
|-unboost|p1b: Lucario|def|1
|-unboost|p1b: Lucario|spd|1
|faint|p2b: Comfey
|move|p1a: Umbreon|Foul Play|p2a: Clefable
|-resisted|p2a: Clefable
|-damage|p2a: Clefable|55/181 par
|
|-sideend|p2: Bot2|move: Tailwind
|upkeep
|
|t:|1765329163
|switch|p2b: Dudunsparce|Dudunsparce-Three-Segment, L50, F|211/211
|turn|7
|
|t:|1765329163
|move|p2b: Dudunsparce|Tailwind|p2b: Dudunsparce
|-sidestart|p2: Bot2|move: Tailwind
|move|p2a: Clefable|Icy Wind|p1b: Lucario|[spread] p1a
|-miss|p2a: Clefable|p1b: Lucario
|-damage|p1a: Umbreon|129/181
|-unboost|p1a: Umbreon|spe|1
|move|p1b: Lucario|Close Combat|p2b: Dudunsparce
|-supereffective|p2b: Dudunsparce
|-damage|p2b: Dudunsparce|0 fnt
|faint|p2b: Dudunsparce
|move|p1a: Umbreon|Foul Play|p2a: Clefable
|-resisted|p2a: Clefable
|-damage|p2a: Clefable|28/181 par
|
|upkeep
|turn|8
|
|t:|1765329163
|move|p2a: Clefable|Moonblast|p1a: Umbreon
|-supereffective|p1a: Umbreon
|-damage|p1a: Umbreon|9/181
|move|p1b: Lucario|Close Combat|p2a: Clefable
|-resisted|p2a: Clefable
|-damage|p2a: Clefable|0 fnt
|faint|p2a: Clefable
|
|win|Bot1