|t:|1765338588
|gametype|doubles
|player|p1|Bot1||
|player|p2|Bot2||
|gen|9
|tier|[Gen 9] VGC 2026 Reg F
|rule|Species Clause: Limit one of each Pokémon
|rule|Item Clause: Limit 1 of each item
|clearpoke
|poke|p1|Flapple, L50, F|
|poke|p1|Clefable, L50, M|
|poke|p1|Overqwil, L50, F|
|poke|p1|Cinccino, L50, F|
|poke|p1|Rhyperior, L50, M|
|poke|p1|Avalugg-Hisui, L50, M|
|poke|p2|Bellossom, L50, M|
|poke|p2|Illumise, L50, F|
|poke|p2|Pachirisu, L50, F|
|poke|p2|Scizor, L50, F|
|poke|p2|Ho-Oh, L50|
|poke|p2|Alcremie-Ruby-Swirl, L50, F|
|teampreview|4
|uhtml|otsrequest|<button name="send" value="/acceptopenteamsheets" class="button" style="margin-right: 10px;"><strong>Accept Open Team Sheets</strong></button><button name="send" value="/rejectopenteamsheets" class="button" style="margin-top: 10px"><strong>Deny Open Team Sheets</strong></button>
|uhtml|otsrequest|<button name="send" value="/acceptopenteamsheets" class="button" style="margin-right: 10px;"><strong>Accept Open Team Sheets</strong></button><button name="send" value="/rejectopenteamsheets" class="button" style="margin-top: 10px"><strong>Deny Open Team Sheets</strong></button>
|
|t:|1765338588
|teamsize|p1|4
|teamsize|p2|4
|start
|uhtmlchange|otsrequest|
|uhtmlchange|otsrequest|
|switch|p1a: Flapple|Flapple, L50, F|156/156
|switch|p1b: Clefable|Clefable, L50, M|181/181
|switch|p2a: Bellossom|Bellossom, L50, M|161/161
|switch|p2b: Illumise|Illumise, L50, F|151/151
|turn|1
|
|t:|1765338588
|move|p2a: Bellossom|Protect|p2a: Bellossom
|-singleturn|p2a: Bellossom|Protect
|move|p2b: Illumise|Tailwind|p2b: Illumise
|-sidestart|p2: Bot2|move: Tailwind
|move|p1a: Flapple|Grav Apple|p2a: Bellossom
|-activate|p2a: Bellossom|move: Protect
|move|p1b: Clefable|Life Dew||[still]|[still]|[spread] 
|-fail|p1a: Flapple|heal
|-fail|p1b: Clefable|heal
|
|upkeep
|turn|2
|
|t:|1765338588
|move|p2a: Bellossom|Protect||[still]
|-fail|p2a: Bellossom
|move|p2b: Illumise|Encore|p1a: Flapple
|-start|p1a: Flapple|Encore
|move|p1a: Flapple|Grav Apple|p2b: Illumise
|-resisted|p2b: Illumise
|-damage|p2b: Illumise|102/151
|-unboost|p2b: Illumise|def|1
|move|p1b: Clefable|Moonblast|p2a: Bellossom
|-damage|p2a: Bellossom|107/161
|
|upkeep
|turn|3
|
|t:|1765338588
|move|p2b: Illumise|Encore||[still]
|-fail|p2b: Illumise
|move|p2a: Bellossom|Giga Drain|p1b: Clefable
|-damage|p1b: Clefable|136/181
|-heal|p2a: Bellossom|130/161|[from] drain|[of] p1b: Clefable
|move|p1a: Flapple|Grav Apple|p2a: Bellossom
|-resisted|p2a: Bellossom
|-damage|p2a: Bellossom|91/161
|-unboost|p2a: Bellossom|def|1
|move|p1b: Clefable|Moonblast|p2a: Bellossom
|-damage|p2a: Bellossom|37/161
|-enditem|p2a: Bellossom|Sitrus Berry|[eat]
|-heal|p2a: Bellossom|77/161|[from] item: Sitrus Berry
|
|upkeep
|turn|4
|
|t:|1765338588
|move|p2b: Illumise|Thunder Wave|p1b: Clefable
|-status|p1b: Clefable|par
|move|p2a: Bellossom|Quiver Dance|p2a: Bellossom
|-boost|p2a: Bellossom|spa|1
|-boost|p2a: Bellossom|spd|1
|-boost|p2a: Bellossom|spe|1
|move|p1a: Flapple|Grav Apple|p2b: Illumise
|-resisted|p2b: Illumise
|-damage|p2b: Illumise|27/151
|-unboost|p2b: Illumise|def|1
|-enditem|p2b: Illumise|Sitrus Berry|[eat]
|-heal|p2b: Illumise|64/151|[from] item: Sitrus Berry
|move|p1b: Clefable|Fire Blast|p2a: Bellossom
|-supereffective|p2a: Bellossom
|-damage|p2a: Bellossom|0 fnt
|faint|p2a: Bellossom
|
|-end|p1a: Flapple|Encore
|-sideend|p2: Bot2|move: Tailwind
|upkeep
|
|t:|1765338588
|switch|p2a: Scizor|Scizor, L50, F|156/156
|turn|5
|
|t:|1765338588
|move|p2b: Illumise|Encore|p1a: Flapple
|-start|p1a: Flapple|Encore
|move|p1a: Flapple|Grav Apple|p2a: Scizor
|-resisted|p2a: Scizor
|-damage|p2a: Scizor|136/156
|-unboost|p2a: Scizor|def|1
|move|p2a: Scizor|Bug Bite|p1b: Clefable
|-resisted|p1b: Clefable
|-damage|p1b: Clefable|77/181 par
|-damage|p2a: Scizor|110/156|[from] item: Rocky Helmet|[of] p1b: Clefable
|move|p1b: Clefable|Life Dew||[still]|[spread] p1a,p1b
|-fail|p1a: Flapple|heal
|-heal|p1b: Clefable|122/181 par
|
|upkeep
|turn|6
|
|t:|1765338588
|move|p2b: Illumise|Encore|p1b: Clefable
|-start|p1b: Clefable|Encore
|move|p1a: Flapple|Grav Apple|p2a: Scizor|[miss]
|-miss|p1a: Flapple|p2a: Scizor
|move|p2a: Scizor|Bug Bite|p1b: Clefable
|-resisted|p1b: Clefable
|-damage|p1b: Clefable|62/181 par
|-damage|p2a: Scizor|84/156|[from] item: Rocky Helmet|[of] p1b: Clefable
|move|p1b: Clefable|Life Dew||[still]|[spread] p1a,p1b
|-fail|p1a: Flapple|heal
|-heal|p1b: Clefable|107/181 par
|
|upkeep
|turn|7
|
|t:|1765338588
|move|p2b: Illumise|Encore||[still]
|-fail|p2b: Illumise
|move|p1a: Flapple|Grav Apple|p2b: Illumise
|-resisted|p2b: Illumise
|-damage|p2b: Illumise|0 fnt
|faint|p2b: Illumise
|move|p2a: Scizor|Bug Bite|p1a: Flapple
|-supereffective|p1a: Flapple
|-damage|p1a: Flapple|0 fnt
|faint|p1a: Flapple
|move|p1b: Clefable|Life Dew|p1b: Clefable
|-heal|p1b: Clefable|152/181 par
|
|upkeep
|
|t:|1765338588
|switch|p2b: Pachirisu|Pachirisu, L50, F|146/146
|switch|p1a: Overqwil|Overqwil, L50, F|171/171
|-ability|p1a: Overqwil|Intimidate|boost
|-unboost|p2a: Scizor|atk|1
|-unboost|p2b: Pachirisu|atk|1
|turn|8
|
|t:|1765338588
|move|p2b: Pachirisu|Nuzzle|p1a: Overqwil
|-damage|p1a: Overqwil|165/171
|-status|p1a: Overqwil|par
|move|p2a: Scizor|Bug Bite|p1b: Clefable
|-resisted|p1b: Clefable
|-damage|p1b: Clefable|93/181 par
|-damage|p2a: Scizor|58/156|[from] item: Rocky Helmet|[of] p1b: Clefable
|move|p1a: Overqwil|Throat Chop|p2a: Scizor
|-damage|p2a: Scizor|0 fnt
|faint|p2a: Scizor
|-damage|p1a: Overqwil|148/171 par|[from] item: Life Orb
|cant|p1b: Clefable|par
|
|-end|p1b: Clefable|Encore
|upkeep
|turn|9
|
|t:|1765338588
|move|p2b: Pachirisu|Nuzzle|p1b: Clefable
|-damage|p1b: Clefable|83/181 par
|-damage|p2b: Pachirisu|122/146|[from] item: Rocky Helmet|[of] p1b: Clefable
|move|p1a: Overqwil|Swords Dance|p1a: Overqwil
|-boost|p1a: Overqwil|atk|2
|cant|p1b: Clefable|par
|
|upkeep
|turn|10
|
|t:|1765338588
|move|p2b: Pachirisu|Nuzzle|p1b: Clefable
|-damage|p1b: Clefable|73/181 par
|-damage|p2b: Pachirisu|98/146|[from] item: Rocky Helmet|[of] p1b: Clefable
|cant|p1a: Overqwil|par
|cant|p1b: Clefable|par
|
|upkeep
|turn|11
|
|t:|1765338588
|move|p2b: Pachirisu|Thunderbolt|p1a: Overqwil
|-damage|p1a: Overqwil|102/171 par
|move|p1a: Overqwil|Throat Chop|p2b: Pachirisu
|-damage|p2b: Pachirisu|0 fnt
|faint|p2b: Pachirisu
|-damage|p1a: Overqwil|85/171 par|[from] item: Life Orb
|
|win|Bot1