|t:|1765336555
|gametype|doubles
|player|p1|Bot1||
|player|p2|Bot2||
|gen|9
|tier|[Gen 9] VGC 2026 Reg F
|rule|Species Clause: Limit one of each Pokémon
|rule|Item Clause: Limit 1 of each item
|clearpoke
|poke|p1|Gogoat, L50, M|
|poke|p1|Falinks, L50|
|poke|p1|Overqwil, L50, M|
|poke|p1|Ceruledge, L50, F|
|poke|p1|Lucario, L50, M|
|poke|p1|Yanmega, L50, M|
|poke|p2|Ninetales, L50, M|
|poke|p2|Frosmoth, L50, F|
|poke|p2|Zacian-*, L50|
|poke|p2|Drednaw, L50, M|
|poke|p2|Drifblim, L50, M|
|poke|p2|Meloetta, L50|
|teampreview|4
|uhtml|otsrequest|<button name="send" value="/acceptopenteamsheets" class="button" style="margin-right: 10px;"><strong>Accept Open Team Sheets</strong></button><button name="send" value="/rejectopenteamsheets" class="button" style="margin-top: 10px"><strong>Deny Open Team Sheets</strong></button>
|uhtml|otsrequest|<button name="send" value="/acceptopenteamsheets" class="button" style="margin-right: 10px;"><strong>Accept Open Team Sheets</strong></button><button name="send" value="/rejectopenteamsheets" class="button" style="margin-top: 10px"><strong>Deny Open Team Sheets</strong></button>
|
|t:|1765336555
|teamsize|p1|4
|teamsize|p2|4
|start
|uhtmlchange|otsrequest|
|uhtmlchange|otsrequest|
|switch|p1a: Gogoat|Gogoat, L50, M|209/209
|switch|p1b: Falinks|Falinks, L50|151/151
|switch|p2a: Ninetales|Ninetales, L50, M|159/159
|switch|p2b: Frosmoth|Frosmoth, L50, F|156/156
|-weather|SunnyDay|[from] ability: Drought|[of] p2a: Ninetales
|turn|1
|
|t:|1765336555
|move|p2a: Ninetales|Weather Ball|p1b: Falinks
|-crit|p1b: Falinks
|-damage|p1b: Falinks|0 fnt
|faint|p1b: Falinks
|move|p1a: Gogoat|Double-Edge|p2a: Ninetales
|-damage|p2a: Ninetales|103/159
|-damage|p1a: Gogoat|191/209|[from] Recoil
|move|p2b: Frosmoth|Bug Buzz|p1a: Gogoat
|-supereffective|p1a: Gogoat
|-damage|p1a: Gogoat|93/209
|
|-weather|SunnyDay|[upkeep]
|upkeep
|
|t:|1765336555
|switch|p1b: Overqwil|Overqwil, L50, M|171/171
|-ability|p1b: Overqwil|Intimidate|boost
|-unboost|p2a: Ninetales|atk|1
|-unboost|p2b: Frosmoth|atk|1
|turn|2
|
|t:|1765336555
|move|p2a: Ninetales|Weather Ball|p1a: Gogoat
|-supereffective|p1a: Gogoat
|-damage|p1a: Gogoat|0 fnt
|faint|p1a: Gogoat
|move|p1b: Overqwil|Throat Chop|p2a: Ninetales
|-damage|p2a: Ninetales|9/159
|-start|p2a: Ninetales|Throat Chop|[silent]
|-damage|p1b: Overqwil|154/171|[from] item: Life Orb
|move|p2b: Frosmoth|Ice Beam|p1b: Overqwil
|-damage|p1b: Overqwil|67/171
|
|-weather|SunnyDay|[upkeep]
|upkeep
|
|t:|1765336555
|switch|p1a: Ceruledge|Ceruledge, L50, F|161/161
|turn|3
|
|t:|1765336555
|move|p2a: Ninetales|Weather Ball|p1a: Ceruledge
|-resisted|p1a: Ceruledge
|-crit|p1a: Ceruledge
|-damage|p1a: Ceruledge|64/161
|move|p1a: Ceruledge|Swords Dance|p1a: Ceruledge
|-boost|p1a: Ceruledge|atk|2
|move|p1b: Overqwil|Swords Dance|p1b: Overqwil
|-boost|p1b: Overqwil|atk|2
|move|p2b: Frosmoth|Ice Beam|p1a: Ceruledge
|-resisted|p1a: Ceruledge
|-damage|p1a: Ceruledge|29/161
|
|-weather|SunnyDay|[upkeep]
|-end|p2a: Ninetales|Throat Chop|[silent]
|upkeep
|turn|4
|
|t:|1765336555
|move|p2b: Frosmoth|Protect|p2b: Frosmoth
|-singleturn|p2b: Frosmoth|Protect
|move|p2a: Ninetales|Weather Ball|p1b: Overqwil
|-damage|p1b: Overqwil|0 fnt
|faint|p1b: Overqwil
|move|p1a: Ceruledge|Bitter Blade|p2b: Frosmoth
|-activate|p2b: Frosmoth|move: Protect
|
|-weather|SunnyDay|[upkeep]
|upkeep
|turn|5
|
|t:|1765336555
|move|p1a: Ceruledge|Shadow Sneak|p2b: Frosmoth
|-damage|p2b: Frosmoth|46/156
|-damage|p1a: Ceruledge|13/161|[from] item: Life Orb
|move|p2a: Ninetales|Weather Ball|p1a: Ceruledge
|-resisted|p1a: Ceruledge
|-damage|p1a: Ceruledge|0 fnt
|faint|p1a: Ceruledge
|
|win|Bot2