|t:|1765329705
|gametype|doubles
|player|p1|Bot1||
|player|p2|Bot2||
|gen|9
|tier|[Gen 9] VGC 2026 Reg F
|rule|Species Clause: Limit one of each Pokémon
|rule|Item Clause: Limit 1 of each item
|clearpoke
|poke|p1|Florges-Yellow, L50, F|
|poke|p1|Flygon, L50, F|
|poke|p1|Zacian-*, L50|
|poke|p1|Ariados, L50, F|
|poke|p1|Spectrier, L50|
|poke|p1|Sudowoodo, L50, M|
|poke|p2|Electrode, L50|
|poke|p2|Solgaleo, L50|
|poke|p2|Regigigas, L50|
|poke|p2|Perrserker, L50, F|
|poke|p2|Vikavolt, L50, M|
|poke|p2|Gyarados, L50, F|
|teampreview|4
|uhtml|otsrequest|<button name="send" value="/acceptopenteamsheets" class="button" style="margin-right: 10px;"><strong>Accept Open Team Sheets</strong></button><button name="send" value="/rejectopenteamsheets" class="button" style="margin-top: 10px"><strong>Deny Open Team Sheets</strong></button>
|uhtml|otsrequest|<button name="send" value="/acceptopenteamsheets" class="button" style="margin-right: 10px;"><strong>Accept Open Team Sheets</strong></button><button name="send" value="/rejectopenteamsheets" class="button" style="margin-top: 10px"><strong>Deny Open Team Sheets</strong></button>
|
|t:|1765329705
|teamsize|p1|4
|teamsize|p2|4
|start
|uhtmlchange|otsrequest|
|uhtmlchange|otsrequest|
|switch|p1a: Florges|Florges-Yellow, L50, F|164/164
|switch|p1b: Flygon|Flygon, L50, F|166/166
|switch|p2a: Electrode|Electrode, L50|146/146
|switch|p2b: Solgaleo|Solgaleo, L50|223/223
|turn|1
|
|t:|1765329705
|move|p2a: Electrode|Volt Switch|p1a: Florges
|-damage|p1a: Florges|132/164
|-damage|p2a: Electrode|132/146|[from] item: Life Orb
|
|t:|1765329705
|switch|p2a: Regigigas|Regigigas, L50|196/196|[from] Volt Switch
|-start|p2a: Regigigas|ability: Slow Start
|move|p1b: Flygon|Tailwind|p1b: Flygon
|-sidestart|p1: Bot1|move: Tailwind
|move|p1a: Florges|Dazzling Gleam|p2a: Regigigas|[spread] p2a,p2b
|-resisted|p2b: Solgaleo
|-damage|p2a: Regigigas|160/196
|-damage|p2b: Solgaleo|208/223
|move|p2b: Solgaleo|Flare Blitz|p1b: Flygon
|-resisted|p1b: Flygon
|-damage|p1b: Flygon|130/166
|-status|p1b: Flygon|brn
|-damage|p2b: Solgaleo|196/223|[from] Recoil
|
|-heal|p1a: Florges|142/164|[from] item: Leftovers
|-heal|p2a: Regigigas|172/196|[from] item: Leftovers
|-damage|p1b: Flygon|120/166 brn|[from] brn
|upkeep
|turn|2
|
|t:|1765329705
|move|p2a: Regigigas|Protect|p2a: Regigigas
|-singleturn|p2a: Regigigas|Protect
|move|p1b: Flygon|Scale Shot|p2a: Regigigas
|-activate|p2a: Regigigas|move: Protect
|move|p1a: Florges|Calm Mind|p1a: Florges
|-boost|p1a: Florges|spa|1
|-boost|p1a: Florges|spd|1
|move|p2b: Solgaleo|Psychic Fangs|p1b: Flygon
|-damage|p1b: Flygon|35/166 brn
|
|-heal|p1a: Florges|152/164|[from] item: Leftovers
|-heal|p2a: Regigigas|184/196|[from] item: Leftovers
|-damage|p1b: Flygon|25/166 brn|[from] brn
|upkeep
|turn|3
|
|t:|1765329705
|move|p1b: Flygon|Protect|p1b: Flygon
|-singleturn|p1b: Flygon|Protect
|move|p1a: Florges|Calm Mind|p1a: Florges
|-boost|p1a: Florges|spa|1
|-boost|p1a: Florges|spd|1
|move|p2b: Solgaleo|Psychic Fangs|p1a: Florges
|-damage|p1a: Florges|62/164
|move|p2a: Regigigas|Knock Off|p1a: Florges
|-resisted|p1a: Florges
|-damage|p1a: Florges|43/164
|-enditem|p1a: Florges|Leftovers|[from] move: Knock Off|[of] p2a: Regigigas
|
|-heal|p2a: Regigigas|196/196|[from] item: Leftovers
|-damage|p1b: Flygon|15/166 brn|[from] brn
|upkeep
|turn|4
|
|t:|1765329705
|move|p1b: Flygon|Earth Power|p2b: Solgaleo
|-supereffective|p2b: Solgaleo
|-damage|p2b: Solgaleo|118/223
|move|p1a: Florges|Calm Mind|p1a: Florges
|-boost|p1a: Florges|spa|1
|-boost|p1a: Florges|spd|1
|move|p2b: Solgaleo|Close Combat|p1a: Florges
|-resisted|p1a: Florges
|-damage|p1a: Florges|0 fnt
|-unboost|p2b: Solgaleo|def|1
|-unboost|p2b: Solgaleo|spd|1
|faint|p1a: Florges
|move|p2a: Regigigas|Thunder Wave|p1b: Flygon
|-immune|p1b: Flygon
|
|-damage|p1b: Flygon|5/166 brn|[from] brn
|-sideend|p1: Bot1|move: Tailwind
|upkeep
|
|t:|1765329705
|switch|p1a: Ariados|Ariados, L50, F|156/156
|turn|5
|
|t:|1765329705
|move|p1b: Flygon|Tailwind|p1b: Flygon
|-sidestart|p1: Bot1|move: Tailwind
|move|p1a: Ariados|Megahorn|p2b: Solgaleo
|-damage|p2b: Solgaleo|12/223
|move|p2b: Solgaleo|Psychic Fangs|p1b: Flygon
|-damage|p1b: Flygon|0 fnt
|faint|p1b: Flygon
|move|p2a: Regigigas|Double-Edge|p1a: Ariados
|-damage|p1a: Ariados|89/156
|-damage|p2a: Regigigas|164/196|[from] item: Rocky Helmet|[of] p1a: Ariados
|-damage|p2a: Regigigas|142/196|[from] Recoil
|
|-heal|p2a: Regigigas|154/196|[from] item: Leftovers
|upkeep
|
|t:|1765329705
|switch|p1b: Zacian|Zacian, L50|178/178
|-ability|p1b: Zacian|Intrepid Sword|boost
|-boost|p1b: Zacian|atk|1
|turn|6
|
|t:|1765329705
|move|p2a: Regigigas|Protect|p2a: Regigigas
|-singleturn|p2a: Regigigas|Protect
|move|p1a: Ariados|Rage Powder|p1a: Ariados
|-singleturn|p1a: Ariados|move: Rage Powder
|move|p1b: Zacian|Swords Dance|p1b: Zacian
|-boost|p1b: Zacian|atk|2
|move|p2b: Solgaleo|Close Combat|p1a: Ariados
|-resisted|p1a: Ariados
|-damage|p1a: Ariados|70/156
|-unboost|p2b: Solgaleo|def|1
|-unboost|p2b: Solgaleo|spd|1
|-damage|p2b: Solgaleo|0 fnt|[from] item: Rocky Helmet|[of] p1a: Ariados
|faint|p2b: Solgaleo
|
|-heal|p2a: Regigigas|166/196|[from] item: Leftovers
|-end|p2a: Regigigas|Slow Start
|upkeep
|
|t:|1765329705
|switch|p2b: Electrode|Electrode, L50|132/146
|turn|7
|
|t:|1765329705
|move|p1a: Ariados|Rage Powder|p1a: Ariados
|-singleturn|p1a: Ariados|move: Rage Powder
|move|p1b: Zacian|Play Rough|p2b: Electrode
|-damage|p2b: Electrode|0 fnt
|-damage|p1b: Zacian|134/178|[from] ability: Aftermath|[of] p2b: Electrode
|faint|p2b: Electrode
|-damage|p1b: Zacian|117/178|[from] item: Life Orb
|move|p2a: Regigigas|Thunder Wave|p1a: Ariados
|-status|p1a: Ariados|par
|
|-heal|p2a: Regigigas|178/196|[from] item: Leftovers
|upkeep
|
|t:|1765329705
|switch|p2b: Perrserker|Perrserker, L50, F|156/156
|turn|8
|
|t:|1765329705
|cant|p1a: Ariados|par
|move|p1b: Zacian|Swords Dance|p1b: Zacian
|-boost|p1b: Zacian|atk|2
|move|p2a: Regigigas|Knock Off|p1b: Zacian
|-resisted|p1b: Zacian
|-damage|p1b: Zacian|92/178
|-enditem|p1b: Zacian|Life Orb|[from] move: Knock Off|[of] p2a: Regigigas
|move|p2b: Perrserker|Knock Off|p1b: Zacian
|-resisted|p1b: Zacian
|-damage|p1b: Zacian|79/178
|
|-heal|p2a: Regigigas|190/196|[from] item: Leftovers
|-sideend|p1: Bot1|move: Tailwind
|upkeep
|turn|9
|
|t:|1765329705
|move|p1b: Zacian|Swords Dance|p1b: Zacian
|-boost|p1b: Zacian|atk|1
|move|p2a: Regigigas|Thunder Wave|p1a: Ariados
|-fail|p1a: Ariados|par
|move|p2b: Perrserker|Close Combat|p1a: Ariados
|-resisted|p1a: Ariados
|-damage|p1a: Ariados|53/156 par
|-unboost|p2b: Perrserker|def|1
|-unboost|p2b: Perrserker|spd|1
|-damage|p2b: Perrserker|130/156|[from] item: Rocky Helmet|[of] p1a: Ariados
|move|p1a: Ariados|Megahorn|p2b: Perrserker
|-resisted|p2b: Perrserker
|-damage|p2b: Perrserker|80/156
|
|-heal|p2a: Regigigas|196/196|[from] item: Leftovers
|upkeep
|turn|10
|
|t:|1765329705
|move|p2a: Regigigas|Protect|p2a: Regigigas
|-singleturn|p2a: Regigigas|Protect
|move|p1b: Zacian|Close Combat|p2b: Perrserker
|-supereffective|p2b: Perrserker
|-damage|p2b: Perrserker|0 fnt
|-unboost|p1b: Zacian|def|1
|-unboost|p1b: Zacian|spd|1
|faint|p2b: Perrserker
|move|p1a: Ariados|Megahorn|p2a: Regigigas
|-activate|p2a: Regigigas|move: Protect
|
|upkeep
|turn|11
|
|t:|1765329705
|move|p1a: Ariados|Rage Powder|p1a: Ariados
|-singleturn|p1a: Ariados|move: Rage Powder
|move|p1b: Zacian|Play Rough|p2a: Regigigas
|-damage|p2a: Regigigas|0 fnt
|faint|p2a: Regigigas
|
|win|Bot1