|t:|1765331984
|gametype|doubles
|player|p1|Bot1||
|player|p2|Bot2||
|gen|9
|tier|[Gen 9] VGC 2026 Reg F
|rule|Species Clause: Limit one of each Pokémon
|rule|Item Clause: Limit 1 of each item
|clearpoke
|poke|p1|Dragalge, L50, F|
|poke|p1|Sylveon, L50, F|
|poke|p1|Cresselia, L50, F|
|poke|p1|Stonjourner, L50, F|
|poke|p1|Crawdaunt, L50, F|
|poke|p1|Bastiodon, L50, F|
|poke|p2|Emboar, L50, M|
|poke|p2|Grimmsnarl, L50, M|
|poke|p2|Overqwil, L50, M|
|poke|p2|Exeggutor-Alola, L50, M|
|poke|p2|Venomoth, L50, M|
|poke|p2|Perrserker, L50, M|
|teampreview|4
|uhtml|otsrequest|<button name="send" value="/acceptopenteamsheets" class="button" style="margin-right: 10px;"><strong>Accept Open Team Sheets</strong></button><button name="send" value="/rejectopenteamsheets" class="button" style="margin-top: 10px"><strong>Deny Open Team Sheets</strong></button>
|uhtml|otsrequest|<button name="send" value="/acceptopenteamsheets" class="button" style="margin-right: 10px;"><strong>Accept Open Team Sheets</strong></button><button name="send" value="/rejectopenteamsheets" class="button" style="margin-top: 10px"><strong>Deny Open Team Sheets</strong></button>
|
|t:|1765331984
|teamsize|p1|4
|teamsize|p2|4
|start
|uhtmlchange|otsrequest|
|uhtmlchange|otsrequest|
|switch|p1a: Dragalge|Dragalge, L50, F|151/151
|switch|p1b: Sylveon|Sylveon, L50, F|181/181
|switch|p2a: Emboar|Emboar, L50, M|196/196
|switch|p2b: Grimmsnarl|Grimmsnarl, L50, M|181/181
|turn|1
|
|t:|1765331984
|move|p2b: Grimmsnarl|Light Screen|p2b: Grimmsnarl
|-sidestart|p2: Bot2|move: Light Screen
|move|p2a: Emboar|Close Combat|p1a: Dragalge
|-resisted|p1a: Dragalge
|-damage|p1a: Dragalge|103/151
|-unboost|p2a: Emboar|def|1
|-unboost|p2a: Emboar|spd|1
|move|p1b: Sylveon|Calm Mind|p1b: Sylveon
|-boost|p1b: Sylveon|spa|1
|-boost|p1b: Sylveon|spd|1
|move|p1a: Dragalge|Sludge Bomb|p2a: Emboar
|-damage|p2a: Emboar|59/196
|-damage|p1a: Dragalge|88/151|[from] item: Life Orb
|
|upkeep
|turn|2
|
|t:|1765331984
|move|p2a: Emboar|Close Combat|p1a: Dragalge
|-resisted|p1a: Dragalge
|-damage|p1a: Dragalge|37/151
|-unboost|p2a: Emboar|def|1
|-unboost|p2a: Emboar|spd|1
|move|p1b: Sylveon|Calm Mind|p1b: Sylveon
|-boost|p1b: Sylveon|spa|1
|-boost|p1b: Sylveon|spd|1
|move|p2b: Grimmsnarl|Spirit Break|p1a: Dragalge
|-damage|p1a: Dragalge|0 fnt
|faint|p1a: Dragalge
|
|upkeep
|
|t:|1765331984
|switch|p1a: Stonjourner|Stonjourner, L50, F|186/186
|turn|3
|
|t:|1765331984
|move|p2b: Grimmsnarl|Light Screen||[still]
|-fail|p2b: Grimmsnarl
|move|p2a: Emboar|Close Combat|p1b: Sylveon
|-resisted|p1b: Sylveon
|-damage|p1b: Sylveon|122/181
|-unboost|p2a: Emboar|def|1
|-unboost|p2a: Emboar|spd|1
|move|p1a: Stonjourner|Rock Slide|p2a: Emboar|[spread] p2a,p2b
|-damage|p2a: Emboar|0 fnt
|-damage|p2b: Grimmsnarl|94/181
|faint|p2a: Emboar
|move|p1b: Sylveon|Hyper Voice|p2b: Grimmsnarl
|-supereffective|p2b: Grimmsnarl
|-damage|p2b: Grimmsnarl|0 fnt
|faint|p2b: Grimmsnarl
|
|-heal|p1b: Sylveon|133/181|[from] item: Leftovers
|upkeep
|
|t:|1765331984
|switch|p2a: Exeggutor|Exeggutor-Alola, L50, M|181/181
|switch|p2b: Overqwil|Overqwil, L50, M|171/171
|-ability|p2b: Overqwil|Intimidate|boost
|-unboost|p1a: Stonjourner|atk|1
|-unboost|p1b: Sylveon|atk|1
|turn|4
|
|t:|1765331984
|move|p2b: Overqwil|Liquidation|p1a: Stonjourner
|-supereffective|p1a: Stonjourner
|-damage|p1a: Stonjourner|105/186
|-damage|p2b: Overqwil|154/171|[from] item: Life Orb
|move|p1a: Stonjourner|Rock Slide|p2b: Overqwil|[spread] p2a,p2b
|-damage|p2a: Exeggutor|133/181
|-damage|p2b: Overqwil|109/171
|move|p1b: Sylveon|Substitute|p1b: Sylveon
|-start|p1b: Sylveon|Substitute
|-damage|p1b: Sylveon|88/181
|move|p2a: Exeggutor|Wood Hammer|p1b: Sylveon
|-end|p1b: Sylveon|Substitute
|-damage|p2a: Exeggutor|118/181|[from] Recoil|[of] p1b: Sylveon
|
|-heal|p1b: Sylveon|99/181|[from] item: Leftovers
|upkeep
|turn|5
|
|t:|1765331984
|move|p1b: Sylveon|Protect|p1b: Sylveon
|-singleturn|p1b: Sylveon|Protect
|move|p2b: Overqwil|Gunk Shot|p1b: Sylveon
|-activate|p1b: Sylveon|move: Protect
|move|p1a: Stonjourner|Rock Slide|p2a: Exeggutor|[spread] p2a,p2b
|-damage|p2a: Exeggutor|73/181
|-damage|p2b: Overqwil|67/171
|-enditem|p2a: Exeggutor|Sitrus Berry|[eat]
|-heal|p2a: Exeggutor|118/181|[from] item: Sitrus Berry
|cant|p2a: Exeggutor|flinch
|
|-heal|p1b: Sylveon|110/181|[from] item: Leftovers
|-item|p2a: Exeggutor|Sitrus Berry|[from] ability: Harvest
|upkeep
|turn|6
|
|t:|1765331984
|move|p1b: Sylveon|Protect|p1b: Sylveon
|-singleturn|p1b: Sylveon|Protect
|move|p2b: Overqwil|Liquidation|p1a: Stonjourner
|-supereffective|p1a: Stonjourner
|-damage|p1a: Stonjourner|17/186
|-damage|p2b: Overqwil|50/171|[from] item: Life Orb
|move|p1a: Stonjourner|Rock Slide|p2b: Overqwil|[spread] p2a
|-miss|p1a: Stonjourner|p2b: Overqwil
|-damage|p2a: Exeggutor|70/181
|-enditem|p2a: Exeggutor|Sitrus Berry|[eat]
|-heal|p2a: Exeggutor|115/181|[from] item: Sitrus Berry
|move|p2a: Exeggutor|Flamethrower|p1b: Sylveon
|-activate|p1b: Sylveon|move: Protect
|
|-heal|p1b: Sylveon|121/181|[from] item: Leftovers
|upkeep
|turn|7
|
|t:|1765331984
|move|p2b: Overqwil|Protect|p2b: Overqwil
|-singleturn|p2b: Overqwil|Protect
|move|p1a: Stonjourner|Rock Slide|p2a: Exeggutor|[spread] p2a
|-activate|p2b: Overqwil|move: Protect
|-damage|p2a: Exeggutor|70/181
|move|p1b: Sylveon|Substitute|p1b: Sylveon
|-start|p1b: Sylveon|Substitute
|-damage|p1b: Sylveon|76/181
|move|p2a: Exeggutor|Flamethrower|p1a: Stonjourner
|-resisted|p1a: Stonjourner
|-damage|p1a: Stonjourner|0 fnt
|faint|p1a: Stonjourner
|
|-heal|p1b: Sylveon|87/181|[from] item: Leftovers
|-item|p2a: Exeggutor|Sitrus Berry|[from] ability: Harvest
|upkeep
|-enditem|p2a: Exeggutor|Sitrus Berry|[eat]
|-heal|p2a: Exeggutor|115/181|[from] item: Sitrus Berry
|
|t:|1765331984
|switch|p1a: Cresselia|Cresselia, L50, F|206/206
|turn|8
|
|t:|1765331984
|move|p2b: Overqwil|Protect||[still]
|-fail|p2b: Overqwil
|move|p1a: Cresselia|Psychic|p2b: Overqwil
|-immune|p2b: Overqwil
|move|p1b: Sylveon|Substitute|p1b: Sylveon
|-fail|p1b: Sylveon|move: Substitute
|move|p2a: Exeggutor|Draco Meteor|p1b: Sylveon
|-immune|p1b: Sylveon
|
|-heal|p1b: Sylveon|98/181|[from] item: Leftovers
|-sideend|p2: Bot2|move: Light Screen
|-item|p2a: Exeggutor|Sitrus Berry|[from] ability: Harvest
|upkeep
|turn|9
|
|t:|1765331984
|move|p2b: Overqwil|Liquidation|p1b: Sylveon
|-end|p1b: Sylveon|Substitute
|-damage|p2b: Overqwil|33/171|[from] item: Life Orb
|move|p1a: Cresselia|Lunar Blessing|p1a: Cresselia|[spread] p1a,p1b
|-heal|p1b: Sylveon|143/181
|move|p1b: Sylveon|Hyper Voice|p2a: Exeggutor|[spread] p2a,p2b
|-supereffective|p2a: Exeggutor
|-damage|p2a: Exeggutor|0 fnt
|-damage|p2b: Overqwil|0 fnt
|faint|p2a: Exeggutor
|faint|p2b: Overqwil
|
|win|Bot1