|t:|1765336553
|gametype|doubles
|player|p1|Bot1||
|player|p2|Bot2||
|gen|9
|tier|[Gen 9] VGC 2026 Reg F
|rule|Species Clause: Limit one of each Pokémon
|rule|Item Clause: Limit 1 of each item
|clearpoke
|poke|p1|Glastrier, L50|
|poke|p1|Iron Crown, L50|
|poke|p1|Lumineon, L50, F|
|poke|p1|Groudon, L50|
|poke|p1|Kingambit, L50, F|
|poke|p1|Noctowl, L50, F|
|poke|p2|Chi-Yu, L50|
|poke|p2|Falinks, L50|
|poke|p2|Eternatus, L50|
|poke|p2|Toedscruel, L50, F|
|poke|p2|Quagsire, L50, F|
|poke|p2|Azelf, L50|
|teampreview|4
|uhtml|otsrequest|<button name="send" value="/acceptopenteamsheets" class="button" style="margin-right: 10px;"><strong>Accept Open Team Sheets</strong></button><button name="send" value="/rejectopenteamsheets" class="button" style="margin-top: 10px"><strong>Deny Open Team Sheets</strong></button>
|uhtml|otsrequest|<button name="send" value="/acceptopenteamsheets" class="button" style="margin-right: 10px;"><strong>Accept Open Team Sheets</strong></button><button name="send" value="/rejectopenteamsheets" class="button" style="margin-top: 10px"><strong>Deny Open Team Sheets</strong></button>
|
|t:|1765336553
|teamsize|p1|4
|teamsize|p2|4
|start
|uhtmlchange|otsrequest|
|uhtmlchange|otsrequest|
|switch|p1a: Glastrier|Glastrier, L50|186/186
|switch|p1b: Iron Crown|Iron Crown, L50|176/176
|switch|p2a: Chi-Yu|Chi-Yu, L50|141/141
|switch|p2b: Falinks|Falinks, L50|151/151
|-ability|p2a: Chi-Yu|Beads of Ruin
|turn|1
|
|t:|1765336553
|move|p1b: Iron Crown|Protect|p1b: Iron Crown
|-singleturn|p1b: Iron Crown|Protect
|move|p1a: Glastrier|Protect|p1a: Glastrier
|-singleturn|p1a: Glastrier|Protect
|move|p2a: Chi-Yu|Dark Pulse|p1a: Glastrier
|-activate|p1a: Glastrier|move: Protect
|move|p2b: Falinks|Rock Slide|p1b: Iron Crown|[spread] 
|-activate|p1a: Glastrier|move: Protect
|-activate|p1b: Iron Crown|move: Protect
|
|upkeep
|turn|2
|
|t:|1765336553
|move|p2a: Chi-Yu|Dark Pulse|p1b: Iron Crown
|-supereffective|p1b: Iron Crown
|-damage|p1b: Iron Crown|2/176
|move|p1b: Iron Crown|Psychic|p2b: Falinks
|-supereffective|p2b: Falinks
|-damage|p2b: Falinks|0 fnt
|faint|p2b: Falinks
|-damage|p1b: Iron Crown|0 fnt|[from] item: Life Orb
|faint|p1b: Iron Crown
|-end|p1b: Iron Crown|Quark Drive|[silent]
|move|p1a: Glastrier|Icicle Crash|p2a: Chi-Yu
|-resisted|p2a: Chi-Yu
|-damage|p2a: Chi-Yu|96/141
|
|upkeep
|
|t:|1765336553
|switch|p1b: Groudon|Groudon, L50|186/186
|switch|p2b: Eternatus|Eternatus, L50|226/226
|-ability|p2b: Eternatus|Pressure
|-weather|SunnyDay|[from] ability: Drought|[of] p1b: Groudon
|turn|3
|
|t:|1765336553
|move|p1a: Glastrier|Protect|p1a: Glastrier
|-singleturn|p1a: Glastrier|Protect
|move|p2a: Chi-Yu|Dark Pulse|p1a: Glastrier
|-activate|p1a: Glastrier|move: Protect
|move|p2b: Eternatus|Cosmic Power|p2b: Eternatus
|-boost|p2b: Eternatus|def|1
|-boost|p2b: Eternatus|spd|1
|move|p1b: Groudon|Stone Edge|p2b: Eternatus
|-damage|p2b: Eternatus|188/226
|
|-weather|SunnyDay|[upkeep]
|-heal|p2b: Eternatus|202/226|[from] item: Leftovers
|upkeep
|turn|4
|
|t:|1765336553
|move|p1a: Glastrier|Protect||[still]
|-fail|p1a: Glastrier
|move|p2a: Chi-Yu|Dark Pulse|p1a: Glastrier
|-damage|p1a: Glastrier|104/186
|move|p2b: Eternatus|Cosmic Power|p2b: Eternatus
|-boost|p2b: Eternatus|def|1
|-boost|p2b: Eternatus|spd|1
|move|p1b: Groudon|Swords Dance|p1b: Groudon
|-boost|p1b: Groudon|atk|2
|
|-weather|SunnyDay|[upkeep]
|-heal|p2b: Eternatus|216/226|[from] item: Leftovers
|upkeep
|turn|5
|
|t:|1765336553
|move|p1a: Glastrier|Protect|p1a: Glastrier
|-singleturn|p1a: Glastrier|Protect
|move|p2a: Chi-Yu|Dark Pulse|p1b: Groudon
|-damage|p1b: Groudon|93/186
|-enditem|p1b: Groudon|Sitrus Berry|[eat]
|-heal|p1b: Groudon|139/186|[from] item: Sitrus Berry
|move|p2b: Eternatus|Recover|p2b: Eternatus
|-heal|p2b: Eternatus|226/226
|move|p1b: Groudon|Precipice Blades|p2b: Eternatus|[spread] 
|-miss|p1b: Groudon|p2a: Chi-Yu
|-miss|p1b: Groudon|p2b: Eternatus
|
|-weather|SunnyDay|[upkeep]
|upkeep
|turn|6
|
|t:|1765336553
|move|p2a: Chi-Yu|Dark Pulse|p1b: Groudon
|-damage|p1b: Groudon|54/186
|move|p2b: Eternatus|Flamethrower|p1a: Glastrier
|-supereffective|p1a: Glastrier
|-damage|p1a: Glastrier|0 fnt
|faint|p1a: Glastrier
|cant|p1b: Groudon|flinch
|
|-weather|SunnyDay|[upkeep]
|upkeep
|
|t:|1765336553
|switch|p1a: Lumineon|Lumineon, L50, F|155/155
|turn|7
|
|t:|1765336553
|move|p2a: Chi-Yu|Dark Pulse|p1b: Groudon
|-damage|p1b: Groudon|0 fnt
|faint|p1b: Groudon
|move|p2b: Eternatus|Recover||[still]
|-fail|p2b: Eternatus|heal
|move|p1a: Lumineon|Encore|p2b: Eternatus
|-start|p2b: Eternatus|Encore
|
|-weather|none
|upkeep
|turn|8
|
|t:|1765336553
|move|p2a: Chi-Yu|Dark Pulse|p1a: Lumineon
|-damage|p1a: Lumineon|59/155
|-enditem|p1a: Lumineon|Sitrus Berry|[eat]
|-heal|p1a: Lumineon|97/155|[from] item: Sitrus Berry
|move|p2b: Eternatus|Recover||[still]
|-fail|p2b: Eternatus|heal
|move|p1a: Lumineon|Encore||[still]
|-fail|p1a: Lumineon
|
|upkeep
|turn|9
|
|t:|1765336553
|move|p2a: Chi-Yu|Dark Pulse|p1a: Lumineon
|-damage|p1a: Lumineon|0 fnt
|faint|p1a: Lumineon
|
|win|Bot2