|t:|1765329719
|gametype|doubles
|player|p1|Bot1||
|player|p2|Bot2||
|gen|9
|tier|[Gen 9] VGC 2026 Reg F
|rule|Species Clause: Limit one of each Pokémon
|rule|Item Clause: Limit 1 of each item
|clearpoke
|poke|p1|Toucannon, L50, M|
|poke|p1|Talonflame, L50, M|
|poke|p1|Torkoal, L50, F|
|poke|p1|Gardevoir, L50, F|
|poke|p1|Dachsbun, L50, M|
|poke|p1|Ditto, L50|
|poke|p2|Gardevoir, L50, M|
|poke|p2|Trevenant, L50, M|
|poke|p2|Excadrill, L50, F|
|poke|p2|Lugia, L50|
|poke|p2|Kleavor, L50, F|
|poke|p2|Gastrodon, L50, M|
|teampreview|4
|uhtml|otsrequest|<button name="send" value="/acceptopenteamsheets" class="button" style="margin-right: 10px;"><strong>Accept Open Team Sheets</strong></button><button name="send" value="/rejectopenteamsheets" class="button" style="margin-top: 10px"><strong>Deny Open Team Sheets</strong></button>
|uhtml|otsrequest|<button name="send" value="/acceptopenteamsheets" class="button" style="margin-right: 10px;"><strong>Accept Open Team Sheets</strong></button><button name="send" value="/rejectopenteamsheets" class="button" style="margin-top: 10px"><strong>Deny Open Team Sheets</strong></button>
|
|t:|1765329719
|teamsize|p1|4
|teamsize|p2|4
|start
|uhtmlchange|otsrequest|
|uhtmlchange|otsrequest|
|switch|p1a: Toucannon|Toucannon, L50, M|166/166
|switch|p1b: Talonflame|Talonflame, L50, M|164/164
|switch|p2a: Gardevoir|Gardevoir, L50, M|154/154
|switch|p2b: Trevenant|Trevenant, L50, M|171/171
|-ability|p2a: Gardevoir|Skill Link|Trace|[from] ability: Trace|[of] p1a: Toucannon
|turn|1
|
|t:|1765329719
|move|p1b: Talonflame|Tailwind|p1b: Talonflame
|-sidestart|p1: Bot1|move: Tailwind
|move|p1a: Toucannon|Tailwind||[still]
|-fail|p1a: Toucannon
|move|p2a: Gardevoir|Trick|p1b: Talonflame
|-activate|p2a: Gardevoir|move: Trick|[of] p1b: Talonflame
|-item|p1b: Talonflame|Choice Specs|[from] move: Trick
|-item|p2a: Gardevoir|Sitrus Berry|[from] move: Trick
|move|p2b: Trevenant|Wood Hammer|p1a: Toucannon
|-resisted|p1a: Toucannon
|-damage|p1a: Toucannon|116/166
|-damage|p2b: Trevenant|154/171|[from] Recoil
|
|upkeep
|turn|2
|
|t:|1765329719
|move|p1b: Talonflame|Brave Bird|p2b: Trevenant
|-supereffective|p2b: Trevenant
|-damage|p2b: Trevenant|0 fnt
|faint|p2b: Trevenant
|-damage|p1b: Talonflame|113/164|[from] Recoil
|move|p1a: Toucannon|Bullet Seed|p2a: Gardevoir
|-damage|p2a: Gardevoir|131/154
|-damage|p2a: Gardevoir|110/154
|-damage|p2a: Gardevoir|89/154
|-damage|p2a: Gardevoir|66/154
|-enditem|p2a: Gardevoir|Sitrus Berry|[eat]
|-heal|p2a: Gardevoir|104/154|[from] item: Sitrus Berry
|-damage|p2a: Gardevoir|79/154
|-hitcount|p2a: Gardevoir|5
|-damage|p1a: Toucannon|100/166|[from] item: Life Orb
|move|p2a: Gardevoir|Mystical Fire|p1a: Toucannon
|-damage|p1a: Toucannon|52/166
|-unboost|p1a: Toucannon|spa|1
|
|upkeep
|
|t:|1765329719
|switch|p2b: Lugia|Lugia, L50|192/192
|turn|3
|
|t:|1765329719
|move|p1b: Talonflame|Brave Bird|p2b: Lugia
|-damage|p2b: Lugia|168/192
|-damage|p1b: Talonflame|105/164|[from] Recoil
|move|p1a: Toucannon|Brave Bird|p2b: Lugia
|-damage|p2b: Lugia|73/192
|-damage|p1a: Toucannon|21/166|[from] Recoil
|-damage|p1a: Toucannon|5/166|[from] item: Life Orb
|move|p2b: Lugia|Calm Mind|p2b: Lugia
|-boost|p2b: Lugia|spa|1
|-boost|p2b: Lugia|spd|1
|move|p2a: Gardevoir|Mystical Fire|p1b: Talonflame
|-resisted|p1b: Talonflame
|-damage|p1b: Talonflame|81/164
|-unboost|p1b: Talonflame|spa|1
|
|-heal|p2b: Lugia|85/192|[from] item: Leftovers
|upkeep
|turn|4
|
|t:|1765329719
|move|p1b: Talonflame|Brave Bird|p2a: Gardevoir
|-damage|p2a: Gardevoir|0 fnt
|faint|p2a: Gardevoir
|-damage|p1b: Talonflame|55/164|[from] Recoil
|move|p1a: Toucannon|Tailwind||[still]
|-fail|p1a: Toucannon
|move|p2b: Lugia|Recover|p2b: Lugia
|-heal|p2b: Lugia|181/192
|
|-heal|p2b: Lugia|192/192|[from] item: Leftovers
|-sideend|p1: Bot1|move: Tailwind
|upkeep
|
|t:|1765329719
|switch|p2a: Excadrill|Excadrill, L50, F|196/196
|-ability|p2a: Excadrill|Mold Breaker
|turn|5
|
|t:|1765329719
|move|p1b: Talonflame|Brave Bird|p2a: Excadrill
|-resisted|p2a: Excadrill
|-damage|p2a: Excadrill|154/196
|-damage|p1b: Talonflame|41/164|[from] Recoil
|move|p2b: Lugia|Earth Power|p1a: Toucannon
|-immune|p1a: Toucannon
|move|p2a: Excadrill|Iron Head|p1b: Talonflame
|-resisted|p1b: Talonflame
|-damage|p1b: Talonflame|0 fnt
|faint|p1b: Talonflame
|move|p1a: Toucannon|Brave Bird|p2b: Lugia
|-damage|p2b: Lugia|149/192
|-damage|p1a: Toucannon|0 fnt|[from] Recoil
|faint|p1a: Toucannon
|
|-heal|p2b: Lugia|161/192|[from] item: Leftovers
|upkeep
|
|t:|1765329719
|switch|p1b: Gardevoir|Gardevoir, L50, F|154/154
|switch|p1a: Torkoal|Torkoal, L50, F|156/156
|-ability|p1b: Gardevoir|Multiscale|Trace|[from] ability: Trace|[of] p2b: Lugia
|-weather|SunnyDay|[from] ability: Drought|[of] p1a: Torkoal
|turn|6
|
|t:|1765329719
|move|p1b: Gardevoir|Mystical Fire|p2b: Lugia
|-damage|p2b: Lugia|134/192
|-unboost|p2b: Lugia|spa|1
|move|p2b: Lugia|Aeroblast|p1b: Gardevoir
|-damage|p1b: Gardevoir|127/154
|move|p2a: Excadrill|Rock Slide|p1a: Torkoal|[spread] p1a,p1b
|-supereffective|p1a: Torkoal
|-damage|p1a: Torkoal|114/156
|-damage|p1b: Gardevoir|88/154
|move|p1a: Torkoal|Will-O-Wisp|p2b: Lugia
|-status|p2b: Lugia|brn
|
|-weather|SunnyDay|[upkeep]
|-heal|p2b: Lugia|146/192 brn|[from] item: Leftovers
|-damage|p2b: Lugia|134/192 brn|[from] brn
|upkeep
|turn|7
|
|t:|1765329719
|move|p1b: Gardevoir|Mystical Fire|p2a: Excadrill
|-supereffective|p2a: Excadrill
|-damage|p2a: Excadrill|58/196
|-unboost|p2a: Excadrill|spa|1
|move|p2b: Lugia|Aeroblast|p1b: Gardevoir
|-damage|p1b: Gardevoir|33/154
|move|p2a: Excadrill|Iron Head|p1b: Gardevoir
|-supereffective|p1b: Gardevoir
|-damage|p1b: Gardevoir|0 fnt
|faint|p1b: Gardevoir
|move|p1a: Torkoal|Body Press|p2b: Lugia
|-resisted|p2b: Lugia
|-damage|p2b: Lugia|126/192 brn
|
|-weather|SunnyDay|[upkeep]
|-heal|p2b: Lugia|138/192 brn|[from] item: Leftovers
|-damage|p2b: Lugia|126/192 brn|[from] brn
|upkeep
|turn|8
|
|t:|1765329719
|move|p2b: Lugia|Recover|p2b: Lugia
|-heal|p2b: Lugia|192/192 brn
|move|p2a: Excadrill|High Horsepower|p1a: Torkoal
|-supereffective|p1a: Torkoal
|-damage|p1a: Torkoal|0 fnt
|faint|p1a: Torkoal
|
|win|Bot2