|t:|1765336018
|gametype|doubles
|player|p1|Bot1||
|player|p2|Bot2||
|gen|9
|tier|[Gen 9] VGC 2026 Reg F
|rule|Species Clause: Limit one of each Pokémon
|rule|Item Clause: Limit 1 of each item
|clearpoke
|poke|p1|Alcremie-Mint-Cream, L50, F|
|poke|p1|Masquerain, L50, F|
|poke|p1|Slowbro, L50, F|
|poke|p1|Snorlax, L50, F|
|poke|p1|Infernape, L50, F|
|poke|p1|Zekrom, L50|
|poke|p2|Lumineon, L50, F|
|poke|p2|Mesprit, L50|
|poke|p2|Perrserker, L50, M|
|poke|p2|Latios, L50, M|
|poke|p2|Delibird, L50, F|
|poke|p2|Enamorus, L50, F|
|teampreview|4
|uhtml|otsrequest|<button name="send" value="/acceptopenteamsheets" class="button" style="margin-right: 10px;"><strong>Accept Open Team Sheets</strong></button><button name="send" value="/rejectopenteamsheets" class="button" style="margin-top: 10px"><strong>Deny Open Team Sheets</strong></button>
|uhtml|otsrequest|<button name="send" value="/acceptopenteamsheets" class="button" style="margin-right: 10px;"><strong>Accept Open Team Sheets</strong></button><button name="send" value="/rejectopenteamsheets" class="button" style="margin-top: 10px"><strong>Deny Open Team Sheets</strong></button>
|
|t:|1765336018
|teamsize|p1|4
|teamsize|p2|4
|start
|uhtmlchange|otsrequest|
|uhtmlchange|otsrequest|
|switch|p1a: Alcremie|Alcremie-Mint-Cream, L50, F|151/151
|switch|p1b: Masquerain|Masquerain, L50, F|156/156
|switch|p2a: Lumineon|Lumineon, L50, F|155/155
|switch|p2b: Mesprit|Mesprit, L50|166/166
|-ability|p1b: Masquerain|Intimidate|boost
|-unboost|p2a: Lumineon|atk|1
|-unboost|p2b: Mesprit|atk|1
|turn|1
|
|t:|1765336018
|move|p1a: Alcremie|Protect|p1a: Alcremie
|-singleturn|p1a: Alcremie|Protect
|move|p2a: Lumineon|Hydro Pump|p1b: Masquerain
|-damage|p1b: Masquerain|98/156
|move|p1b: Masquerain|Tailwind|p1b: Masquerain
|-sidestart|p1: Bot1|move: Tailwind
|move|p2b: Mesprit|Psychic|p1b: Masquerain
|-damage|p1b: Masquerain|0 fnt
|faint|p1b: Masquerain
|
|upkeep
|
|t:|1765336018
|switch|p1b: Snorlax|Snorlax, L50, F|246/246
|turn|2
|
|t:|1765336018
|move|p2a: Lumineon|Helping Hand|p2b: Mesprit
|-singleturn|p2b: Mesprit|Helping Hand|[of] p2a: Lumineon
|move|p1a: Alcremie|Encore|p2a: Lumineon
|-start|p2a: Lumineon|Encore
|move|p1b: Snorlax|Recycle||[still]
|-fail|p1b: Snorlax
|move|p2b: Mesprit|Psychic|p1a: Alcremie
|-damage|p1a: Alcremie|40/151
|-enditem|p1a: Alcremie|Sitrus Berry|[eat]
|-heal|p1a: Alcremie|77/151|[from] item: Sitrus Berry
|
|upkeep
|turn|3
|
|t:|1765336018
|move|p2a: Lumineon|Helping Hand|p2b: Mesprit
|-singleturn|p2b: Mesprit|Helping Hand|[of] p2a: Lumineon
|move|p1a: Alcremie|Decorate|p2a: Lumineon
|-boost|p2a: Lumineon|atk|2
|-boost|p2a: Lumineon|spa|2
|move|p1b: Snorlax|High Horsepower|p2a: Lumineon
|-damage|p2a: Lumineon|102/155
|move|p2b: Mesprit|Psychic|p1a: Alcremie
|-damage|p1a: Alcremie|0 fnt
|faint|p1a: Alcremie
|
|upkeep
|
|t:|1765336018
|switch|p1a: Slowbro|Slowbro, L50, F|181/181
|turn|4
|
|t:|1765336018
|move|p2a: Lumineon|Helping Hand|p2b: Mesprit
|-singleturn|p2b: Mesprit|Helping Hand|[of] p2a: Lumineon
|move|p1b: Snorlax|Body Slam|p2a: Lumineon
|-damage|p2a: Lumineon|33/155
|-enditem|p2a: Lumineon|Sitrus Berry|[eat]
|-heal|p2a: Lumineon|71/155|[from] item: Sitrus Berry
|move|p2b: Mesprit|Psychic|p1b: Snorlax
|-damage|p1b: Snorlax|126/246
|move|p1a: Slowbro|Trick Room|p1a: Slowbro
|-fieldstart|move: Trick Room|[of] p1a: Slowbro
|
|-sideend|p1: Bot1|move: Tailwind
|upkeep
|turn|5
|
|t:|1765336018
|move|p2a: Lumineon|Helping Hand|p2b: Mesprit
|-singleturn|p2b: Mesprit|Helping Hand|[of] p2a: Lumineon
|move|p1a: Slowbro|Ice Beam|p2a: Lumineon
|-resisted|p2a: Lumineon
|-damage|p2a: Lumineon|46/155
|-damage|p1a: Slowbro|163/181|[from] item: Life Orb
|move|p1b: Snorlax|Recycle||[still]
|-fail|p1b: Snorlax
|move|p2b: Mesprit|Psychic|p1a: Slowbro
|-resisted|p1a: Slowbro
|-damage|p1a: Slowbro|93/181
|-unboost|p1a: Slowbro|spd|1
|
|-end|p2a: Lumineon|Encore
|upkeep
|turn|6
|
|t:|1765336018
|move|p1b: Snorlax|Recycle||[still]
|-fail|p1b: Snorlax
|move|p2b: Mesprit|Psychic|p1a: Slowbro
|-resisted|p1a: Slowbro
|-damage|p1a: Slowbro|17/181
|move|p2a: Lumineon|Encore|p1a: Slowbro
|-start|p1a: Slowbro|Encore
|move|p1a: Slowbro|Ice Beam|p2a: Lumineon
|-resisted|p2a: Lumineon
|-damage|p2a: Lumineon|20/155
|-damage|p1a: Slowbro|0 fnt|[from] item: Life Orb
|faint|p1a: Slowbro
|
|upkeep
|turn|7
|
|t:|1765336018
|move|p1b: Snorlax|Icy Wind|p2a: Lumineon|[spread] p2b
|-miss|p1b: Snorlax|p2a: Lumineon
|-damage|p2b: Mesprit|154/166
|-unboost|p2b: Mesprit|spe|1
|move|p2b: Mesprit|Psychic|p1b: Snorlax
|-damage|p1b: Snorlax|50/246
|-enditem|p1b: Snorlax|Iapapa Berry|[eat]
|-heal|p1b: Snorlax|132/246|[from] item: Iapapa Berry
|move|p2a: Lumineon|Icy Wind|p1b: Snorlax
|-damage|p1b: Snorlax|100/246
|-unboost|p1b: Snorlax|spe|1
|
|upkeep
|turn|8
|
|t:|1765336018
|move|p1b: Snorlax|Body Slam|p2a: Lumineon
|-damage|p2a: Lumineon|0 fnt
|faint|p2a: Lumineon
|move|p2b: Mesprit|Psychic|p1b: Snorlax
|-damage|p1b: Snorlax|16/246
|
|-fieldend|move: Trick Room
|upkeep
|
|t:|1765336018
|switch|p2a: Perrserker|Perrserker, L50, M|156/156
|turn|9
|
|t:|1765336018
|move|p2a: Perrserker|Knock Off|p1b: Snorlax
|-damage|p1b: Snorlax|0 fnt
|faint|p1b: Snorlax
|
|win|Bot2