|t:|1765334458
|gametype|doubles
|player|p1|Bot1||
|player|p2|Bot2||
|gen|9
|tier|[Gen 9] VGC 2026 Reg F
|rule|Species Clause: Limit one of each Pokémon
|rule|Item Clause: Limit 1 of each item
|clearpoke
|poke|p1|Amoonguss, L50, F|
|poke|p1|Flutter Mane, L50|
|poke|p1|Tornadus, L50, M|
|poke|p1|Incineroar, L50, F|
|poke|p1|Landorus, L50, M|
|poke|p1|Urshifu-*, L50, M|
|poke|p2|Chesnaught, L50, M|
|poke|p2|Phione, L50|
|poke|p2|Volcanion, L50|
|poke|p2|Hippowdon, L50, F|
|poke|p2|Vivillon-High Plains, L50, M|
|poke|p2|Gengar, L50, F|
|teampreview|4
|uhtml|otsrequest|<button name="send" value="/acceptopenteamsheets" class="button" style="margin-right: 10px;"><strong>Accept Open Team Sheets</strong></button><button name="send" value="/rejectopenteamsheets" class="button" style="margin-top: 10px"><strong>Deny Open Team Sheets</strong></button>
|uhtml|otsrequest|<button name="send" value="/acceptopenteamsheets" class="button" style="margin-right: 10px;"><strong>Accept Open Team Sheets</strong></button><button name="send" value="/rejectopenteamsheets" class="button" style="margin-top: 10px"><strong>Deny Open Team Sheets</strong></button>
|
|t:|1765334458
|teamsize|p1|4
|teamsize|p2|4
|start
|uhtmlchange|otsrequest|
|uhtmlchange|otsrequest|
|switch|p1a: Amoonguss|Amoonguss, L50, F|217/217
|switch|p1b: Flutter Mane|Flutter Mane, L50|145/145
|switch|p2a: Chesnaught|Chesnaught, L50, M|174/174
|switch|p2b: Phione|Phione, L50|166/166
|-enditem|p1b: Flutter Mane|Booster Energy
|-activate|p1b: Flutter Mane|ability: Protosynthesis|[fromitem]
|-start|p1b: Flutter Mane|protosynthesisspa
|turn|1
|
|t:|1765334458
|move|p2b: Phione|Protect|p2b: Phione
|-singleturn|p2b: Phione|Protect
|move|p1a: Amoonguss|Protect|p1a: Amoonguss
|-singleturn|p1a: Amoonguss|Protect
|move|p1b: Flutter Mane|Dazzling Gleam|p2a: Chesnaught|[spread] p2a
|-activate|p2b: Phione|move: Protect
|-supereffective|p2a: Chesnaught
|-damage|p2a: Chesnaught|16/174
|-enditem|p2a: Chesnaught|Sitrus Berry|[eat]
|-heal|p2a: Chesnaught|59/174|[from] item: Sitrus Berry
|move|p2a: Chesnaught|Knock Off|p1a: Amoonguss
|-activate|p1a: Amoonguss|move: Protect
|
|upkeep
|turn|2
|
|t:|1765334458
|move|p1b: Flutter Mane|Dazzling Gleam|p2b: Phione|[spread] p2a,p2b
|-supereffective|p2a: Chesnaught
|-damage|p2a: Chesnaught|0 fnt
|-damage|p2b: Phione|84/166
|faint|p2a: Chesnaught
|move|p2b: Phione|Ice Beam|p1a: Amoonguss
|-supereffective|p1a: Amoonguss
|-damage|p1a: Amoonguss|139/217
|move|p1a: Amoonguss|Sludge Bomb|p2b: Phione
|-damage|p2b: Phione|33/166
|
|-heal|p2b: Phione|43/166|[from] item: Leftovers
|upkeep
|
|t:|1765334458
|switch|p2a: Volcanion|Volcanion, L50|166/166
|turn|3
|
|t:|1765334458
|move|p2a: Volcanion|Protect|p2a: Volcanion
|-singleturn|p2a: Volcanion|Protect
|move|p1b: Flutter Mane|Shadow Ball|p2a: Volcanion
|-activate|p2a: Volcanion|move: Protect
|move|p2b: Phione|Scald|p1a: Amoonguss
|-resisted|p1a: Amoonguss
|-damage|p1a: Amoonguss|115/217
|-status|p1a: Amoonguss|brn
|move|p1a: Amoonguss|Sludge Bomb|p2b: Phione
|-damage|p2b: Phione|0 fnt
|faint|p2b: Phione
|
|-damage|p1a: Amoonguss|102/217 brn|[from] brn
|upkeep
|-enditem|p1a: Amoonguss|Sitrus Berry|[eat]
|-heal|p1a: Amoonguss|156/217 brn|[from] item: Sitrus Berry
|
|t:|1765334458
|switch|p2b: Hippowdon|Hippowdon, L50, F|194/194
|-weather|Sandstorm|[from] ability: Sand Stream|[of] p2b: Hippowdon
|turn|4
|
|t:|1765334458
|move|p1b: Flutter Mane|Protect|p1b: Flutter Mane
|-singleturn|p1b: Flutter Mane|Protect
|move|p2a: Volcanion|Earth Power|p1b: Flutter Mane
|-activate|p1b: Flutter Mane|move: Protect
|move|p2b: Hippowdon|Slack Off||[still]
|-fail|p2b: Hippowdon|heal
|move|p1a: Amoonguss|Spore|p2b: Hippowdon
|-status|p2b: Hippowdon|slp|[from] move: Spore
|
|-weather|Sandstorm|[upkeep]
|-damage|p1b: Flutter Mane|136/145|[from] Sandstorm
|-damage|p2a: Volcanion|156/166|[from] Sandstorm
|-damage|p1a: Amoonguss|143/217 brn|[from] Sandstorm
|-damage|p1a: Amoonguss|130/217 brn|[from] brn
|upkeep
|turn|5
|
|t:|1765334458
|move|p2a: Volcanion|Protect|p2a: Volcanion
|-singleturn|p2a: Volcanion|Protect
|move|p1a: Amoonguss|Rage Powder|p1a: Amoonguss
|-singleturn|p1a: Amoonguss|move: Rage Powder
|move|p1b: Flutter Mane|Dazzling Gleam|p2b: Hippowdon|[spread] p2b
|-activate|p2a: Volcanion|move: Protect
|-damage|p2b: Hippowdon|112/194 slp
|cant|p2b: Hippowdon|slp
|
|-weather|Sandstorm|[upkeep]
|-damage|p1b: Flutter Mane|127/145|[from] Sandstorm
|-damage|p2a: Volcanion|146/166|[from] Sandstorm
|-damage|p1a: Amoonguss|117/217 brn|[from] Sandstorm
|-heal|p2b: Hippowdon|124/194 slp|[from] item: Leftovers
|-damage|p1a: Amoonguss|104/217 brn|[from] brn
|upkeep
|turn|6
|
|t:|1765334458
|move|p1a: Amoonguss|Rage Powder|p1a: Amoonguss
|-singleturn|p1a: Amoonguss|move: Rage Powder
|move|p1b: Flutter Mane|Moonblast|p2a: Volcanion
|-resisted|p2a: Volcanion
|-damage|p2a: Volcanion|87/166
|-unboost|p2a: Volcanion|spa|1
|move|p2a: Volcanion|Earth Power|p1a: Amoonguss
|-damage|p1a: Amoonguss|71/217 brn
|cant|p2b: Hippowdon|slp
|
|-weather|Sandstorm|[upkeep]
|-damage|p1b: Flutter Mane|118/145|[from] Sandstorm
|-damage|p2a: Volcanion|77/166|[from] Sandstorm
|-damage|p1a: Amoonguss|58/217 brn|[from] Sandstorm
|-enditem|p2a: Volcanion|Sitrus Berry|[eat]
|-heal|p2a: Volcanion|118/166|[from] item: Sitrus Berry
|-heal|p2b: Hippowdon|136/194 slp|[from] item: Leftovers
|-damage|p1a: Amoonguss|45/217 brn|[from] brn
|upkeep
|turn|7
|
|t:|1765334458
|move|p1b: Flutter Mane|Protect|p1b: Flutter Mane
|-singleturn|p1b: Flutter Mane|Protect
|move|p1a: Amoonguss|Protect|p1a: Amoonguss
|-singleturn|p1a: Amoonguss|Protect
|move|p2a: Volcanion|Earth Power|p1a: Amoonguss
|-activate|p1a: Amoonguss|move: Protect
|-curestatus|p2b: Hippowdon|slp|[msg]
|move|p2b: Hippowdon|High Horsepower|p1a: Amoonguss
|-activate|p1a: Amoonguss|move: Protect
|
|-weather|Sandstorm|[upkeep]
|-damage|p1b: Flutter Mane|109/145|[from] Sandstorm
|-damage|p2a: Volcanion|108/166|[from] Sandstorm
|-damage|p1a: Amoonguss|32/217 brn|[from] Sandstorm
|-heal|p2b: Hippowdon|148/194|[from] item: Leftovers
|-damage|p1a: Amoonguss|19/217 brn|[from] brn
|upkeep
|turn|8
|
|t:|1765334458
|move|p1b: Flutter Mane|Protect||[still]
|-fail|p1b: Flutter Mane
|move|p1a: Amoonguss|Rage Powder|p1a: Amoonguss
|-singleturn|p1a: Amoonguss|move: Rage Powder
|move|p2a: Volcanion|Heat Wave|p1b: Flutter Mane|[spread] p1a,p1b
|-supereffective|p1a: Amoonguss
|-damage|p1a: Amoonguss|0 fnt
|-damage|p1b: Flutter Mane|79/145
|faint|p1a: Amoonguss
|move|p2b: Hippowdon|Slack Off|p2b: Hippowdon
|-heal|p2b: Hippowdon|194/194
|
|-weather|none
|upkeep
|
|t:|1765334458
|switch|p1a: Tornadus|Tornadus, L50, M|159/159
|turn|9
|
|t:|1765334458
|move|p1a: Tornadus|Protect|p1a: Tornadus
|-singleturn|p1a: Tornadus|Protect
|move|p2a: Volcanion|Protect|p2a: Volcanion
|-singleturn|p2a: Volcanion|Protect
|move|p1b: Flutter Mane|Moonblast|p2b: Hippowdon
|-damage|p2b: Hippowdon|58/194
|move|p2b: Hippowdon|High Horsepower|p1b: Flutter Mane
|-damage|p1b: Flutter Mane|0 fnt
|faint|p1b: Flutter Mane
|-end|p1b: Flutter Mane|Protosynthesis|[silent]
|
|-heal|p2b: Hippowdon|70/194|[from] item: Leftovers
|upkeep
|
|t:|1765334458
|switch|p1b: Incineroar|Incineroar, L50, F|202/202
|-ability|p1b: Incineroar|Intimidate|boost
|-unboost|p2a: Volcanion|atk|1
|-unboost|p2b: Hippowdon|atk|1
|turn|10
|
|t:|1765334458
|move|p1a: Tornadus|Bleakwind Storm|p2a: Volcanion|[spread] p2a,p2b
|-crit|p2a: Volcanion
|-damage|p2a: Volcanion|2/166
|-damage|p2b: Hippowdon|0 fnt
|faint|p2b: Hippowdon
|move|p2a: Volcanion|Earth Power|p1a: Tornadus
|-immune|p1a: Tornadus
|move|p1b: Incineroar|Flare Blitz|p2a: Volcanion
|-resisted|p2a: Volcanion
|-damage|p2a: Volcanion|0 fnt
|faint|p2a: Volcanion
|-damage|p1b: Incineroar|201/202|[from] Recoil
|
|win|Bot1