|t:|1765334459
|gametype|doubles
|player|p1|Bot1||
|player|p2|Bot2||
|gen|9
|tier|[Gen 9] VGC 2026 Reg F
|rule|Species Clause: Limit one of each Pokémon
|rule|Item Clause: Limit 1 of each item
|clearpoke
|poke|p1|Amoonguss, L50, F|
|poke|p1|Flutter Mane, L50|
|poke|p1|Tornadus, L50, M|
|poke|p1|Incineroar, L50, F|
|poke|p1|Landorus, L50, M|
|poke|p1|Urshifu-*, L50, F|
|poke|p2|Vaporeon, L50, M|
|poke|p2|Zoroark, L50, F|
|poke|p2|Espathra, L50, M|
|poke|p2|Gallade, L50, M|
|poke|p2|Passimian, L50, M|
|poke|p2|Golem, L50, F|
|teampreview|4
|uhtml|otsrequest|<button name="send" value="/acceptopenteamsheets" class="button" style="margin-right: 10px;"><strong>Accept Open Team Sheets</strong></button><button name="send" value="/rejectopenteamsheets" class="button" style="margin-top: 10px"><strong>Deny Open Team Sheets</strong></button>
|uhtml|otsrequest|<button name="send" value="/acceptopenteamsheets" class="button" style="margin-right: 10px;"><strong>Accept Open Team Sheets</strong></button><button name="send" value="/rejectopenteamsheets" class="button" style="margin-top: 10px"><strong>Deny Open Team Sheets</strong></button>
|
|t:|1765334459
|teamsize|p1|4
|teamsize|p2|4
|start
|uhtmlchange|otsrequest|
|uhtmlchange|otsrequest|
|switch|p1a: Amoonguss|Amoonguss, L50, F|217/217
|switch|p1b: Flutter Mane|Flutter Mane, L50|145/145
|switch|p2a: Vaporeon|Vaporeon, L50, M|216/216
|switch|p2b: Gallade|Gallade, L50, M|146/146
|-enditem|p1b: Flutter Mane|Booster Energy
|-activate|p1b: Flutter Mane|ability: Protosynthesis|[fromitem]
|-start|p1b: Flutter Mane|protosynthesisspa
|turn|1
|
|t:|1765334459
|move|p2b: Gallade|Protect|p2b: Gallade
|-singleturn|p2b: Gallade|Protect
|move|p1b: Flutter Mane|Dazzling Gleam|p2a: Vaporeon|[spread] p2a
|-activate|p2b: Gallade|move: Protect
|-damage|p2a: Vaporeon|146/216
|move|p2a: Vaporeon|Muddy Water|p1a: Amoonguss|[spread] p1b
|-miss|p2a: Vaporeon|p1a: Amoonguss
|-damage|p1b: Flutter Mane|109/145
|-unboost|p1b: Flutter Mane|accuracy|1
|move|p1a: Amoonguss|Sludge Bomb|p2b: Gallade
|-activate|p2b: Gallade|move: Protect
|
|upkeep
|turn|2
|
|t:|1765334459
|move|p1b: Flutter Mane|Moonblast|p2a: Vaporeon|[miss]
|-miss|p1b: Flutter Mane|p2a: Vaporeon
|move|p2b: Gallade|Focus Blast|p1b: Flutter Mane
|-immune|p1b: Flutter Mane
|move|p2a: Vaporeon|Icy Wind|p1b: Flutter Mane|[spread] p1a,p1b
|-supereffective|p1a: Amoonguss
|-damage|p1a: Amoonguss|175/217
|-damage|p1b: Flutter Mane|94/145
|-unboost|p1a: Amoonguss|spe|1
|-unboost|p1b: Flutter Mane|spe|1
|move|p1a: Amoonguss|Sludge Bomb|p2b: Gallade
|-damage|p2b: Gallade|77/146
|-status|p2b: Gallade|psn
|replace|p2b: Zoroark|Zoroark, L50, F
|-end|p2b: Zoroark|Illusion
|
|-damage|p2b: Zoroark|59/146 psn|[from] psn
|upkeep
|turn|3
|
|t:|1765334459
|move|p1b: Flutter Mane|Protect|p1b: Flutter Mane
|-singleturn|p1b: Flutter Mane|Protect
|move|p1a: Amoonguss|Protect|p1a: Amoonguss
|-singleturn|p1a: Amoonguss|Protect
|move|p2b: Zoroark|Sludge Bomb|p1a: Amoonguss
|-activate|p1a: Amoonguss|move: Protect
|move|p2a: Vaporeon|Icy Wind|p1a: Amoonguss|[spread] 
|-activate|p1a: Amoonguss|move: Protect
|-activate|p1b: Flutter Mane|move: Protect
|
|-damage|p2b: Zoroark|41/146 psn|[from] psn
|upkeep
|turn|4
|
|t:|1765334459
|move|p2b: Zoroark|Dark Pulse|p1b: Flutter Mane
|-damage|p1b: Flutter Mane|26/145
|-damage|p2b: Zoroark|27/146 psn|[from] item: Life Orb
|move|p1b: Flutter Mane|Shadow Ball|p2a: Vaporeon|[miss]
|-miss|p1b: Flutter Mane|p2a: Vaporeon
|move|p2a: Vaporeon|Muddy Water|p1b: Flutter Mane|[spread] p1a,p1b
|-resisted|p1a: Amoonguss
|-damage|p1a: Amoonguss|152/217
|-damage|p1b: Flutter Mane|0 fnt
|faint|p1b: Flutter Mane
|-end|p1b: Flutter Mane|Protosynthesis|[silent]
|move|p1a: Amoonguss|Sludge Bomb|p2b: Zoroark
|-damage|p2b: Zoroark|0 fnt
|faint|p2b: Zoroark
|
|upkeep
|
|t:|1765334459
|switch|p1b: Tornadus|Tornadus, L50, M|159/159
|switch|p2b: Gallade|Gallade, L50, M|154/154
|turn|5
|
|t:|1765334459
|move|p1b: Tornadus|Tailwind|p1b: Tornadus
|-sidestart|p1: Bot1|move: Tailwind
|move|p2b: Gallade|Night Slash|p1b: Tornadus
|-damage|p1b: Tornadus|80/159
|move|p2a: Vaporeon|Muddy Water|p1b: Tornadus|[spread] p1a,p1b
|-resisted|p1a: Amoonguss
|-damage|p1a: Amoonguss|127/217
|-damage|p1b: Tornadus|25/159
|-unboost|p1b: Tornadus|accuracy|1
|move|p1a: Amoonguss|Spore|p2b: Gallade
|-status|p2b: Gallade|slp|[from] move: Spore
|
|upkeep
|turn|6
|
|t:|1765334459
|move|p1b: Tornadus|Protect|p1b: Tornadus
|-singleturn|p1b: Tornadus|Protect
|cant|p2b: Gallade|slp
|move|p2a: Vaporeon|Yawn|p1b: Tornadus
|-activate|p1b: Tornadus|move: Protect
|move|p1a: Amoonguss|Spore|p2a: Vaporeon
|-status|p2a: Vaporeon|slp|[from] move: Spore
|
|upkeep
|turn|7
|
|t:|1765334459
|move|p1a: Amoonguss|Protect|p1a: Amoonguss
|-singleturn|p1a: Amoonguss|Protect
|move|p1b: Tornadus|Rain Dance|p1b: Tornadus
|-weather|RainDance
|cant|p2b: Gallade|slp
|cant|p2a: Vaporeon|slp
|
|-weather|RainDance|[upkeep]
|upkeep
|turn|8
|
|t:|1765334459
|move|p1b: Tornadus|Tailwind||[still]
|-fail|p1b: Tornadus
|cant|p2b: Gallade|slp
|cant|p2a: Vaporeon|slp
|move|p1a: Amoonguss|Sludge Bomb|p2a: Vaporeon
|-damage|p2a: Vaporeon|98/216 slp
|-enditem|p2a: Vaporeon|Sitrus Berry|[eat]
|-heal|p2a: Vaporeon|152/216 slp|[from] item: Sitrus Berry
|
|-weather|RainDance|[upkeep]
|-sideend|p1: Bot1|move: Tailwind
|upkeep
|turn|9
|
|t:|1765334459
|move|p1b: Tornadus|Protect|p1b: Tornadus
|-singleturn|p1b: Tornadus|Protect
|move|p1a: Amoonguss|Rage Powder|p1a: Amoonguss
|-singleturn|p1a: Amoonguss|move: Rage Powder
|-curestatus|p2b: Gallade|slp|[msg]
|move|p2b: Gallade|Night Slash|p1a: Amoonguss
|-damage|p1a: Amoonguss|72/217
|-enditem|p1a: Amoonguss|Sitrus Berry|[eat]
|-heal|p1a: Amoonguss|126/217|[from] item: Sitrus Berry
|-curestatus|p2a: Vaporeon|slp|[msg]
|move|p2a: Vaporeon|Icy Wind|p1a: Amoonguss|[spread] p1a
|-activate|p1b: Tornadus|move: Protect
|-supereffective|p1a: Amoonguss
|-damage|p1a: Amoonguss|84/217
|-unboost|p1a: Amoonguss|spe|1
|
|-weather|RainDance|[upkeep]
|upkeep
|turn|10
|
|t:|1765334459
|move|p1a: Amoonguss|Protect|p1a: Amoonguss
|-singleturn|p1a: Amoonguss|Protect
|move|p1b: Tornadus|Rain Dance||[still]
|-fail|p1b: Tornadus
|move|p2b: Gallade|Night Slash|p1a: Amoonguss
|-activate|p1a: Amoonguss|move: Protect
|move|p2a: Vaporeon|Muddy Water|p1a: Amoonguss|[spread] 
|-activate|p1a: Amoonguss|move: Protect
|-miss|p2a: Vaporeon|p1b: Tornadus
|
|-weather|RainDance|[upkeep]
|upkeep
|turn|11
|
|t:|1765334460
|move|p1a: Amoonguss|Protect||[still]
|-fail|p1a: Amoonguss
|move|p1b: Tornadus|Rain Dance||[still]
|-fail|p1b: Tornadus
|move|p2b: Gallade|Night Slash|p1b: Tornadus
|-damage|p1b: Tornadus|0 fnt
|faint|p1b: Tornadus
|move|p2a: Vaporeon|Yawn|p1a: Amoonguss
|-start|p1a: Amoonguss|move: Yawn|[of] p2a: Vaporeon
|
|-weather|none
|upkeep
|
|t:|1765334460
|switch|p1b: Incineroar|Incineroar, L50, F|202/202
|-ability|p1b: Incineroar|Intimidate|boost
|-unboost|p2a: Vaporeon|atk|1
|-unboost|p2b: Gallade|atk|1
|turn|12
|
|t:|1765334460
|move|p2b: Gallade|Night Slash|p1a: Amoonguss
|-damage|p1a: Amoonguss|50/217
|move|p2a: Vaporeon|Muddy Water|p1b: Incineroar|[spread] p1a
|-miss|p2a: Vaporeon|p1b: Incineroar
|-resisted|p1a: Amoonguss
|-damage|p1a: Amoonguss|27/217
|-unboost|p1a: Amoonguss|accuracy|1
|move|p1b: Incineroar|Flare Blitz|p2a: Vaporeon
|-resisted|p2a: Vaporeon
|-damage|p2a: Vaporeon|98/216
|-damage|p1b: Incineroar|184/202|[from] Recoil
|move|p1a: Amoonguss|Sludge Bomb|p2a: Vaporeon
|-damage|p2a: Vaporeon|50/216
|
|-end|p1a: Amoonguss|move: Yawn|[silent]
|-status|p1a: Amoonguss|slp
|upkeep
|turn|13
|
|t:|1765334460
|cant|p1a: Amoonguss|slp
|move|p2b: Gallade|Night Slash|p1a: Amoonguss
|-damage|p1a: Amoonguss|0 fnt
|faint|p1a: Amoonguss
|move|p2a: Vaporeon|Yawn|p1b: Incineroar
|-start|p1b: Incineroar|move: Yawn|[of] p2a: Vaporeon
|move|p1b: Incineroar|Knock Off|p2a: Vaporeon
|-damage|p2a: Vaporeon|0 fnt
|faint|p2a: Vaporeon
|
|upkeep
|
|t:|1765334460
|switch|p2a: Espathra|Espathra, L50, M|181/181
|turn|14
|
|t:|1765334460
|move|p2b: Gallade|Night Slash|p1b: Incineroar
|-resisted|p1b: Incineroar
|-crit|p1b: Incineroar
|-damage|p1b: Incineroar|144/202
|move|p2a: Espathra|Shadow Ball|p1b: Incineroar
|-resisted|p1b: Incineroar
|-damage|p1b: Incineroar|123/202
|-damage|p2a: Espathra|163/181|[from] item: Life Orb
|move|p1b: Incineroar|Parting Shot|p2a: Espathra
|-unboost|p2a: Espathra|atk|1
|-unboost|p2a: Espathra|spa|1
|
|-end|p1b: Incineroar|move: Yawn|[silent]
|-status|p1b: Incineroar|slp
|-ability|p2a: Espathra|Speed Boost|boost
|-boost|p2a: Espathra|spe|1
|upkeep
|turn|15
|
|t:|1765334460
|cant|p1b: Incineroar|slp
|move|p2a: Espathra|Lumina Crash|p1b: Incineroar
|-immune|p1b: Incineroar
|move|p2b: Gallade|Night Slash|p1b: Incineroar
|-resisted|p1b: Incineroar
|-damage|p1b: Incineroar|105/202 slp
|
|-ability|p2a: Espathra|Speed Boost|boost
|-boost|p2a: Espathra|spe|1
|upkeep
|turn|16
|
|t:|1765334460
|move|p2a: Espathra|Shadow Ball|p1b: Incineroar
|-resisted|p1b: Incineroar
|-damage|p1b: Incineroar|91/202 slp
|-damage|p2a: Espathra|145/181|[from] item: Life Orb
|move|p2b: Gallade|Night Slash|p1b: Incineroar
|-resisted|p1b: Incineroar
|-damage|p1b: Incineroar|74/202 slp
|-curestatus|p1b: Incineroar|slp|[msg]
|move|p1b: Incineroar|Flare Blitz|p2a: Espathra
|-damage|p2a: Espathra|28/181
|-damage|p1b: Incineroar|35/202|[from] Recoil
|
|-ability|p2a: Espathra|Speed Boost|boost
|-boost|p2a: Espathra|spe|1
|upkeep
|turn|17
|
|t:|1765334460
|move|p2a: Espathra|Dazzling Gleam|p1b: Incineroar
|-damage|p1b: Incineroar|4/202
|-damage|p2a: Espathra|10/181|[from] item: Life Orb
|move|p2b: Gallade|Night Slash|p1b: Incineroar
|-resisted|p1b: Incineroar
|-damage|p1b: Incineroar|0 fnt
|faint|p1b: Incineroar
|
|win|Bot2