|t:|1765330476
|gametype|doubles
|player|p1|Bot1||
|player|p2|Bot2||
|gen|9
|tier|[Gen 9] VGC 2026 Reg F
|rule|Species Clause: Limit one of each Pokémon
|rule|Item Clause: Limit 1 of each item
|clearpoke
|poke|p1|Gyarados, L50, M|
|poke|p1|Sneasler, L50, F|
|poke|p1|Maushold, L50|
|poke|p1|Florges-Blue, L50, F|
|poke|p1|Meloetta, L50|
|poke|p1|Rotom-Mow, L50|
|poke|p2|Forretress, L50, F|
|poke|p2|Porygon2, L50|
|poke|p2|Farigiraf, L50, F|
|poke|p2|Pikachu-Alola, L50, M|
|poke|p2|Poliwrath, L50, M|
|poke|p2|Vikavolt, L50, M|
|teampreview|4
|uhtml|otsrequest|<button name="send" value="/acceptopenteamsheets" class="button" style="margin-right: 10px;"><strong>Accept Open Team Sheets</strong></button><button name="send" value="/rejectopenteamsheets" class="button" style="margin-top: 10px"><strong>Deny Open Team Sheets</strong></button>
|uhtml|otsrequest|<button name="send" value="/acceptopenteamsheets" class="button" style="margin-right: 10px;"><strong>Accept Open Team Sheets</strong></button><button name="send" value="/rejectopenteamsheets" class="button" style="margin-top: 10px"><strong>Deny Open Team Sheets</strong></button>
|
|t:|1765330476
|teamsize|p1|4
|teamsize|p2|4
|start
|uhtmlchange|otsrequest|
|uhtmlchange|otsrequest|
|switch|p1a: Gyarados|Gyarados, L50, M|181/181
|switch|p1b: Sneasler|Sneasler, L50, F|166/166
|switch|p2a: Forretress|Forretress, L50, F|161/161
|switch|p2b: Porygon2|Porygon2, L50|171/171
|-ability|p1a: Gyarados|Intimidate|boost
|-unboost|p2a: Forretress|atk|1
|-unboost|p2b: Porygon2|atk|1
|-ability|p2b: Porygon2|Download|boost
|-boost|p2b: Porygon2|atk|1
|turn|1
|
|t:|1765330476
|move|p1b: Sneasler|Close Combat|p2b: Porygon2
|-supereffective|p2b: Porygon2
|-damage|p2b: Porygon2|33/171
|-unboost|p1b: Sneasler|def|1
|-unboost|p1b: Sneasler|spd|1
|move|p1a: Gyarados|Taunt|p2b: Porygon2
|-start|p2b: Porygon2|move: Taunt
|move|p2a: Forretress|Explosion|p1a: Gyarados|[spread] p2b,p1a,p1b
|-damage|p2b: Porygon2|0 fnt
|-damage|p1a: Gyarados|104/181
|-enditem|p1b: Sneasler|Focus Sash
|-damage|p1b: Sneasler|1/166
|faint|p2a: Forretress
|faint|p2b: Porygon2
|
|upkeep
|
|t:|1765330476
|switch|p2a: Farigiraf|Farigiraf, L50, F|206/206
|switch|p2b: Pikachu|Pikachu-Alola, L50, M|121/121
|turn|2
|
|t:|1765330476
|move|p1b: Sneasler|Dire Claw|p2b: Pikachu
|-damage|p2b: Pikachu|13/121
|-status|p2b: Pikachu|psn
|move|p2b: Pikachu|Grass Knot|p1b: Sneasler
|-resisted|p1b: Sneasler
|-damage|p1b: Sneasler|0 fnt
|faint|p1b: Sneasler
|move|p1a: Gyarados|Thunder Wave|p2b: Pikachu
|-activate|p2b: Pikachu|ability: Lightning Rod
|-ability|p2b: Pikachu|Lightning Rod|boost
|-boost|p2b: Pikachu|spa|1
|move|p2a: Farigiraf|Trick Room|p2a: Farigiraf
|-fieldstart|move: Trick Room|[of] p2a: Farigiraf
|
|-damage|p2b: Pikachu|0 fnt|[from] psn
|faint|p2b: Pikachu
|upkeep
|
|t:|1765330476
|switch|p1b: Florges|Florges-Blue, L50, F|164/164
|turn|3
|
|t:|1765330476
|move|p1a: Gyarados|Helping Hand|p1b: Florges
|-singleturn|p1b: Florges|Helping Hand|[of] p1a: Gyarados
|move|p2a: Farigiraf|Nasty Plot|p2a: Farigiraf
|-boost|p2a: Farigiraf|spa|2
|move|p1b: Florges|Synthesis|p1b: Florges
|-fail|p1b: Florges|heal
|
|upkeep
|turn|4
|
|t:|1765330476
|move|p2a: Farigiraf|Nasty Plot|p2a: Farigiraf
|-boost|p2a: Farigiraf|spa|2
|move|p1b: Florges|Calm Mind|p1b: Florges
|-boost|p1b: Florges|spa|1
|-boost|p1b: Florges|spd|1
|move|p1a: Gyarados|Thunder Wave|p2a: Farigiraf
|-status|p2a: Farigiraf|par
|
|upkeep
|turn|5
|
|t:|1765330476
|cant|p2a: Farigiraf|par
|move|p1b: Florges|Calm Mind|p1b: Florges
|-boost|p1b: Florges|spa|1
|-boost|p1b: Florges|spd|1
|move|p1a: Gyarados|Waterfall|p2a: Farigiraf
|-damage|p2a: Farigiraf|124/206 par
|
|upkeep
|turn|6
|
|t:|1765330476
|move|p1a: Gyarados|Helping Hand|p1b: Florges
|-singleturn|p1b: Florges|Helping Hand|[of] p1a: Gyarados
|move|p1b: Florges|Protect|p1b: Florges
|-singleturn|p1b: Florges|Protect
|cant|p2a: Farigiraf|par
|
|-fieldend|move: Trick Room
|upkeep
|turn|7
|
|t:|1765330476
|move|p1a: Gyarados|Taunt|p2a: Farigiraf
|-start|p2a: Farigiraf|move: Taunt
|move|p1b: Florges|Calm Mind|p1b: Florges
|-boost|p1b: Florges|spa|1
|-boost|p1b: Florges|spd|1
|move|p2a: Farigiraf|Psychic|p1a: Gyarados
|-damage|p1a: Gyarados|0 fnt
|faint|p1a: Gyarados
|-damage|p2a: Farigiraf|104/206 par|[from] item: Life Orb
|
|upkeep
|
|t:|1765330476
|switch|p1a: Maushold|Maushold, L50|160/160
|turn|8
|
|t:|1765330476
|move|p1a: Maushold|Encore|p2a: Farigiraf
|-start|p2a: Farigiraf|Encore
|move|p1b: Florges|Synthesis|p1b: Florges
|-fail|p1b: Florges|heal
|move|p2a: Farigiraf|Psychic|p1a: Maushold
|-crit|p1a: Maushold
|-damage|p1a: Maushold|0 fnt
|faint|p1a: Maushold
|-damage|p2a: Farigiraf|84/206 par|[from] item: Life Orb
|
|upkeep
|turn|9
|
|t:|1765330476
|move|p1b: Florges|Dazzling Gleam|p2a: Farigiraf
|-damage|p2a: Farigiraf|0 fnt
|faint|p2a: Farigiraf
|
|win|Bot1