update
|t:|1765323469
|gametype|doubles
|player|p1|Bot1||
|player|p2|Bot2||
|gen|9
|tier|[Gen 9] VGC 2026 Reg F
|rule|Species Clause: Limit one of each Pokémon
|rule|Item Clause: Limit 1 of each item
|clearpoke
|poke|p1|Cinderace, L50, M|
|poke|p1|Dedenne, L50, F|
|poke|p1|Ogerpon-Cornerstone, L50, F|
|poke|p1|Cloyster, L50, F|
|poke|p1|Dusknoir, L50, F|
|poke|p1|Perrserker, L50, F|
|poke|p2|Rotom-Frost, L50|
|poke|p2|Kingdra, L50, M|
|poke|p2|Crawdaunt, L50, F|
|poke|p2|Zapdos, L50|
|poke|p2|Squawkabilly, L50, M|
|poke|p2|Hitmonchan, L50, M|
|teampreview|4
|split|p1
|uhtml|otsrequest|<button name="send" value="/acceptopenteamsheets" class="button" style="margin-right: 10px;"><strong>Accept Open Team Sheets</strong></button><button name="send" value="/rejectopenteamsheets" class="button" style="margin-top: 10px"><strong>Deny Open Team Sheets</strong></button>

|split|p2
|uhtml|otsrequest|<button name="send" value="/acceptopenteamsheets" class="button" style="margin-right: 10px;"><strong>Accept Open Team Sheets</strong></button><button name="send" value="/rejectopenteamsheets" class="button" style="margin-top: 10px"><strong>Deny Open Team Sheets</strong></button>

sideupdate
p1
|request|{"teamPreview":true,"maxChosenTeamSize":4,"side":{"name":"Bot1","id":"p1","pokemon":[{"ident":"p1: Cinderace","details":"Cinderace, L50, M","condition":"166/166","active":true,"stats":{"atk":147,"def":106,"spa":96,"spd":106,"spe":150},"moves":["highjumpkick","protect","suckerpunch","pyroball"],"baseAbility":"blaze","item":"lifeorb","pokeball":"pokeball","ability":"blaze","commanding":false,"reviving":false,"teraType":"Fighting","terastallized":""},{"ident":"p1: Dedenne","details":"Dedenne, L50, F","condition":"153/153","active":true,"stats":{"atk":89,"def":88,"spa":112,"spd":98,"spe":132},"moves":["dazzlinggleam","thunderbolt","nuzzle","superfang"],"baseAbility":"cheekpouch","item":"sitrusberry","pokeball":"pokeball","ability":"cheekpouch","commanding":false,"reviving":false,"teraType":"Flying","terastallized":""},{"ident":"p1: Ogerpon","details":"Ogerpon-Cornerstone, L50, F","condition":"166/166","active":false,"stats":{"atk":151,"def":115,"spa":91,"spd":127,"spe":141},"moves":["ivycudgel","hornleech","spikyshield","followme"],"baseAbility":"sturdy","item":"cornerstonemask","pokeball":"pokeball","ability":"sturdy","commanding":false,"reviving":false,"teraType":"Rock","terastallized":""},{"ident":"p1: Cloyster","details":"Cloyster, L50, F","condition":"136/136","active":false,"stats":{"atk":126,"def":211,"spa":116,"spd":76,"spe":101},"moves":["shellsmash","iciclespear","hydropump","rockblast"],"baseAbility":"skilllink","item":"whiteherb","pokeball":"pokeball","ability":"skilllink","commanding":false,"reviving":false,"teraType":"Rock","terastallized":""},{"ident":"p1: Dusknoir","details":"Dusknoir, L50, F","condition":"131/131","active":false,"stats":{"atk":131,"def":166,"spa":96,"spd":166,"spe":76},"moves":["poltergeist","shadowsneak","leechlife","willowisp"],"baseAbility":"frisk","item":"lifeorb","pokeball":"pokeball","ability":"frisk","commanding":false,"reviving":false,"teraType":"Dark","terastallized":""},{"ident":"p1: Perrserker","details":"Perrserker, L50, F","condition":"156/156","active":false,"stats":{"atk":141,"def":131,"spa":81,"spd":91,"spe":81},"moves":["uturn","ironhead","knockoff","closecombat"],"baseAbility":"toughclaws","item":"choiceband","pokeball":"pokeball","ability":"toughclaws","commanding":false,"reviving":false,"teraType":"Fighting","terastallized":""}]}}

sideupdate
p2
|request|{"teamPreview":true,"maxChosenTeamSize":4,"side":{"name":"Bot2","id":"p2","pokemon":[{"ident":"p2: Rotom","details":"Rotom-Frost, L50","condition":"136/136","active":true,"stats":{"atk":70,"def":138,"spa":136,"spd":138,"spe":117},"moves":["blizzard","nastyplot","willowisp","thunderbolt"],"baseAbility":"levitate","item":"blunderpolicy","pokeball":"pokeball","ability":"levitate","commanding":false,"reviving":false,"teraType":"Electric","terastallized":""},{"ident":"p2: Kingdra","details":"Kingdra, L50, M","condition":"161/161","active":true,"stats":{"atk":100,"def":126,"spa":126,"spd":126,"spe":116},"moves":["dracometeor","raindance","muddywater","protect"],"baseAbility":"swiftswim","item":"lifeorb","pokeball":"pokeball","ability":"swiftswim","commanding":false,"reviving":false,"teraType":"Water","terastallized":""},{"ident":"p2: Crawdaunt","details":"Crawdaunt, L50, F","condition":"149/149","active":false,"stats":{"atk":151,"def":116,"spa":121,"spd":86,"spe":86},"moves":["crabhammer","knockoff","aquajet","closecombat"],"baseAbility":"adaptability","item":"choiceband","pokeball":"pokeball","ability":"adaptability","commanding":false,"reviving":false,"teraType":"Fighting","terastallized":""},{"ident":"p2: Zapdos","details":"Zapdos, L50","condition":"176/176","active":false,"stats":{"atk":95,"def":116,"spa":156,"spd":121,"spe":131},"moves":["hurricane","tailwind","roost","thunderbolt"],"baseAbility":"static","item":"sitrusberry","pokeball":"pokeball","ability":"static","commanding":false,"reviving":false,"teraType":"Electric","terastallized":""},{"ident":"p2: Squawkabilly","details":"Squawkabilly, L50, M","condition":"168/168","active":false,"stats":{"atk":127,"def":82,"spa":76,"spd":82,"spe":123},"moves":["bravebird","quickattack","doubleedge","protect"],"baseAbility":"intimidate","item":"lifeorb","pokeball":"pokeball","ability":"intimidate","commanding":false,"reviving":false,"teraType":"Flying","terastallized":""},{"ident":"p2: Hitmonchan","details":"Hitmonchan, L50, M","condition":"136/136","active":false,"stats":{"atk":136,"def":110,"spa":66,"spd":141,"spe":107},"moves":["closecombat","fakeout","poisonjab","knockoff"],"baseAbility":"innerfocus","item":"assaultvest","pokeball":"pokeball","ability":"innerfocus","commanding":false,"reviving":false,"teraType":"Dark","terastallized":""}]}}