update
|t:|1765328146
|gametype|doubles
|player|p1|Bot1||
|player|p2|Bot2||
|gen|9
|tier|[Gen 9] VGC 2026 Reg F
|rule|Species Clause: Limit one of each Pokémon
|rule|Item Clause: Limit 1 of each item
|clearpoke
|poke|p1|Dragapult, L50, F|
|poke|p1|Iron Valiant, L50|
|poke|p1|Leavanny, L50, M|
|poke|p1|Feraligatr, L50, F|
|poke|p1|Keldeo-Resolute, L50|
|poke|p1|Regice, L50|
|poke|p2|Sneasler, L50, F|
|poke|p2|Raikou, L50|
|poke|p2|Ludicolo, L50, F|
|poke|p2|Terapagos, L50, F|
|poke|p2|Scovillain, L50, M|
|poke|p2|Mismagius, L50, M|
|teampreview|4
|split|p1
|uhtml|otsrequest|<button name="send" value="/acceptopenteamsheets" class="button" style="margin-right: 10px;"><strong>Accept Open Team Sheets</strong></button><button name="send" value="/rejectopenteamsheets" class="button" style="margin-top: 10px"><strong>Deny Open Team Sheets</strong></button>

|split|p2
|uhtml|otsrequest|<button name="send" value="/acceptopenteamsheets" class="button" style="margin-right: 10px;"><strong>Accept Open Team Sheets</strong></button><button name="send" value="/rejectopenteamsheets" class="button" style="margin-top: 10px"><strong>Deny Open Team Sheets</strong></button>

sideupdate
p1
|request|{"teamPreview":true,"maxChosenTeamSize":4,"side":{"name":"Bot1","id":"p1","pokemon":[{"ident":"p1: Dragapult","details":"Dragapult, L50, F","condition":"174/174","active":true,"stats":{"atk":151,"def":106,"spa":131,"spd":106,"spe":173},"moves":["dracometeor","dragondarts","shadowball","protect"],"baseAbility":"clearbody","item":"lifeorb","pokeball":"pokeball","ability":"clearbody","commanding":false,"reviving":false,"teraType":"Dragon","terastallized":""},{"ident":"p1: Iron Valiant","details":"Iron Valiant, L50","condition":"160/160","active":true,"stats":{"atk":161,"def":121,"spa":151,"spd":91,"spe":147},"moves":["encore","protect","dazzlinggleam","closecombat"],"baseAbility":"quarkdrive","item":"lifeorb","pokeball":"pokeball","ability":"quarkdrive","commanding":false,"reviving":false,"teraType":"Fighting","terastallized":""},{"ident":"p1: Leavanny","details":"Leavanny, L50, M","condition":"161/161","active":false,"stats":{"atk":134,"def":111,"spa":101,"spd":111,"spe":123},"moves":["pollenpuff","leafblade","stickyweb","knockoff"],"baseAbility":"swarm","item":"sitrusberry","pokeball":"pokeball","ability":"swarm","commanding":false,"reviving":false,"teraType":"Water","terastallized":""},{"ident":"p1: Feraligatr","details":"Feraligatr, L50, F","condition":"171/171","active":false,"stats":{"atk":136,"def":131,"spa":110,"spd":114,"spe":109},"moves":["protect","dragondance","icepunch","liquidation"],"baseAbility":"sheerforce","item":"lifeorb","pokeball":"pokeball","ability":"sheerforce","commanding":false,"reviving":false,"teraType":"Fire","terastallized":""},{"ident":"p1: Keldeo","details":"Keldeo-Resolute, L50","condition":"177/177","active":false,"stats":{"atk":77,"def":121,"spa":160,"spd":121,"spe":139},"moves":["vacuumwave","secretsword","muddywater","hydropump"],"baseAbility":"justified","item":"choicespecs","pokeball":"pokeball","ability":"justified","commanding":false,"reviving":false,"teraType":"Fighting","terastallized":""},{"ident":"p1: Regice","details":"Regice, L50","condition":"166/166","active":false,"stats":{"atk":55,"def":131,"spa":131,"spd":231,"spe":81},"moves":["thunderbolt","icebeam","icywind","protect"],"baseAbility":"clearbody","item":"sitrusberry","pokeball":"pokeball","ability":"clearbody","commanding":false,"reviving":false,"teraType":"Water","terastallized":""}]}}

sideupdate
p2
|request|{"teamPreview":true,"maxChosenTeamSize":4,"side":{"name":"Bot2","id":"p2","pokemon":[{"ident":"p2: Sneasler","details":"Sneasler, L50, F","condition":"166/166","active":true,"stats":{"atk":161,"def":91,"spa":71,"spd":111,"spe":151},"moves":["throatchop","direclaw","closecombat","fakeout"],"baseAbility":"poisontouch","item":"focussash","pokeball":"pokeball","ability":"poisontouch","commanding":false,"reviving":false,"teraType":"Poison","terastallized":""},{"ident":"p2: Raikou","details":"Raikou, L50","condition":"176/176","active":true,"stats":{"atk":90,"def":106,"spa":146,"spd":131,"spe":146},"moves":["scald","voltswitch","thunderbolt","protect"],"baseAbility":"innerfocus","item":"sitrusberry","pokeball":"pokeball","ability":"innerfocus","commanding":false,"reviving":false,"teraType":"Water","terastallized":""},{"ident":"p2: Ludicolo","details":"Ludicolo, L50, F","condition":"166/166","active":false,"stats":{"atk":75,"def":101,"spa":121,"spd":131,"spe":101},"moves":["muddywater","raindance","protect","energyball"],"baseAbility":"swiftswim","item":"lifeorb","pokeball":"pokeball","ability":"swiftswim","commanding":false,"reviving":false,"teraType":"Water","terastallized":""},{"ident":"p2: Terapagos","details":"Terapagos, L50, F","condition":"176/176","active":false,"stats":{"atk":70,"def":116,"spa":96,"spd":116,"spe":91},"moves":["calmmind","earthpower","protect","terastarstorm"],"baseAbility":"terashift","item":"sitrusberry","pokeball":"pokeball","ability":"terashift","commanding":false,"reviving":false,"teraType":"Stellar","terastallized":""},{"ident":"p2: Scovillain","details":"Scovillain, L50, M","condition":"151/151","active":false,"stats":{"atk":113,"def":96,"spa":139,"spd":96,"spe":106},"moves":["burningjealousy","fireblast","energyball","leafstorm"],"baseAbility":"chlorophyll","item":"choicespecs","pokeball":"pokeball","ability":"chlorophyll","commanding":false,"reviving":false,"teraType":"Fire","terastallized":""},{"ident":"p2: Mismagius","details":"Mismagius, L50, M","condition":"146/146","active":false,"stats":{"atk":65,"def":91,"spa":136,"spd":136,"spe":136},"moves":["thunderbolt","mysticalfire","dazzlinggleam","shadowball"],"baseAbility":"levitate","item":"choicespecs","pokeball":"pokeball","ability":"levitate","commanding":false,"reviving":false,"teraType":"Electric","terastallized":""}]}}