|t:|1765336020
|gametype|doubles
|player|p1|Bot1||
|player|p2|Bot2||
|gen|9
|tier|[Gen 9] VGC 2026 Reg F
|rule|Species Clause: Limit one of each Pokémon
|rule|Item Clause: Limit 1 of each item
|clearpoke
|poke|p1|Iron Leaves, L50|
|poke|p1|Brambleghast, L50, M|
|poke|p1|Froslass, L50, F|
|poke|p1|Phione, L50|
|poke|p1|Dragalge, L50, F|
|poke|p1|Sudowoodo, L50, F|
|poke|p2|Cramorant, L50, F|
|poke|p2|Rhyperior, L50, M|
|poke|p2|Oinkologne-F, L50, F|
|poke|p2|Mesprit, L50|
|poke|p2|Hatterene, L50, F|
|poke|p2|Palossand, L50, F|
|teampreview|4
|uhtml|otsrequest|<button name="send" value="/acceptopenteamsheets" class="button" style="margin-right: 10px;"><strong>Accept Open Team Sheets</strong></button><button name="send" value="/rejectopenteamsheets" class="button" style="margin-top: 10px"><strong>Deny Open Team Sheets</strong></button>
|uhtml|otsrequest|<button name="send" value="/acceptopenteamsheets" class="button" style="margin-right: 10px;"><strong>Accept Open Team Sheets</strong></button><button name="send" value="/rejectopenteamsheets" class="button" style="margin-top: 10px"><strong>Deny Open Team Sheets</strong></button>
|
|t:|1765336020
|teamsize|p1|4
|teamsize|p2|4
|start
|uhtmlchange|otsrequest|
|uhtmlchange|otsrequest|
|switch|p1a: Iron Leaves|Iron Leaves, L50|176/176
|switch|p1b: Brambleghast|Brambleghast, L50, M|141/141
|switch|p2a: Cramorant|Cramorant, L50, F|156/156
|switch|p2b: Rhyperior|Rhyperior, L50, M|201/201
|turn|1
|
|t:|1765336020
|move|p1a: Iron Leaves|Protect|p1a: Iron Leaves
|-singleturn|p1a: Iron Leaves|Protect
|move|p1b: Brambleghast|Protect|p1b: Brambleghast
|-singleturn|p1b: Brambleghast|Protect
|move|p2a: Cramorant|Protect|p2a: Cramorant
|-singleturn|p2a: Cramorant|Protect
|move|p2b: Rhyperior|Protect||[still]
|-fail|p2b: Rhyperior
|
|upkeep
|turn|2
|
|t:|1765336020
|move|p1a: Iron Leaves|Protect|p1a: Iron Leaves
|-singleturn|p1a: Iron Leaves|Protect
|move|p1b: Brambleghast|Power Whip|p2b: Rhyperior
|-supereffective|p2b: Rhyperior
|-damage|p2b: Rhyperior|0 fnt
|faint|p2b: Rhyperior
|-damage|p1b: Brambleghast|127/141|[from] item: Life Orb
|move|p2a: Cramorant|Surf|p1b: Brambleghast|[spread] p1b
|-activate|p1a: Iron Leaves|move: Protect
|-formechange|p2a: Cramorant|Cramorant-Gulping|
|-resisted|p1b: Brambleghast
|-damage|p1b: Brambleghast|103/141
|
|upkeep
|
|t:|1765336020
|switch|p2b: Mesprit|Mesprit, L50|166/166
|turn|3
|
|t:|1765336020
|move|p2b: Mesprit|Thunderbolt|p1b: Brambleghast
|-resisted|p1b: Brambleghast
|-damage|p1b: Brambleghast|78/141
|-status|p1b: Brambleghast|par
|move|p1a: Iron Leaves|Close Combat|p2b: Mesprit
|-resisted|p2b: Mesprit
|-damage|p2b: Mesprit|127/166
|-unboost|p1a: Iron Leaves|def|1
|-unboost|p1a: Iron Leaves|spd|1
|-damage|p1a: Iron Leaves|159/176|[from] item: Life Orb
|move|p2a: Cramorant|Surf|p1a: Iron Leaves|[spread] p2b,p1a,p1b
|-resisted|p1a: Iron Leaves
|-resisted|p1b: Brambleghast
|-damage|p2b: Mesprit|91/166
|-damage|p1a: Iron Leaves|135/176
|-damage|p1b: Brambleghast|55/141 par
|move|p1b: Brambleghast|Power Whip|p2a: Cramorant
|-damage|p2a: Cramorant|0 fnt
|-damage|p1b: Brambleghast|20/141 par|[from] ability: Gulp Missile|[of] p2a: Cramorant
|-unboost|p1b: Brambleghast|def|1
|-formechange|p2a: Cramorant|Cramorant|
|faint|p2a: Cramorant
|-damage|p1b: Brambleghast|6/141 par|[from] item: Life Orb
|
|upkeep
|
|t:|1765336020
|switch|p2a: Oinkologne|Oinkologne-F, L50, F|201/201
|turn|4
|
|t:|1765336020
|move|p1a: Iron Leaves|Protect|p1a: Iron Leaves
|-singleturn|p1a: Iron Leaves|Protect
|move|p2b: Mesprit|Thunderbolt|p1a: Iron Leaves
|-activate|p1a: Iron Leaves|move: Protect
|move|p2a: Oinkologne|Lash Out|p1b: Brambleghast
|-supereffective|p1b: Brambleghast
|-damage|p1b: Brambleghast|0 fnt
|faint|p1b: Brambleghast
|
|upkeep
|
|t:|1765336020
|switch|p1b: Froslass|Froslass, L50, F|156/156
|turn|5
|
|t:|1765336020
|move|p2b: Mesprit|Thunderbolt|p1a: Iron Leaves
|-resisted|p1a: Iron Leaves
|-damage|p1a: Iron Leaves|106/176
|move|p1b: Froslass|Triple Axel|p2a: Oinkologne
|-damage|p2a: Oinkologne|186/201
|-damage|p2a: Oinkologne|159/201
|-damage|p2a: Oinkologne|120/201
|-hitcount|p2a: Oinkologne|3
|move|p1a: Iron Leaves|Close Combat|p2b: Mesprit
|-resisted|p2b: Mesprit
|-damage|p2b: Mesprit|53/166
|-unboost|p1a: Iron Leaves|def|1
|-unboost|p1a: Iron Leaves|spd|1
|-damage|p1a: Iron Leaves|89/176|[from] item: Life Orb
|move|p2a: Oinkologne|Yawn|p1b: Froslass
|-start|p1b: Froslass|move: Yawn|[of] p2a: Oinkologne
|
|upkeep
|turn|6
|
|t:|1765336020
|move|p2b: Mesprit|Thunderbolt|p1b: Froslass
|-damage|p1b: Froslass|104/156
|move|p1b: Froslass|Poltergeist|p2b: Mesprit
|-activate|p2b: Mesprit|move: Poltergeist|Choice Scarf
|-supereffective|p2b: Mesprit
|-damage|p2b: Mesprit|0 fnt
|faint|p2b: Mesprit
|move|p1a: Iron Leaves|Leaf Blade|p2a: Oinkologne
|-damage|p2a: Oinkologne|13/201
|-enditem|p2a: Oinkologne|Wiki Berry|[eat]
|-heal|p2a: Oinkologne|80/201|[from] item: Wiki Berry
|-damage|p1a: Iron Leaves|72/176|[from] item: Life Orb
|move|p2a: Oinkologne|Yawn|p1a: Iron Leaves
|-start|p1a: Iron Leaves|move: Yawn|[of] p2a: Oinkologne
|
|-end|p1b: Froslass|move: Yawn|[silent]
|-status|p1b: Froslass|slp
|upkeep
|turn|7
|
|t:|1765336020
|cant|p1b: Froslass|slp
|move|p1a: Iron Leaves|Leaf Blade|p2a: Oinkologne
|-damage|p2a: Oinkologne|0 fnt
|faint|p2a: Oinkologne
|-damage|p1a: Iron Leaves|55/176|[from] item: Life Orb
|
|win|Bot1